	
	
	
	
	
	
	
	
	
	
	
	
	
	
	
	
	
	
	
	
	
	
	
	
	
	
	
	
	
	
	
	
	
	
	
	
	
	
	
	
	
	
	
	
	
	
	
	
	
	
	
	
	
	
	
	
	
	
	
	
	
	
	
	
	
	
	
	
	
	
	
	
	
	
	
	
	
	
	
	
	
	
	
	
	
	
	
	
	
	
	
	
	
	
	
	
	
	
	
	
	
	
	
	
	
	
	
	
	
	
	
	
		
	a
	a
	a
	a
	a
	a
	a
	a
	a
	a
	a
	a
	a
	a
	a
	a
	a
	a
	abate
	about
	about
	accompany
	according
	acquaintance
	adieu
	ah
	alack
	all
	all
	all
	all
	already
	although
	am
	am
	an
	an
	an
	and
	and
	and
	and
	and
	and
	and
	and
	and
	and
	and
	and
	and
	and
	and
	and
	and
	and
	and
	and
	and
	and
	and
	and
	and
	and
	and
	and
	and
	and
	and
	and
	and
	and
	and
	and
	and
	and
	and
	and
	and
	and
	and
	and
	and
	and
	and
	and
	and
	and
	and
	and
	and
	and
	and
	and
	and
	and
	and
	and
	and
	and
	and
	and
	and
	and
	and
	and
	and
	and
	and
	and
	and
	and
	and
	and
	and
	and
	and
	and
	and
	and
	and
	and
	and
	and
	and
	and
	and
	and
	and
	and
	and
	and
	and
	and
	and
	and
	and
	and
	and
	and
	and
	and
	and
	and
	and
	and
	and
	and
	and
	and
	and
	and
	and
	and
	and
	anon
	anon
	another
	answer
	apollo
	approach
	are
	are
	are
	are
	as
	as
	as
	as
	as
	as
	as
	as
	as
	as
	at
	at
	at
	athens
	attendants
	away
	ay
	ay
	back
	be
	be
	be
	be
	bearing
	because
	because
	because
	becomes
	bedabbled
	beetles
	beg
	begin
	behind
	being
	better
	between
	between
	both
	both
	bring
	but
	but
	but
	but
	but
	but
	but
	but
	but
	but
	but
	but
	but
	but
	but
	but
	but
	but
	but
	but
	but
	but
	but
	but
	but
	but
	but
	but
	but
	but
	but
	but
	but
	but
	but
	but
	by
	by
	by
	by
	by
	by
	call
	came
	can
	cannot
	chamber
	chamber
	churl
	clean
	cobweb
	come
	come
	come
	come
	come
	come
	come
	come
	come
	comedy
	consider
	could
	crook
	crystal
	cupid
	cursed
	cut
	dance
	day
	dead
	dead
	dead
	defect
	deny
	deserve
	desire
	despised
	devoured
	dian
	did
	did
	did
	did
	discharged
	discourse
	discretion
	dispatch
	do
	do
	do
	doth
	draw
	dry
	due
	durst
	each
	effect
	egeus
	either
	enough
	enrings
	entreat
	epilogue
	epilogue
	even
	every
	every
	excuse
	extremely
	eyes
	fair
	fair
	fairies
	fall
	fann
	feed
	fie
	fingers
	for
	for
	for
	for
	for
	for
	for
	for
	for
	for
	for
	for
	for
	for
	for
	for
	for
	for
	for
	for
	for
	for
	for
	for
	for
	for
	for
	for
	for
	for
	forsook
	from
	from
	from
	from
	from
	gentle
	gently
	go
	go
	goblin
	good
	good
	good
	good
	good
	had
	half
	happy
	hast
	hate
	hath
	have
	have
	have
	have
	have
	he
	he
	he
	he
	he
	he
	heavens
	helen
	helena
	helena
	hence
	hence
	henceforth
	her
	her
	her
	her
	here
	here
	here
	here
	here
	here
	hie
	his
	his
	his
	hit
	honey
	hop
	how
	how
	how
	how
	how
	how
	how
	how
	humble
	i
	i
	i
	i
	i
	i
	i
	i
	i
	i
	i
	i
	i
	i
	i
	i
	i
	i
	i
	i
	i
	i
	i
	i
	i
	i
	i
	i
	i
	i
	i
	i
	i
	i
	i
	i
	i
	i
	i
	i
	i
	i
	i
	if
	if
	if
	if
	if
	if
	if
	if
	if
	if
	impaired
	impatient
	in
	in
	in
	in
	in
	in
	in
	in
	in
	in
	in
	in
	in
	in
	in
	injurious
	intended
	into
	into
	invisible
	is
	is
	is
	is
	is
	is
	is
	it
	it
	it
	it
	it
	it
	jack
	joy
	judge
	lamenting
	lanthorn
	latter
	lay
	lay
	leave
	leave
	lest
	let
	let
	let
	let
	let
	let
	lie
	lie
	like
	like
	like
	like
	lion
	look
	look
	look
	lord
	love
	love
	love
	love
	love
	lovers
	lovers
	lovers
	lovers
	lull
	lulla
	lying
	lysander
	lysander
	lysander
	made
	made
	made
	make
	make
	make
	make
	make
	makes
	man
	man
	man
	master
	masters
	may
	may
	may
	may
	may
	me
	melted
	men
	merry
	methinks
	methought
	methought
	methought
	mine
	mine
	mine
	moon
	more
	more
	more
	more
	most
	most
	mother
	mounsieur
	must
	must
	mustardseed
	mustardseed
	my
	my
	my
	my
	my
	my
	my
	my
	myself
	nay
	near
	near
	neglect
	never
	never
	never
	newts
	night
	no
	no
	no
	nod
	nor
	nor
	nor
	nor
	nor
	not
	not
	not
	not
	not
	nought
	now
	now
	now
	now
	now
	now
	now
	now
	now
	now
	now
	now
	now
	o
	o
	o
	o
	o
	o
	o
	o
	o
	o
	o
	o
	of
	of
	of
	of
	of
	of
	of
	of
	of
	of
	of
	of
	of
	of
	of
	of
	on
	on
	on
	on
	one
	one
	one
	opening
	or
	or
	or
	or
	or
	or
	or
	our
	our
	our
	our
	out
	out
	out
	out
	out
	own
	pair
	paramour
	pard
	part
	parted
	peaseblossom
	peradventure
	peter
	philomel
	philomel
	pierced
	play
	pleading
	precious
	present
	presenteth
	pretty
	prove
	pumps
	puts
	pyramus
	pyramus
	pyramus
	pyramus
	pyramus
	quail
	quite
	reason
	reason
	rising
	run
	save
	say
	say
	scorn
	see
	see
	see
	see
	seeking
	seem
	seem
	seen
	sees
	sever
	shall
	shall
	she
	she
	should
	should
	show
	since
	since
	since
	sing
	sing
	sink
	sixpence
	sixpence
	sleep
	sleep
	slow
	so
	so
	so
	so
	so
	so
	so
	so
	so
	so
	so
	so
	so
	so
	so
	so
	so
	so
	some
	some
	some
	some
	sometime
	speak
	speak
	speak
	speech
	spy
	stage
	starveling
	steal
	stood
	such
	such
	such
	such
	sweet
	swifter
	swifter
	take
	take
	takes
	talk
	tearing
	tell
	tell
	telling
	than
	than
	than
	than
	thanks
	that
	that
	that
	that
	that
	that
	that
	that
	that
	that
	that
	that
	that
	that
	that
	that
	that
	that
	that
	that
	that
	that
	that
	that
	that
	that
	that
	that
	that
	that
	that
	that
	that
	that
	that
	that
	that
	that
	the
	the
	the
	the
	the
	the
	the
	the
	the
	the
	the
	the
	the
	the
	the
	the
	the
	the
	the
	the
	the
	the
	the
	the
	the
	the
	the
	the
	the
	the
	the
	the
	the
	the
	the
	the
	the
	the
	the
	the
	the
	the
	their
	themselves
	then
	then
	then
	then
	then
	then
	then
	then
	there
	there
	there
	there
	there
	thereby
	therefore
	therefore
	therefore
	these
	these
	these
	these
	these
	these
	they
	they
	things
	things
	this
	this
	this
	this
	this
	this
	this
	this
	this
	this
	this
	this
	this
	this
	this
	this
	this
	thisbe
	thisby
	thorn
	thorny
	thou
	thou
	thou
	thou
	thou
	thou
	thou
	thou
	though
	throttle
	through
	through
	through
	thus
	thus
	thus
	thus
	thy
	thy
	thy
	thy
	thy
	tie
	till
	titania
	titania
	to
	to
	to
	to
	to
	to
	to
	to
	to
	to
	to
	to
	to
	to
	to
	to
	to
	to
	to
	to
	to
	to
	to
	to
	to
	to
	to
	to
	to
	to
	to
	to
	to
	to
	to
	to
	to
	tongue
	tongue
	tragedy
	translated
	transparent
	transported
	trip
	troop
	true
	turns
	turns
	two
	two
	two
	two
	uncouple
	unless
	unworthy
	use
	vision
	wait
	wake
	wall
	was
	was
	was
	was
	was
	we
	we
	we
	we
	we
	we
	we
	we
	we
	we
	we
	weapons
	weaving
	wedded
	weed
	weeds
	weigh
	were
	were
	what
	what
	what
	what
	what
	what
	what
	what
	what
	what
	what
	what
	what
	when
	when
	when
	when
	when
	when
	when
	when
	when
	when
	when
	when
	when
	when
	when
	when
	when
	when
	when
	when
	when
	when
	where
	where
	where
	where
	where
	where
	where
	whereat
	wherein
	which
	which
	which
	which
	which
	which
	which
	which
	which
	which
	which
	while
	while
	whiles
	whilst
	whilst
	who
	who
	who
	whom
	whose
	whose
	why
	why
	why
	wild
	will
	will
	will
	will
	wink
	with
	with
	with
	with
	with
	with
	with
	with
	with
	with
	with
	with
	with
	with
	with
	with
	with
	with
	with
	without
	without
	worm
	worship
	would
	write
	written
	yet
	yet
	yet
	you
	you
	you
	you
	you
	you
	you
	you
	you
	you
	you
	you
	you
	you
	you
	you
	you
	your
	your
	your
	yourself
Binary file (standard input) matches
a
a
a
a
a
a
a
a
a
a
a
a
a
a
a
a
a
a
a
a
a
a
a
a
a
a
a
a
a
a
a
a
a
a
a
a
a
a
a
a
a
a
a
a
a
a
a
a
a
a
a
a
a
a
a
a
a
a
a
a
a
a
a
a
a
a
a
a
a
a
a
a
a
a
a
a
a
a
a
a
a
a
a
a
a
a
a
a
a
a
a
a
a
a
a
a
a
a
a
a
a
a
a
a
a
a
a
a
a
a
a
a
a
a
a
a
a
a
a
a
a
a
a
a
a
a
a
a
a
a
a
a
a
a
a
a
a
a
a
a
a
a
a
a
a
a
a
a
a
a
a
a
a
a
a
a
a
a
a
a
a
a
a
a
a
abide
able
able
about
about
about
abridgement
absence
abused
aby
aby
accent
accidents
ace
ace
acheron
acorn
acquaintance
acquaintance
act
act
act
act
act
act
action
action
actor
actors
actors
adder
adder
adder
address
address
adieu
adieu
admirable
advance
advancing
advantage
afeard
afeard
affair
affection
affright
afraid
afraid
after
after
again
again
again
again
again
again
again
again
against
against
against
age
airy
airy
alack
alack
alack
all
all
all
all
all
all
all
all
all
all
all
all
all
all
all
all
all
all
all
all
all
all
all
all
all
all
all
all
all
all
all
all
all
all
all
all
all
all
all
all
all
all
all
all
all
all
all
all
all
all
all
all
all
all
all
all
all
all
all
all
all
all
all	where
almanac
almost
almost
alone
alone
alone
alone
alone
alone
aloof
already
already
alter
am
am
am
am
am
am
am
am
am
am
am
am
am
am
am
am
am
am
am
am
am
am
am
am
am
am
am
am
am
am
am
am
am
am
am
am
am
am
am
am
am
amazed
amazed
amazedly
amen
amend
amiable
amiss
amity
among
among
an
an
an
an
an
an
an
an
an
an
an
an
an
an
an
an
an
an
an
an
an
an
an
an
ancient
and
and
and
and
and
and
and
and
and
and
and
and
and
and
and
and
and
and
and
and
and
and
and
and
and
and
and
and
and
and
and
and
and
and
and
and
and
and
and
and
and
and
and
and
and
and
and
and
and
and
and
and
and
and
and
and
and
and
and
and
and
and
and
and
and
and
and
and
and
and
and
and
and
and
and
and
and
and
and
and
and
and
and
and
and
and
and
and
and
and
and
and
and
and
and
and
and
and
and
and
and
and
and
and
and
and
and
and
and
and
and
and
and
and
and
and
and
and
and
and
and
and
and
and
and
and
and
and
and
and
and
and
and
and
and
and
and
and
and
and
and
and
and
and
and
and
and
and
and
and
and
and
and
and
and
and
and
and
and
and
and
and
and
and
and
and
and
and
and
and
and
and
and
and
and
and
and
and
and
and
and
and
and
and
and
and
and
and
and
and
and
and
and
and
and
and
and
and
and
and
and
and
and
and
and
and
and
and
and
and
and
and
and
and
and
and
and
and
and
and
and
and
and
and
and
and
and
and
and
and
and
and
and
and
and
and
and
and
and
and
and
and
and
and
and
and
and
and
and
and
and
and
and
and
and
and
and
and
and
and
and
and
and
and
and
and
and
and
and
and
and
and
and
angel
angry
anguish
anoint
anon
anon
another
another
another
another
answer
answer
answer
answer
answered
answers
antipodes
antique
any
any
any
anything
apparel
apparel
appear
appear
appear
appears
appears
apple
apply
apprehend
apprehend
apprehension
approach
approach
approach
approach
approve
apricocks
apt
archery
are
are
are
are
are
are
are
are
are
are
are
are
are
are
are
are
are
are
are
are
are
are
are
are
are
are
are
are
are
are
are
are
are
are
are
are
are
are
are
are
are
are
are
are
are
are
are
are
argument
arise
arise
arms
arrow
art
art
art
art
art
art
art
art
art
art
art
art
art
art
artificial
as
as
as
as
as
as
as
as
as
as
as
as
as
as
as
as
as
as
as
as
as
as
as
as
as
as
as
as
as
as
as
as
as
as
as
as
as
as
as
as
as
as
as
as
as
as
as
as
as
as
as
as
as
as
as
as
as
as
as
as
as
as
as
as
as
as
aside
aside
ask
ask
asleep
asleep
asleep
asleep
asleep
asleep
asleep
ass
ass
ass
ass
ass
ass
ass
ass
asses
asshead
assurance
assure
astray
asunder
at
at
at
at
at
at
at
at
at
at
at
at
at
at
at
at
at
at
at
at
at
at
at
at
at
at
at
athenian
athenian
athenian
athenian
athenian
athenian
athenian
athenian
athenian
athenian
athenian
athenian
athenian
athenian
athens
athens
athens
athens
athens
athens
athens
athens
athens
athens
athens
attend
attend
attendant
attending
attractive
audacious
auditor
aught
aurora
awake
awake
awake
awake
awake
awake
awaked
awaking
awaking
awaking
awaking
awaking
awaking
away
away
away
away
away
away
away
away
away
away
away
away
away
away
away
aweary
awhile
awhile
awhile
ay
aye
bacchanals
bachelor
back
back
back
back
back
back
back
badge
bag
bag
bag
bags
bait
balance
ballad
band
bank
bank
bankrupt
barber
bark
barky
barren
bashfulness
battle
batty
bay
be
be
be
be
be
be
be
be
be
be
be
be
be
be
be
be
be
be
be
be
be
be
be
be
be
be
be
be
be
be
be
be
be
be
be
be
be
be
be
be
be
be
be
be
be
be
be
be
be
be
be
be
be
be
be
be
be
be
be
be
be
be
be
be
be
be
be
be
be
be
bead
beams
beams
bear
bear
bear
bear
bear
bear
bear
bear
bear
beards
beast
beast
beast
beasts
beasts
beasts
beat
beauteous
beautiful
beauty
becomes
bed
bed
bed
bed
bed
bed
bed
bed
bed
bed
bed
bed
beds
bee
beef
been
been
been
bees
befal
befall
before
before
before
before
before
beg
beg
beg
begg
beggary
begin
begin
begin
beginning
begone
beguile
beguiled
behalf
behind
behind
behind
behowls
being
being
being
being
being
believe
believe
believe
believe
bellows
bells
bent
bequeath
bergomask
bergomask
berries
beseech
beseech
beshrew
besides
best
best
best
best
best
best
bethink
betroth
better
better
better
between
between
between
bewail
bid
bid
bid
bid
bide
bill
bird
bird
birds
bitter
bitter
bitter
bitter
black
black
black
black
black
blade
blade
blade
blamed
blameful
blameless
bless
bless
bless
bless
blessed
blessed
blessed
blind
blink
bliss
bliss
blood
blood
blood
blood
blood
bloody
bloody
bloody
blossom
blows
boar
board
bodies
bodies
bog
boiling
bold
bond
bond
bones
book
bootless
bored
born
born
bosom
bosoms
bosoms
bosoms
both
both
both
both
both
both
both
both
bottle
bottom
bottom
bottom
bottom
bottom
bottom
bottom
bottom
bottom
bottom
bottom
bottom
bottom
bottom
bottom	
bottom	
bottom	
bottom	
bottom	a
bottom	are
bottom	give
bottom	good
bottom	i
bottom	i
bottom	i
bottom	i
bottom	i
bottom	i
bottom	if
bottom	masters
bottom	masters
bottom	methinks
bottom	mounsieur
bottom	nay
bottom	no
bottom	not
bottom	not
bottom	not
bottom	nothing
bottom	peter
bottom	scratch
bottom	some
bottom	there
bottom	thisby
bottom	truly
bottom	what
bottom	where
bottom	where
bottom	why
bottom	why
bounds
bow
bower
bower
bower
boy
boy
bragging
brains
brake
brake
brake
brake
brakes
brands
brave
bravely
bread
break
break
break
breast
breast
breast
breath
breath
breath
breath
breath
bred
brief
brief
brief
brief
brief
brier
brier
briers
briers
bright
bright
bright
bring
bring
bring
bring
bring
bring
bringer
brings
brisky
bristled
broach
broke
brother
brought
brow
brow
brows
bud
buds
buds
bulls
bully
bully
burial
burn
burr
bury
bush
bush
bush
bush
bush
bush
bush
bushes
business
but
but
but
but
but
but
but
but
but
but
but
but
but
but
but
but
but
but
but
but
but
but
but
but
but
but
but
but
but
but
but
but
but
but
but
but
but
but
but
but
but
but
but
but
but
but
but
butterflies
buy
by
by
by
by
by
by
by
by
by
by
by
by
by
by
by
by
by
by
by
by
by
by
by
by
by
by
by
by
by
by
by
by
by
c
cadmus
calendar
calendar
call
call
call
called
calls
calls
came
came
came
came
came
came
came
came
came
can
can
can
can
can
can
can
can
can
can
can
can
can
can
can
can
can
can
can
can
can
can
can
can
candle
canker
cankers
cannot
cannot
cannot
cannot
cannot
cannot
cannot
cannot
cannot
cannot
canopied
canst
capacity
captain
carcass
care
care
carried
carries
carries
carry
carry
case
casement
casement
cast
cast
cast
cat
cat
catch
catch
cause
cause
cause
cavalery
cawing
celestial
centaurs
centre
ceremony
certain
certain
chain
chamber
chance
change
change
change
changed
changed
changeling
charge
charged
charm
charm
charm
charmed
charmeth
chase
chase
chastity
cheek
cheeks
cheeks
cheer
cheer
cheer
cherries
cherry
cherry
cherry
chid
chid
chide
chide
chiding
child
child
child
childhood
childhood
chink
chink
chink
chink
chink
choice
choice
choughs
chronicled
church
churchyards
circumference
city
civil
clamorous
claws
clear
clerks
close
close
clouds
coats
coats
cobweb
cobweb
cobweb
cobweb
cobweb
cobweb
cobweb	
cobweb	cobweb
cobweb	hail
cobweb	ready
cock
cock
coil
cold
colour
colt
come
come
come
come
come
come
come
come
come
come
come
come
come
come
come
come
come
come
come
come
come
come
come
come
come
come
come
come
come
come
come
come
come
come
comedy
comes
comes
comes
comes
comes
comes
comes
comes
comes
comes
comes
comes
comes
comest
comfort
comforts
coming
coming
coming
commend
commit
committ
common
common
compact
company
company
company
company
company
company
compare
compare
compare
compass
compel
compel
comprehends
comprehends
conceive
conclude
conclusion
concord
concord
confederacy
conference
confess
confess
confound
confounding
confusion
congealed
conjoin
conjunction
conjure
conn
conqueror
conscience
consecrated
consent
consent
consent
consider
consort
conspired
constancy
constraineth
content
content
contest
contrived
convenient
cool
coronet
costs
could
could
could
could
could
could
could
counsel
counsel
counsels
counterfeit
counterfeit
counterfeiting
country
couple
couples
courageous
courteous
courteous
courtesies
courtesy
courtesy
courtesy
courtesy
courtesy
cover
cover
coward
coward
coward
cowardice
cowardice
cowardly
cowslip
coy
cradle
crannied
cranny
cranny
crawl
crawling
created
creep
creep
creeping
creeps
crescent
crest
crete
crete
crew
cries
critical
crop
crossways
crow
crow
crowned
cruel
cruel
cruelty
crush
crush
cry
cry
cry
cry
cuckoo
cuckoo
cue
cue
cue
cue
cues
cunning
cupid
cupid
cur
curse
curse
curst
curst
curst
cushion
cut
cut
d
d
d
d
d
d
d
d
d
d
d
d
d
d
d
d
d
d
d
d
d
d
d
d
d
d
d
d
d
d
d
d
d
d
d
d
d
d
d
d
d
d
d
d
d
d
d
d
d
d
d
d
d
d
d
d
d
dagger
dainty
dam
dame
damned
dance
dance
dances
dances
dank
daphne
dares
dares
dares
darest
darest
darest
dark
darkling
date
daughter
day
day
day
day
day
day
day
day
day
day
day
day
day
day
day
daylight
daylight
days
days
days
dead
dead
dead
dead
dead
dead
dead
dead
dead
dead
dear
dear
dear
dear
dear
dear
dear
dear
dear
dear
dear
dearest
death
death
death
death
death
death
death
death
death
debt
deceased
deceive
deceiving
deceiving
deep
deep
deepest
defeated
defiled
deflower
delay
delay
delight
delight
delight
delight
demetrius
demetrius
demetrius
demetrius
demetrius
demetrius
demetrius
demetrius
demetrius
demetrius
demetrius
demetrius
demetrius
demetrius
demetrius
demetrius
demetrius
demetrius
demetrius
demetrius
demetrius
demetrius
demetrius
demetrius
demetrius
demetrius
demetrius
demetrius
demetrius	
demetrius	
demetrius	
demetrius	a
demetrius	abide
demetrius	an
demetrius	and
demetrius	and
demetrius	are
demetrius	ay
demetrius	disparage
demetrius	do
demetrius	follow
demetrius	he
demetrius	he
demetrius	i
demetrius	i
demetrius	i
demetrius	i
demetrius	i
demetrius	i
demetrius	if
demetrius	it
demetrius	lysander
demetrius	my
demetrius	nay
demetrius	no
demetrius	no
demetrius	no
demetrius	no
demetrius	not
demetrius	o
demetrius	quick
demetrius	so
demetrius	stay
demetrius	tempt
demetrius	the
demetrius	there
demetrius	these
demetrius	well
demetrius	why
demetrius	why
demetrius	yea
demetrius	you
demetrius	you
demetrius	you
deny
derision
derision
derision
derision
desert
deserve
deserved
desire
desire
desire
desire
desire
desire
desires
desirest
despise
despite
detest
device
device
devilish
devils
devise
dew
dew
dew
dew
dewberries
did
did
did
did
did
did
did
did
did
did
did
did
did
did
did
did
did
did
did
did
did
did
did
did
did
didst
didst
die
die
die
die
die
die
die
die
died
dies
dies
dined
dirty
discharge
discharged
discord
discord
discourse
discourse
discourse
discretion
discretion
discretion
discretion
disdainful
disdainful
disfigure
disgrace
disordered
displease
dissembling
distant
distracted
divine
divine
do
do
do
do
do
do
do
do
do
do
do
do
do
do
do
do
do
do
do
do
do
do
do
do
do
do
do
do
do
do
do
do
do
do
do
do
do
do
do
do
do
do
do
do
do
do
do
do
do
do
do
do
do
do
do
do
do
do
do
do
do
do
do
do
do
do
do
do
do
do
do
do
do
do
do
do
do
do
do
do
dog
dog
dog
dog
dog
dole
done
done
done
done
dost
dost
dost
dost
dost
dotage
dote
dote
dote
doth
doth
doth
doth
doth
doth
doth
doth
doth
doth
doth
doth
doth
doth
doth
doth
doth
doth
doth
doth
doth
doth
doth
doth
doth
doth
double
double
double
double
doubler
doubt
doubt
doubt
doubt
dove
dove
dove
down
down
down
down
down
down
down
down
down
down
down
down
down
down
dragons
draw
drawn
draws
draws
dreadful
dreadful
dream
dream
dream
dream
dream
dream
dream
dream
dream
dream
dream
dream
dream
dream
dream
dream
dreams
drew
dried
drivest
drooping
duck
duke
duke
duke
duke
duke
duke
duke
dull
dumb
dumbly
during
durst
duty
duty
duty
duty
dwarf
dwarfish
dye
e
e
e
each
each
each
ear
ear
ear
ear
ear
early
earnest
ears
ears
earth
earth
earth
ease
east
eastern
eastern
easy
eat
eat
eat
echo
effect
egeus
egeus
egeus
egeus	enough
egeus	it
egeus	my
eglantine
egypt
eight
eight
eight
eke
elm
eloquence
else
else
else
else
elves
elves
employ
enamell
enamour
enamour
end
end
end
end
end
end
ends
ends
enemies
enforced
engilds
enmity
enough
enough
enough
enough
enough
enough
enough
ensue
enter
enter
enter
enter
enter
enter
enter
enter
enter
enter
enter
enter
enter
enter
enter
enter
enter
enter
enter
enter
enter
enter
enter
enter
enter
enter
enter
enter
enter
enter
enter
enter
enter
enter
enter
enter
enter
enter
enter
enter
enter
enter
enter
enter
enter
enter
enterprise
enterprise
enthralled
entice
entreat
entreat
entwist
epilogue
er
er
er
er
er
er
er
er
er
er
er
er
er
er
er
ere
ere
ere
ere
ere
erewhile
erlook
error
error
espies
espy
esteem
esteem
eternally
ethiope
eunuch
even
even
even
even
evening
ever
ever
ever
ever
ever
ever
evermore
evermore
every
every
every
every
every
every
every
every
every
excellent
excellent
excuse
excuse
exeunt
exeunt
exeunt
exeunt
exeunt
exeunt
exeunt
exeunt
exeunt
exeunt
exeunt
exeunt
exeunt
exeunt
exile
exit
exit
exit
exit
exit
exit
exit
exit
exit
exit
exit
exit
exit
exit
exit
exit
exit
exit
exit
exit
exit
exit
exit
exit
exit
exit
exploit
exposition
expound
extort
extremity
eye
eye
eye
eye
eye
eye
eye
eye
eye
eye
eye
eye
eye
eye
eye
eye
eye
eye
eyeballs
eyed
eyelid
eyelids
eyes
eyes
eyes
eyes
eyes
eyes
eyes
eyes
eyes
eyes
eyes
eyes
eyes
eyes
eyes
eyes
eyes
eyes
eyes
eyes
eyes
eyes
eyes
eyes
eyes
eyes
eyes
eyes
eyes
eyne
eyne
eyne
fables
face
face
face
face
face
face
face
fail
faint
faintness
fair
fair
fair
fair
fair
fair
fair
fair
fair
fair
fair
fair
fair
fair
fairest
fairies
fairies
fairies
fairies
fairies
fairy
fairy
fairy
fairy
fairy
fairy
fairy
fairy
fairy
fairy
fairy
fairy
fairy	hence
faith
faith
faith
faith
faithful
fall
fall
fallen
falls
falls
false
false
false
fan
fancy
fancy
fancy
fantasies
fantasies
far
far
far
far
fare
fare
farewell
fashion
fast
fast
faster
fate
fates
fates
father
father
father
fathers
fault
favours
fawn
fear
fear
fear
fear
fear
fear
fear
fear
fear
fear
fear
fear
fear
fear
fear
fear
fearful
fearful
fearful
fears
fears
feast
fee
feel
fell
fell
fell
fellow
fellow
fellows
female
females
fetch
fetch
fie
fie
field
field
fierce
fierce
fierce
fiery
fiery
fiery
fight
fight
figs
finch
find
find
find
find
find
find
find
find
find
find
find
finds
finds
fine
fine
finger
fingers
fingers
finish
fire
fire
fire
first
first
first
first
first
first
first
fit
fitted
five
fixed
fled
fled
fled
flew
flies
flies
flight
flight
floods
floor
flourish
flout
flout
flower
flower
flower
flower
flower
flower
flower
flowerets
flowers
flowers
flowers
flowers
flowery
flowery
flute
flute
flute
flute
flute	if
flute	most
flute	must
flute	no
flute	o
flute	o
flute	you
fly
fly
fly
fly
fly
foe
fog
follow
follow
follow
follow
follow
follow
follow
follow
follow
follow
follow
follow
follow
follow
follow
follow
following
following
following
folly
fond
fond
fond
fond
food
fool
fool
fool
foolish
foolish
fools
foot
footed
for
for
for
for
for
for
for
for
for
for
for
for
for
for
for
for
for
for
for
for
for
for
for
for
for
for
for
for
for
for
for
for
for
for
for
for
for
for
for
for
for
for
for
for
for
for
for
for
for
for
for
for
for
for
for
for
for
for
for
for
for
for
for
for
for
for
for
for
for
for
for
for
for
for
for
for
for
for
for
for
for
for
forbid
forbid
force
force
force
force
fordone
forest
forester
forester
forester
forgot
forgot
forgot
former
forms
forsooth
forsooth
forth
forth
forth
forth
fortnight
fortunate
fortunately
forward
forward
foul
found
found
found
found
fountains
four
fowl
fowler
fox
fox
fox
fragrant
frame
frame
frantic
fray
fray
fray
frenzy
fresh
fresh
fresh
fret
friend
friend
friend
friend
friendly
friends
friends
friends
friends
friends
friendship
fright
from
from
from
from
from
from
from
from
from
from
from
from
from
from
from
from
from
from
from
from
from
from
from
from
from
from
from
from
from
from
fruitless
full
full
full
full
full
function
furies
further
further
further
further
further
fury
gait
gallant
gambol
game
gaping
garlic
garment
garments
garter
gate
gaud
gave
geese
gentle
gentle
gentle
gentle
gentle
gentle
gentle
gentle
gentle
gentle
gentle
gentle
gentle
gentleman
gentleman
gentleman
gentlemen
gentleness
get
get
get
get
get
get
ghosts
giant
gift
give
give
give
give
give
give
give
give
give
give
give
given
given
gives
giving
glad
glance
glass
gleams
gleek
glide
glimmering
glittering
globe
gloriously
glory
glow
glow
go
go
go
go
go
go
go
go
go
go
go
go
go
go
go
go
go
go
go
go
go
go
go
god
god
god
god
god
goddess
goddess
gods
gods
goes
goes
goes
goes
gold
golden
gone
gone
gone
gone
gone
gone
gone
gone
gone
gone
gone
gone
gone
good
good
good
good
good
good
good
good
good
good
good
good
good
good
good
good
good
good
good
good
good
good
good
good
good
goose
goose
goose
gore
government
grace
grace
grace
grace
grace
grace
grace
gracious
gracious
grapes
grass
graves
gray
great
great
great
great
great
great
great
greater
greatest
green
green
green
green
greet
grey
griffin
grim
grim
grisly
gross
grossness
ground
ground
ground
ground
ground
ground
ground
grove
grove
grove
groves
groves
grow
grow
grow
growing
grown
grown
grows
grows
grunt
guest
guilty
gun
habitation
had
had
had
had
had
had
had
had
had
had
had
had
had
had
had
had
had
had
hair
hair
hair
hair
hairy
hairy
half
half
half
hand
hand
hand
hand
hand
hand
hand
handed
handful
handicraft
hands
hands
hands
hands
hands
hands
hang
hanged
hanged
happy
harbinger
hard
hark
hark
harm
harm
harm
harm
harm
harp
hast
hast
hast
hast
hast
hast
hast
hast
hast
haste
haste
hasty
hate
hate
hate
hate
hate
hate
hate
hated
hated
hated
hated
hateful
hateful
hateful
hates
hath
hath
hath
hath
hath
hath
hath
hath
hath
hath
hath
hath
hath
hath
hath
hath
hath
hath
hath
hath
hath
hath
hath
hath
hatred
hatred
hats
haunt
haunted
haunted
have
have
have
have
have
have
have
have
have
have
have
have
have
have
have
have
have
have
have
have
have
have
have
have
have
have
have
have
have
have
have
have
have
have
have
have
have
have
have
have
have
have
have
have
have
have
have
have
have
have
have
have
have
have
have
have
have
have
have
have
have
have
have
have
have
have
have
hawthorn
hay
hay
hay
he
he
he
he
he
he
he
he
he
he
he
he
he
he
he
he
he
he
he
he
he
he
he
he
he
he
he
he
he
he
he
he
he
he
he
he
he
he
he
he
he
he
he
he
he
he
he
he
he
he
he
he
he
he
he
head
head
head
head
head
head
head
head
head
head
headless
heads
health
hear
hear
hear
hear
hear
hear
hear
hear
hear
hear
hear
hear
hear
hear
hear
hear
heard
heard
heard
heard
heard
heard
heard
heard
hearing
hearing
hearing
heart
heart
heart
heart
heart
heart
heart
heart
heart
heart
heart
heart
heart
heart
heart
heart
heartily
hearts
hearts
hearts
hearts
heaven
heaven
heaven
heavier
heaviness
heavy
heavy
hedgehogs
heel
heigh
height
height
helen
helen
helen
helen
helen
helen
helena
helena
helena
helena
helena
helena
helena
helena
helena
helena
helena
helena
helena
helena
helena
helena
helena
helena
helena
helena
helena
helena
helena	
helena	a
helena	and
helena	and
helena	and
helena	ay
helena	ay
helena	do
helena	fine
helena	good
helena	have
helena	i
helena	lo
helena	never
helena	nor
helena	o
helena	o
helena	o
helena	o
helena	o
helena	o
helena	so
helena	stay
helena	the
helena	wherefore
helena	with
helena	yes
helena	you
helena	your
hell
hell
hell
help
help
help
help
help
help
hempen
hence
hence
hence
hence
hence
her
her
her
her
her
her
her
her
her
her
her
her
her
her
her
her
her
her
her
her
her
her
her
her
her
her
her
her
her
her
her
her
her
her
her
her
her
her
her
her
her
her
her
her
her
her
her
her
her
her
her
her
her
her
her
her
her
her
her
her
her
her
heraldry
herb
hercules
hercules
here
here
here
here
here
here
here
here
here
here
here
here
here
here
here
here
here
here
here
here
here
here
here
here
here
here
here
here
here
here
here
here
here
here
here
here
here
here
here
heresies
heresy
hermia
hermia
hermia
hermia
hermia
hermia
hermia
hermia
hermia
hermia
hermia
hermia
hermia
hermia
hermia
hermia
hermia
hermia
hermia
hermia
hermia
hermia
hermia
hermia
hermia
hermia
hermia
hermia
hermia
hermia
hermia
hermia
hermia
hermia	
hermia	
hermia	
hermia	a
hermia	be
hermia	dark
hermia	do
hermia	i
hermia	i
hermia	i
hermia	lower
hermia	lysander
hermia	lysander
hermia	methinks
hermia	nay
hermia	never
hermia	now
hermia	o
hermia	out
hermia	puppet
hermia	what
hermia	what
hermia	what
hermia	what
hermia	why
hermia	why
hermia	with
hermia	yea
hermia	you
hermia	you
hernia	i
hers
herself
hide
hide
high
high
high
highness
hight
him
him
him
him
him
him
him
him
him
him
him
him
him
him
him
him
him
him
him
him
him
him
him
him
him
him
him
him
him
him
him
him
him
him
him
himself
himself
himself
himself
himself
hind
hindering
hinders
hipped
hippolyta
hippolyta
hippolyta
hippolyta
hippolyta
hippolyta	
hippolyta	beshrew
hippolyta	but
hippolyta	he
hippolyta	how
hippolyta	i
hippolyta	i
hippolyta	i
hippolyta	indeed
hippolyta	it
hippolyta	methinks
hippolyta	this
hippolyta	well
his
his
his
his
his
his
his
his
his
his
his
his
his
his
his
his
his
his
his
his
his
his
his
his
his
his
his
his
his
his
his
his
his
his
his
his
his
his
his
his
his
his
his
his
his
his
his
his
his
his
his
his
his
his
his
his
his
his
his
his
his
hither
hither
hither
hither
hither
ho
ho
ho
ho
hoard
hog
hog
hold
hold
hold
hold
hold
hold
holding
holds
holds
holds
holds
hole
hole
hole
holla
holy
home
home
home
home
honest
honest
honey
honey
honey
honeysuckle
honour
hoots
hop
hope
hope
horn
horned
horned
horns
horns
horns
horns
horns
horse
horse
horse
horse
hot
hound
hound
hounds
hounds
hounds
hounds
hounds
hour
hour
hour
hour
hours
hours
house
house
house
house
house
how
how
how
how
how
how
how
how
how
how
how
how
how
how
how
how
how
howsoever
hue
hue
hue
human
human
humble
hung
hung
hungry
hunting
huntsmen
hurt
hurt
i
i
i
i
i
i
i
i
i
i
i
i
i
i
i
i
i
i
i
i
i
i
i
i
i
i
i
i
i
i
i
i
i
i
i
i
i
i
i
i
i
i
i
i
i
i
i
i
i
i
i
i
i
i
i
i
i
i
i
i
i
i
i
i
i
i
i
i
i
i
i
i
i
i
i
i
i
i
i
i
i
i
i
i
i
i
i
i
i
i
i
i
i
i
i
i
i
i
i
i
i
i
i
i
i
i
i
i
i
i
i
i
i
i
i
i
i
i
i
i
i
i
i
i
i
i
i
i
i
i
i
i
i
i
i
i
i
i
i
i
i
i
i
i
i
i
i
i
i
i
i
i
i
i
i
i
i
i
i
i
i
i
i
i
i
i
i
i
i
i
i
i
i
i
i
i
i
i
i
i
i
i
i
i
i
i
i
i
i
i
i
i
i
i
i
i
i
i
i
i
i
i
i
i
i
i
i
i
i
i
i
i
i
i
i
i
i
i
i
i
i
i
i
i
i
i
i
i
i
i
i
i
i
i
i
i
i
i
i
i
i
i
i
i
i
i
i
i
i
i
i
i
i
i
i
i
i
i
i
i
i
i
i
i
i
i
i
i
i
i
i
i
i
i
i
i	athens
i	the
i	the
ice
idle
idle
if
if
if
if
if
if
if
if
if
if
if
if
if
if
if
if
if
if
if
if
if
if
if
if
if
if
if
if
if
if
ii
ii	another
ii	another
ii	athens
iii
iii
ill
ill
illusion
images
imagination
imagination
imagination
imagination
imagination
imagine
imagining
imbrue
immediately
impair
impeach
imperfection
in
in
in
in
in
in
in
in
in
in
in
in
in
in
in
in
in
in
in
in
in
in
in
in
in
in
in
in
in
in
in
in
in
in
in
in
in
in
in
in
in
in
in
in
in
in
in
in
in
in
in
in
in
in
in
in
in
in
in
in
in
in
in
in
in
in
in
in
in
in
in
in
in
in
in
in
in
in
in
in
in
in
in
in
in
in
in
in
in
in
in
in
in
in
in
in
in
in
in
in
in
in
in
in
in
in
in
in
in
in
in
in
in
in
in
in
in
in
in
in
in
in
in
in
in
in
in
in
in
in
in
in
in
in
in
in
in
in
in
in
in
in
in
in
in
in
in
in
incorporate
indeed
indeed
indeed
indian
injury
injury
innocence
innocence
insufficiency
intend
intent
intent
intent
intents
interchained
interlude
into
into
into
into
into
iron
is
is
is
is
is
is
is
is
is
is
is
is
is
is
is
is
is
is
is
is
is
is
is
is
is
is
is
is
is
is
is
is
is
is
is
is
is
is
is
is
is
is
is
is
is
is
is
is
is
is
is
is
is
is
is
is
is
is
is
is
is
is
is
is
is
is
is
is
is
is
is
is
is
is
is
is
is
is
is
is
is
is
is
is
is
is
is
is
is
is
is
is
is
is
is
is
is
is
is
is
is
is
is
is
is
is
is
is
is
is
is
is
is
is
is
is
is
is
is
is
is
is
is
is
is
is
is
is
is
is
is
is
is
is
is
is
is
is
is
is
is
is
is
is
it
it
it
it
it
it
it
it
it
it
it
it
it
it
it
it
it
it
it
it
it
it
it
it
it
it
it
it
it
it
it
it
it
it
it
it
it
it
it
it
it
it
it
it
it
it
it
it
it
it
it
it
it
it
it
it
it
it
it
it
it
it
it
it
it
it
it
it
it
it
it
it
it
it
it
it
it
it
it
it
it
it
it
it
iv
iv
ivy
jangling
jealousy
jest
jest
jest
jew
jewel
jewels
jill
join
join
joiner
joiner
jole
jollity
jollity
jove
joy
joy
joy
joy
joy
judgment
juggler
juice
juice
juice
juice
juvenal
keen
keen
keen
keep
keep
keep
keep
keep
keep
key
kill
kill
kill
kill
kill
kill
kill
kill
kill
kill
kill
killed
killing
kills
kind
kind
kind
kind
kinder
kindred
kinds
king
king
kinsman
kiss
kiss
kiss
kiss
kiss
kissing
knaveries
knavery
knavery
knavish
knee
knew
knight
knight
knit
knit
knit
knot
know
know
know
know
know
know
know
know
know
know
know
know
know
know
know
know
know
known
known
knows
labour
lack
lack
lad
ladies
ladies
ladies
ladies
ladies
ladies
ladies
ladies
lads
lady
lady
lady
lady
lady
lady
lady
laid
lakin
land
languish
lanthorn
lanthorn
lanthorn
lanthorn
lanthorn
lanthorn
lapp
large
large
lark
lark
last
latch
late
late
laughter
law
law
law
lazy
lead
lead
lead
lead
lead
lead
leaden
leads
league
learning
least
leathern
leave
leave
leave
leave
leave
leave
leave
leave
leave
leave
leave
leave
led
leeks
left
left
left
left
left
left
legg
legs
legs
legs
length
lesser
lest
let
let
let
let
let
let
let
let
let
let
let
let
let
let
let
let
let
let
let
let
let
let
let
lets
lie
lie
lie
lie
lied
lies
lies
lies
lies
lies
lies
lies
lies
life
life
life
life
life
life
life
life
life
life
life
light
light
light
light
light
light
light
lighter
like
like
like
like
like
like
like
like
like
like
like
like
like
like
like
like
like
like
like
liked
lily
limander
lime
lime
lime
linen
lion
lion
lion
lion
lion
lion
lion
lion
lion
lion
lion
lion
lion
lion
lion
lion
lion
lion
lion
lion
lion
lion
lion
lion
lion
lion
lion
lion
lion	
lion	you
lions
lips
lips
lips
lips
liquor
listen
little
little
little
little
little
little
little
little
live
lived
living
ll
ll
ll
ll
ll
ll
ll
ll
ll
ll
ll
ll
ll
ll
ll
ll
ll
ll
ll
ll
ll
ll
ll
ll
ll
loam
loam
loath
loathe
loathe
loathed
loathing
local
long
long
long
long
long
long
long
long
long
longer
longer
look
look
look
look
look
look
look
look
look
look
look
look
look
look
look
look
look
look
look
look
look
look
look
looks
looks
loose
loose
lord
lord
lord
lord
lord
lord
lord
lord
lord
lord
lord
lord
lord
lord
lord
lord
lord
lord
lord
lord
lord
lord
lord
lord
lords
lords
lose
lose
lose
lost
lost
loud
loud
love
love
love
love
love
love
love
love
love
love
love
love
love
love
love
love
love
love
love
love
love
love
love
love
love
love
love
love
love
love
love
love
love
love
love
love
love
love
love
love
love
love
love
love
love
love
love
love
love
love
love
love
love
love
love
love
love
love
love
love
love
love
love
love
love
love
love
love
love
love
love
love
love
love
love
love
loved
loved
loved
loved
lovely
lovely
lovely
lovely
lovely
lover
lover
lover
lover
lover
lover
lovers
lovers
lovers
lovers
lovers
lovers
lovers
lovers
lovers
lovers
loves
loves
loves
loves
loves
loves
low
low
low
low
low
lower
loyalty
lulla
lulla
lulla
lullaby
lullaby
lullaby
lullaby
lunatic
luscious
lying
lying
lysander
lysander
lysander
lysander
lysander
lysander
lysander
lysander
lysander
lysander
lysander
lysander
lysander
lysander
lysander
lysander
lysander
lysander
lysander
lysander
lysander
lysander
lysander
lysander
lysander
lysander
lysander
lysander
lysander
lysander
lysander
lysander
lysander	
lysander	
lysander	
lysander	amen
lysander	and
lysander	and
lysander	away
lysander	ay
lysander	be
lysander	content
lysander	demetrius
lysander	demetrius
lysander	fair
lysander	get
lysander	hang
lysander	he
lysander	he
lysander	i
lysander	i
lysander	if
lysander	less
lysander	lysander
lysander	more
lysander	my
lysander	o
lysander	one
lysander	pardon
lysander	proceed
lysander	she
lysander	she
lysander	stay
lysander	this
lysander	thou
lysander	thy
lysander	what
lysander	where
lysander	why
lysander	why
lysander	you
mad
mad
made
made
made
made
made
made
made
made
madly
madman
madmen
maid
maid
maid
maid
maid
maid
maiden
maiden
maiden
maidenly
make
make
make
make
make
make
make
make
make
make
make
make
make
make
make
make
make
make
make
make
make
makes
makes
makes
man
man
man
man
man
man
man
man
man
man
man
man
man
man
man
man
man
man
man
man
man
man
man
man
man
man
man
man
man
man
man
man
man
man
manager
manhood
manly
manner
manners
manners
mantle
mantle
mantle
mantle
many
many
many
many
many
mare
mark
mark
mark
mark
marred
married
marry
marry
marshal
marvel
marvellous
marvellous
masque
masques
master
master
master
master
master
masters
match
match
may
may
may
may
may
may
may
may
may
may
may
may
may
may
may
maypole
mayst
me
me
me
me
me
me
me
me
me
me
me
me
me
me
me
me
me
me
me
me
me
me
me
me
me
me
me
me
me
me
me
me
me
me
me
me
me
me
me
me
me
me
me
me
me
me
me
me
me
me
me
me
me
me
me
me
me
me
me
me
me
me
me
me
me
me
me
me
me
me
me
me
me
me
me
me
me
me
me
me
me
me
me
me
me
me
me
me
me
me
me
me
me
me
me
me
me
me
me
me
me
me
me
me
me
me
me
me
me
me
me
me
me
me
me
me
me
me
me
me
me
me
me
me
me
me
me
me
me
me
me
me
me
me
me
me
me
mean
mean
mean
meaning
means
meant
measure
measure
mechanicals
medicine
meet
meet
meet
meet
meet
meet
meet
meeting
melody
melody
memories
men
men
men
men
men
men
men
men
men
mender
mercy
mercy
merit
merriment
merry
messenger
met
met
met
methinks
methinks
methinks
methinks
methought
methought
methought
mice
midnight
midnight
midst
midsummer
midsummer
midsummer
midsummer
midsummer
midsummer
might
might
might
might
might
might
mighty
mild
mild
milk
million
mimic
mind
minding
minds
minds
minds
mine
mine
mine
mine
mine
mine
mine
mine
mine
mine
mine
mine
mine
minimus
minute
minutes
mirth
mirth
mirth
mischief
mischief
miserable
misprised
misprision
mistake
mistaken
mistakest
mistook
mistook
mistress
mistress
mistress
mistress
moan
moans
mock
mock
mock
mock
mockers
mockery
modesty
modesty
modesty
modesty
moment
monsieur
monster
monster
monster
monstrous
monstrous
mood
moon
moon
moon
moon
moon
moon
moon
moon
moon
moon
moon
moon
moon
moon
moon
moon
moon
moon
moon
moon
moonbeams
moonlight
moonlight
moonshine
moonshine
moonshine
moonshine
moonshine
moonshine
moonshine
moonshine
moonshine
moonshine
moonshine
moonshine	all
moonshine	this
moonshine	this
moral
more
more
more
more
more
more
more
more
more
more
more
more
more
more
more
more
more
more
more
more
more
more
more
more
more
more
more
more
more
more
more
morn
morning
morning
morning
morning
morrow
morrow
mortal
mortal
mortal
mortals
mortals
most
most
most
most
most
most
most
most
most
most
most
most
most
mote
moth
moth
moth
moth	
moth	hail
mother
moulded
mounsieur
mounsieur
mounsieur
mounsieur
mounsieur
mounsieur
mounsieur
mounsieur
mountain
mourning
mouse
moused
mouth
mouth
mouths
move
much
much
much
much
much
much
much
much
much
much
muddy
mulberries
mulberry
munch
mural
murder
murder
murder
murderer
murderer
muses
music
music
music
music
music
music
music
music
musical
musical
musk
musk
musk
must
must
must
must
must
must
must
must
must
must
must
must
must
must
must
must
must
must
must
must
must
must
must
must
must
must
must
must
mustardseed
mustardseed
mustardseed
mustardseed
mustardseed
mustardseed	
mustardseed	hail
mustardseed	mustardseed
mustardseed	ready
mustardseed	what
mutual
my
my
my
my
my
my
my
my
my
my
my
my
my
my
my
my
my
my
my
my
my
my
my
my
my
my
my
my
my
my
my
my
my
my
my
my
my
my
my
my
my
my
my
my
my
my
my
my
my
my
my
my
my
my
my
my
my
my
my
my
my
my
my
my
my
my
my
my
my
my
my
my
my
my
my
my
my
my
my
my
my
my
my
my
my
my
my
my
my
my
my
my
my
my
my
my
my
my
my
my
my
my
my
my
my
my
my
my
my
my
my
my
my
my
my
my
my
my
my
my
my
my
my
my
my
my
my
my
my
my
myself
nails
nails
name
name
name
name
name
name
name
name
name
name
name
nativity
natural
nature
nature
naught
nay
nay
nay
nay
ne
neaf
near
near
near
near
near
near
near
near
near
neck
nedar
needles
needs
needs
needs
negligence
neigh
neighbours
neighbours
neither
neptune
never
never
never
never
never
never
never
never
never
never
never
never
never
never
never
never
never
never
never
never
never
never
never
never
never
new
new
new
new
news
next
next
next
next
next
nigh
nigh
night
night
night
night
night
night
night
night
night
night
night
night
night
night
night
night
night
night
night
night
night
night
night
night
night
night
night
night
night
night
night
night
night
night
night
night
night
night
night
night
nightly
nightly
ninny
ninny
ninny
ninus
ninus
no
no
no
no
no
no
no
no
no
no
no
no
no
no
no
no
no
no
no
no
no
no
no
no
no
no
no
no
no
no
no
no
no
no
no
no
no
no
no
no
no
no
no
no
no
no
no
no
no
no
no
no
no
no
no
no
no
noble
noble
noble
noble
noble
nodding
nointed
noise
noise
nole
none
none
none
none
none
none
none
noontide
nor
nor
nor
nor
nor
nor
nor
nor
nor
nor
nose
not
not
not
not
not
not
not
not
not
not
not
not
not
not
not
not
not
not
not
not
not
not
not
not
not
not
not
not
not
not
not
not
not
not
not
not
not
not
not
not
not
not
not
not
not
not
not
not
not
not
not
not
not
not
not
not
not
not
not
not
not
not
not
not
not
not
not
not
not
not
not
not
not
not
not
not
not
not
not
not
not
not
not
not
not
not
not
not
not
not
not
not
not
not
not
not
not
not
not
not
not
not
not
not
not
not
not
not
not
not
not
not
not
not
not
not
not
not
not
not
not
not
not
not
not
not
not
not
not
not
notably
note
note
note
nothing
nothing
nothing
nothing
nothing
nothing
nothing
nothing
nothing
nothing
nothing
notwithstanding
now
now
now
now
now
now
now
now
now
now
now
now
now
now
now
now
now
now
now
now
now
now
now
now
now
now
now
now
now
now
now
now
now
now
now
now
now
now
number
nuptial
nuptial
nuptial
nuts
nymph
nymph
nymph
nymphs
o
o
o
o
o
o
o
o
o
o
o
o
o
o
o
o
o
o
o
o
o
o
o
o
o
o
o
o
o
o
o
o
o
oath
oath
oath
oath
oath
oats
oberon
oberon
oberon
oberon
oberon
oberon	
oberon	
oberon	about
oberon	but
oberon	fare
oberon	i
oberon	i
oberon	silence
oberon	sound
oberon	stand
oberon	stand
oberon	then
oberon	there
oberon	this
oberon	this
oberon	thou
oberon	what
oberon	what
object
observation
observe
occasion
odious
odours
odours
oes
of
of
of
of
of
of
of
of
of
of
of
of
of
of
of
of
of
of
of
of
of
of
of
of
of
of
of
of
of
of
of
of
of
of
of
of
of
of
of
of
of
of
of
of
of
of
of
of
of
of
of
of
of
of
of
of
of
of
of
of
of
of
of
of
of
of
of
of
of
of
of
of
of
of
of
of
of
of
of
of
of
of
of
of
of
of
of
of
of
of
of
of
of
of
of
of
of
of
of
of
of
of
of
of
of
of
of
of
of
of
of
of
of
of
of
of
of
of
of
of
of
of
of
of
of
of
of
of
of
of
of
of
of
of
of
of
of
of
of
of
of
of
of
of
of
of
of
of
of
of
of
of
of
of
of
of
of
of
of
of
of
of
of
of
of
of
of
of
of
of
of
of
of
off
off
off
off
off
off
off
offence
offend
offend
offend
offer
offices
officious
oft
often
often
often
oftener
oh
old
old
old
on
on
on
on
on
on
on
on
on
on
on
on
on
on
on
on
on
on
on
on
on
on
on
on
on
on
on
on
on
on
on
on
on
on
on
on
on
on
on
on
on
on
on
on
once
once
once
once
once
one
one
one
one
one
one
one
one
one
one
one
one
one
one
one
one
one
one
one
one
one
one
one
one
one
one
one
one
one
one
one
one
one
onions
only
only
only
open
opportunity
or
or
or
or
or
or
or
or
or
or
or
or
or
or
or
or
or
or
or
or
or
or
or
or
or
orange
orient
other
other
other
other
other
other
other
ought
ought
ounce
our
our
our
our
our
our
our
our
our
our
our
our
our
our
our
our
our
our
our
our
our
our
our
our
our
our
our
our
our
our
our
ousel
out
out
out
out
out
out
out
out
out
out
out
out
out
out
out
out
out
out
out
over
over
over
overbear
overcast
overflown
overwatch
owe
owe
owl
owl
own
own
own
own
own
own
own
own
ox
oxlips
pace
pageant
pain
painted
painted
pairs
palace
palace
pale
pale
pale
palpable
pap
pap
paper
paragon
paramour
parlous
part
part
part
part
part
part
part
part
part
parted
parted
parting
parting
partition
partition
partly
parts
parts
pass
pass
pass
passion
passion
passion
passion
passionate
past
past
past
past
pat
pat
patched
patches
pated
paths
patience
patience
patience
patience
pay
paying
pays
peace
pearls
peas
peascod
peaseblossom
peaseblossom
peaseblossom
peaseblossom
peaseblossom
peaseblossom	hail
peaseblossom	peaseblossom
peaseblossom	ready
peaseblossom	ready
peck
peep
pen
people
perceive
perceive
perceive
perceive
perchance
perchance
perfect
perforce
perforce
perforce
perform
perhaps
perhaps
peril
peril
peril
periods
perish
perishing
persever
person
person
personage
personage
peter
philostrate
philostrate
philostrate
philostrate
philostrate	
philostrate	a
philostrate	hard
philostrate	no
philostrate	so
philostrate	there
pick
pillow
pity
pity
pity
pity
pity
pity
pity
pity
place
place
place
place
place
place
place
place
places
plain
plain
plainer
plainest
plainly
plaster
play
play
play
play
play
play
play
play
play
play
play
play
play
play
play
play
play
play
played
played
played
player
players
playing
plays
please
please
please
please
pleasure
pleasure
plot
ploughman
pluck
pluck
plunge
poet
poet
poet
point
points
poor
poor
poor
poor
poor
poor
poor
poor
possible
potion
power
power
power
power
power
power
powers
practised
praise
pray
pray
pray
pray
pray
pray
pray
pray
pray
pray
pray
prayer
prayer
prayers
preferred
premeditated
preposterously
presence
presence
present
present
present
present
present
presented
presently
press
press
press
pressed
prettily
pretty
prevail
pride
princess
privilege
privilege
procrus
procrus
prologue
prologue
prologue
prologue
prologue
prologue
prologue
prologue
prologue
prologue	gentles
prologue	if
promise
promise
promise
property
prosperity
proud
prove
prove
prove
prove
provender
proverb
proves
puck
puck
puck
puck
puck
puck
puck
puck
puck
puck
puck	
puck	
puck	
puck	
puck	a
puck	ay
puck	believe
puck	come
puck	fairy
puck	fear
puck	follow
puck	follow
puck	here
puck	ho
puck	i
puck	i
puck	i
puck	my
puck	my
puck	now
puck	then
puck	then
puck	this
puck	thou
puck	through
puck	what
puck	yet
puppet
pure
pure
purge
purple
purple
purpose
purposed
purposed
pursues
pursues
pursuit
put
put
put
pyramus
pyramus
pyramus
pyramus
pyramus
pyramus
pyramus
pyramus
pyramus
pyramus
pyramus
pyramus
pyramus
pyramus
pyramus
pyramus
pyramus
pyramus
pyramus
pyramus
pyramus
pyramus
pyramus
pyramus
pyramus
pyramus
pyramus
pyramus
pyramus
pyramus
pyramus
pyramus
pyramus	i
pyramus	no
pyramus	not
pyramus	o
pyramus	o
pyramus	o
pyramus	sweet
pyramus	think
pyramus	wilt
quaint
quake
quake
queen
queen
queen
queen
queen
queen
queen
queen
quell
question
questions
quick
quicker
quiet
quill
quince
quince
quince
quince
quince
quince
quince
quince
quince
quince	
quince	ay
quince	ay
quince	bless
quince	bottom
quince	have
quince	if
quince	it
quince	let
quince	o
quince	odours
quince	pat
quince	speak
quince	well
quince	well
quince	what
quince	yea
quince	yes
quite
quite
r
radiant
rage
rage
rail
rare
rare
rate
rather
rather
rather
rather
rather
rattling
raven
re
re
re
re
re
re
re
re
re
re
re
re
re
re
re
reach
read
reads
reads
reads
reads
ready
reason
reason
reason
reason
reason
reason
reasonable
rebuke
recompense
recorder
recount
recover
recreant
red
red
red
refused
region
rehearsal
rehearse
rehearse
rehearsed
release
release
remain
remain
remain
remain
remedy
remedy
remedy
remedy
remembrance
remembrance
removed
rent
repair
repent
repent
reply
report
report
request
rere
respect
respect
respect
rest
rest
rest
rest
rest
rest
rest
rest
return
revels
revels
revenge
ribbons
rich
rich
richest
rid
riddles
right
right
right
right
riot
ripe
ripe
ripe
ripe
rite
rival
rivals
rivals
rivals
roar
roar
roared
roaring
roars
robin
robin
robin
rock
rod
roll
rolling
room
rose
rose
rose
roses
roses
rough
rough
rough
rough
rough
round
round
rounded
roundel
royal
rude
rude
rule
rules
run
run
run
run
run
run
runaway
runn
running
runs
russet
s
s
s
s
s
s
s
s
s
s
s
s
s
s
s
s
s
s
s
s
s
s
s
s
s
s
s
s
s
s
s
s
s
s
s
s
s
s
s
s
s
s
s
s
s
s
s
s
s
s
s
s
s
s
s
s
s
s
s
s
s
s
s
s
s
s
s
s
s
s
s
s
s
s
s
s
s
s
s
s
s
s
s
s
s
s
s
s
s
s
s
sad
sad
sad
sad
said
said
said
saint
sake
sake
sake
sake
salt
salt
same
same
same
same
same
same
same
same
sampler
sanded
sat
satire
saucy
savours
savours
saw
saw
saw
say
say
say
say
say
say
say
say
say
say
say
say
say
say
say
say
say
say
say
sayest
saying
says
says
says
says
scales
scalp
scandal
scaped
scare
scene
scene
scene
scene
scene
scene
scene
scene
school
school
scorn
scorn
scorn
scorn
scorn
scorn
scorn
scorn
scorning
scorns
scratch
scratch
screech
screeching
seal
season
seat
secretly
see
see
see
see
see
see
see
see
see
see
see
see
see
see
see
see
see
see
see
see
see
see
see
see
see
see
see
see
see
seeing
seek
seek
seek
seek
seek
seem
seem
seem
seem
seem
seeming
seeming
seems
seems
seems
seems
seen
seen
seen
seen
sees
sees
seest
seething
sense
sense
sense
sense
senseless
sensible
sent
sent
sentences
sentinel
separation
serpent
serpent
serpent
serpent
servant
serve
serve
service
service
services
set
set
set
set
set
setting
sex
sex
shade
shade
shadows
shadows
shafalus
shafalus
shake
shakes
shall
shall
shall
shall
shall
shall
shall
shall
shall
shall
shall
shall
shall
shall
shall
shall
shall
shall
shall
shall
shall
shall
shall
shall
shall
shall
shall
shall
shall
shall
shall
shall
shall
shall
shall
shall
shall
shall
shall
shall
shall
shall
shall
shall
shall
shall
shall
shall
shallowest
shalt
shalt
shalt
shalt
shalt
shalt
shame
shames
shape
shapes
shaping
shared
she
she
she
she
she
she
she
she
she
she
she
she
she
she
she
she
she
she
she
she
she
she
she
she
she
she
she
she
she
she
she
she
she
she
she
she
she
she
she
shears
shed
shield
shield
shield
shifting
shine
shine
shine
shine
shine
shines
shines
shining
shiver
shoes
shone
shore
short
should
should
should
should
should
should
should
should
should
should
should
should
should
should
should
should
should
should
should
should
should
should
should
should
should
shout
show
show
show
show
show
show
show
show
shown
shows
shrewd
shrewishness
shroud
shuts
sick
sick
sick
sickness
side
side
side
sides
sighs
sight
sight
sight
sight
sight
sight
signify
signior
silence
silence
silence
silence
silence
silently
silk
silliest
simple
simple
simpleness
simplicity
simply
since
since
sing
sing
sing
sing
sing
sing
singer
single
sings
sings
sinister
sir
sir
sir
sir
sisters
sisters
sit
sit
sitting
six
sixpence
sixpence
skies
skill
skill
skin
skin
sky
sky
sky
slain
slain
slain
sleek
sleep
sleep
sleep
sleep
sleep
sleep
sleep
sleep
sleep
sleep
sleep
sleep
sleep
sleep
sleep
sleep
sleepers
sleeping
sleeping
sleeping
sleeping
sleeping
sleeping
sleeping
sleeps
sleeps
sleeps
sleeps
sleeps
sleeps
sleeps
sleeves
slight
small
small
small
smallest
smiling
smooth
snail
snake
snakes
snatch
snores
snout
snout
snout
snout
snout
snout
snout
snout	by
snout	doth
snout	o
snout	therefore
snout	will
snout	you
snow
snow
snow
snuff
snug
snug
snug
snug
snug
snug	masters
so
so
so
so
so
so
so
so
so
so
so
so
so
so
so
so
so
so
so
so
so
so
so
so
so
so
so
so
so
so
so
so
so
so
so
so
so
so
so
so
so
so
so
so
so
so
so
so
so
so
so
so
so
so
so
so
so
so
so
so
so
so
so
so
so
so
so
so
so
so
so
so
soft
sojourn
solemnity
solemnity
solemnity
solemnly
some
some
some
some
some
some
some
some
some
some
some
some
some
some
some
some
some
some
some
some
some
some
some
something
something
something
sometime
sometime
sometime
sometime
sometime
sometime
sometimes
son
song
song
song
soon
soon
soon
sooth
sooth
sorrow
sorrow
sorrow
sort
sort
sort
sort
sort
sorting
soul
soul
soul
soul
soul
souls
souls
sound
sound
sound
sound
sound
spaniel
spaniel
sparrow
sparta
sparta
spartan
speak
speak
speak
speak
speak
speak
speak
speak
speak
speak
speak
speak
speak
speak
speak
speak
speak
speak
speak
speak
speak
speaks
speech
speed
speed
spell
spend
spent
spent
sphere
sphery
spiders
spied
spinners
spirit
spirit
spirit
spirit
spirits
spirits
spirits
spite
spite
spite
spite
spoken
sport
sport
sport
sport
sport
sport
sport
sport
sport
sport
sports
spotted
sprite
spuns
spurn
spurn
spurn
spy
spy
squash
squeezes
squeezing
squirrel
st
st
st
st
st
st
st
st
st
stabs
stabs
stain
stain
stalls
stamp
stand
stand
stand
stand
stand
stand
starlight
starry
stars
start
starting
starveling
starveling
starveling
starveling	he
starveling	i
starveling	i
state
statures
stay
stay
stay
stay
stay
stay
stay
steal
stealth
stealth
steel
stem
stern
stick
still
still
still
still
still
still
stir
stir
stir
stirring
stolen
stolen
stolen
stolen
stomach
stone
stones
stones
stones
stop
stories
story
story
story
straight
straight
straightway
straightway
strange
strange
strange
strange
strange
stranger
streak
streams
strength
stretch
strife
strike
strike
strike
strike
strike
strings
strong
strong
stuff
stung
such
such
such
such
such
such
such
such
such
such
such
such
such
suffer
summer
sun
sunder
sung
sunny
superpraise
supper
supposed
sure
sure
sure
surfeit
surfeit
surgeon
swaggering
swain
sway
swear
swear
swear
swear
sweep
sweep
sweet
sweet
sweet
sweet
sweet
sweet
sweet
sweet
sweet
sweet
sweet
sweet
sweet
sweet
sweet
sweet
sweet
sweet
sweet
sweet
sweet
sweet
sweet
sweet
sweet
sweet
sweet
sweet
sweet
sweet
sweet
sweet
sweet
sweet
sweet
sweetest
swell
swift
swifter
swoon
sword
sword
sword
sword
sword
swords
swore
t
t
t
t
take
take
take
take
take
take
take
take
take
take
take
take
take
take
takes
takes
takest
tales
tall
tall
tame
tangled
tapers
tarry
tarrying
tartar
tartar
task
taste
taste
taunted
taurus
tawny
tawny
tear
tears
tears
tears
tears
tears
tears
tedious
tedious
tedious
tedious
tedious
tell
tell
tell
tell
tell
tell
tell
tell
tell
tell
tell
tell
tell
temple
temple
temple
temple
temples
tempting
ten
ten
tend
tender
tender
tender
tender
tends
terms
testy
than
than
than
than
than
than
than
than
than
than
than
than
than
than
than
than
than
than
than
than
than
than
than
thank
thank
thank
thanks
that
that
that
that
that
that
that
that
that
that
that
that
that
that
that
that
that
that
that
that
that
that
that
that
that
that
that
that
that
that
that
that
that
that
that
that
that
that
that
that
that
that
that
that
that
that
that
that
that
that
that
that
that
that
that
that
that
that
that
that
that
that
that
that
that
that
that
that
that
that
that
that
that
that
that
that
that
that
that
that
that
that
that
that
that
that
that
that
that
that
that
that
that
that
that
that
the
the
the
the
the
the
the
the
the
the
the
the
the
the
the
the
the
the
the
the
the
the
the
the
the
the
the
the
the
the
the
the
the
the
the
the
the
the
the
the
the
the
the
the
the
the
the
the
the
the
the
the
the
the
the
the
the
the
the
the
the
the
the
the
the
the
the
the
the
the
the
the
the
the
the
the
the
the
the
the
the
the
the
the
the
the
the
the
the
the
the
the
the
the
the
the
the
the
the
the
the
the
the
the
the
the
the
the
the
the
the
the
the
the
the
the
the
the
the
the
the
the
the
the
the
the
the
the
the
the
the
the
the
the
the
the
the
the
the
the
the
the
the
the
the
the
the
the
the
the
the
the
the
the
the
the
the
the
the
the
the
the
the
the
the
the
the
the
the
the
the
the
the
the
the
the
the
the
the
the
the
the
the
the
the
the
the
the
the
the
the
the
the
the
the
the
the
the
the
the
the
the
the
the
the
the
the
the
the
the
the
the
the
the
the
the
the
the
the
the
the
the
the
the
the
the
the
the
the
the
the
the
the
the
the
the
the
the
the
the
the
the
the
the
the
the
the
the
the
the
the
the
the
the
the
the
the
the
the
the
the
the
the
the
the
the
the
the
the
the
the
the
the
the
the
the
the
the
the
the
the
the
the
the
the
the
the
the
the
the
the
the
the
the
the
the
the
the
the
the
the
the
the
the
the
the
the
the
the
the
the
the
the
the
the
the
the
the
the
the
the
the
the
the
the
the
the
the
the
the
thebes
thee
thee
thee
thee
thee
thee
thee
thee
thee
thee
thee
thee
thee
thee
thee
thee
thee
thee
thee
thee
thee
thee
thee
thee
thee
thee
thee
thee
thee
thee
thee
thee
thee
thee
thee
thee
thee
thee
thee
thee
thee
thee
thee
thee
thee
thee
thee
thee
thee
their
their
their
their
their
their
their
their
their
their
their
their
their
their
their
their
their
their
their
their
their
their
their
their
their
their
their
their
theirs
them
them
them
them
them
them
them
them
them
them
them
them
them
them
them
them
them
them
them
them
them
them
them
themselves
themselves
then
then
then
then
then
then
then
then
then
then
then
then
then
then
then
then
then
then
then
then
then
thence
there
there
there
there
there
there
there
there
there
there
there
there
there
there
there
there
there
there
therefore
therefore
therefore
therefore
therefore
therefore
therein
these
these
these
these
these
these
these
these
these
these
these
these
these
these
these
these
these
these
these
these
these
theseus
theseus
theseus
theseus
theseus
theseus
theseus
theseus
theseus
theseus	
theseus	
theseus	
theseus	a
theseus	and
theseus	come
theseus	fair
theseus	go
theseus	go
theseus	he
theseus	here
theseus	his
theseus	his
theseus	i
theseus	if
theseus	it
theseus	let
theseus	moonshine
theseus	more
theseus	my
theseus	no
theseus	no
theseus	now
theseus	pyramus
theseus	say
theseus	she
theseus	the
theseus	the
theseus	the
theseus	this
theseus	this
theseus	this
theseus	true
theseus	well
theseus	well
theseus	what
theseus	why
theseus	with
theseus	would
thessalian
thessaly
they
they
they
they
they
they
they
they
they
they
they
they
they
they
they
they
they
they
they
they
they
they
they
they
thick
thief
thighs
thine
thine
thine
thine
thine
thine
thing
thing
thing
thing
thing
thing
thing
thing
thing
thing
things
things
things
things
things
things
things
things
things
things
things
things
think
think
think
think
think
think
think
think
think
think
think
think
think
third
this
this
this
this
this
this
this
this
this
this
this
this
this
this
this
this
this
this
this
this
this
this
this
this
this
this
this
this
this
this
this
this
this
this
this
this
this
this
this
this
this
this
this
this
this
this
this
this
this
this
this
this
this
this
this
this
this
this
this
this
this
this
this
this
this
this
this
this
this
this
this
this
this
this
this
this
this
this
this
this
this
this
this
this
this
this
this
this
this
this
thisbe
thisbe
thisbe
thisbe
thisbe
thisbe
thisbe
thisbe
thisbe
thisbe
thisbe
thisbe
thisbe
thisbe
thisbe	
thisbe	
thisbe	and
thisbe	as
thisbe	i
thisbe	my
thisbe	o
thisbe	this
thisby
thisby
thisby
thisby
thisby
thisby
thisby
thisby
thisby
thisby
thisby
thisby
thisby
thisby
thisby
thisby
thisby
thisby
thisby
thistle
thorn
thorn
thorns
thorns
those
those
those
those
thou
thou
thou
thou
thou
thou
thou
thou
thou
thou
thou
thou
thou
thou
thou
thou
thou
thou
thou
thou
thou
thou
thou
thou
thou
thou
thou
thou
thou
thou
thou
thou
thou
thou
thou
thou
thou
thou
thou
thou
thou
thou
thou
thou
thou
thou
thou
thou
thou
thou
thou
thou
thou
thou
thou
thou
thou
thou
thou
thou
thou
thou
thou
thou
thou
thou
thou
thou
thou
thou
thou
thou
thou
thou
thou
thou
thou
thou
thou
thou
thou
thou
thou
thou
though
though
though
though
though
though
though
though
though
thought
thought
thracian
thread
thread
threaten
threats
three
three
three
three
three
three
three
three
thrice
throstle
through
through
through
through
through
through
through
through
through
through
through
through
through
through
through
through
through
throw
throws
thrum
thunder
thus
thus
thus
thus
thus
thus
thus
thus
thus
thus
thus
thus
thus
thus
thus
thy
thy
thy
thy
thy
thy
thy
thy
thy
thy
thy
thy
thy
thy
thy
thy
thy
thy
thy
thy
thy
thy
thy
thy
thy
thy
thy
thy
thy
thy
thy
thy
thy
thy
thy
thy
thy
thy
thy
thy
thy
thy
thy
thy
thy
thy
thy
thyme
tickle
tide
tide
tie
tied
tiger
till
till
till
till
till
till
till
till
till
time
time
time
time
time
time
tinker
tipsy
tire
tire
tire
tiring
tis
tis
tis
tis
tis
titania
titania
titania
titania
titania
titania
titania
titania
titania	
titania	be
titania	come
titania	come
titania	come
titania	come
titania	how
titania	i
titania	i
titania	music
titania	my
titania	or
titania	out
titania	sleep
titania	thou
titania	what
to
to
to
to
to
to
to
to
to
to
to
to
to
to
to
to
to
to
to
to
to
to
to
to
to
to
to
to
to
to
to
to
to
to
to
to
to
to
to
to
to
to
to
to
to
to
to
to
to
to
to
to
to
to
to
to
to
to
to
to
to
to
to
to
to
to
to
to
to
to
to
to
to
to
to
to
to
to
to
to
to
to
to
to
to
to
to
to
to
to
to
to
to
to
to
to
to
to
to
to
to
to
to
to
to
to
to
to
to
to
to
to
to
to
to
to
to
to
to
to
to
to
to
to
to
to
to
to
to
to
to
to
to
to
to
to
to
to
to
to
to
to
to
to
to
to
to
to
to
to
to
to
to
to
to
to
to
to
to
to
to
to
to
to
to
to
to
to
to
to
to
to
to
to
to
to
to
to
to
to
to
to
to
to
to
to
to
to
to
to
to
to
to
to
to
to
together
together
together
together
together
together
toil
told
told
told
told
told
told
tomb
tomb
tomb
tomb
tomb
tomb
tongs
tongue
tongue
tongue
tongue
tongue
tongue
tongue
tongue
tongue
too
too
too
too
too
too
too
too
too
too
too
too
too
too
took
top
top
torn
torturing
touch
touch
touching
toward
town
town
toys
tragical
tragical
tragical
train
train
train
transfigured
transformed
translated
tread
tremble
tremble
tricks
trim
triumphant
triumphantly
troth
troth
troth
troth
troth
true
true
true
true
true
true
true
true
true
true
true
true
true
true
true
true
true
true
true
truer
truest
truest
truest
truly
truly
truly
truly
trumpets
trust
trust
trust
trust
trust
trusty
trusty
trusty
trusty
truth
truth
truth
truth
truth
truth
truth
truth
try
try
tuneable
turf
turn
turn
turn
turn
turn
turn
turns
twain
twelve
twere
two
two
two
two
two
two
two
two
two
two
two
two
two
two
two
ugly
unbreathed
under
understand
understand
undistinguishable
undo
uneven
ungrateful
union
unkind
unkindly
unknown
unloved
unseen
until
unto
unto
unto
unto
unto
up
up
up
up
up
up
up
up
up
up
up
up
up
up
up
up
up
up
up
up
upbraid
upon
upon
upon
upon
upon
upon
upon
upon
upon
upon
upon
upon
upon
upon
upon
upon
upon
urged
us
us
us
us
us
us
us
us
us
us
us
us
us
us
us
use
use
use
use
used
usual
utter
v
valentine
valley
valour
valour
valour
valour
vanished
vast
vaward
vein
venturous
venus
venus
very
very
very
very
very
very
very
very
vexation
videlicet
view
view
vile
vile
vile
vile
vile
vile
vile
villain
villain
violet
virgin
virginity
virtue
virtue
virtue
virtuous
virtuous
visage
vision
visions
visited
vixen
voice
voice
voice
voice
voice
voices
vow
vow
vows
vows
vows
vows
wait
wake
wake
wake
wake
wake
waked
waked
wakes
wakest
wakest
wakest
wakest
wakest
waking
waking
walk
walks
walks
wall
wall
wall
wall
wall
wall
wall
wall
wall
wall
wall
wall
wall
wall
wall
wall
wall
wall
wall
wall
wall
wall
wall
wall
wall
wall
wall
wall
wall
wall
wall	in
wall	thus
walls
wanderer
wandering
wandering
wandering
wane
war
warbling
warning
warrant
wars
was
was
was
was
was
was
was
was
was
was
was
was
was
was
was
was
was
was
was
wash
wast
wast
waste
wasted
water
water
watery
waxen
way
way
way
way
way
way
way
ways
we
we
we
we
we
we
we
we
we
we
we
we
we
we
we
we
we
we
we
we
we
we
we
we
we
we
we
we
we
we
we
we
we
we
we
we
we
we
we
we
we
we
we
we
we
we
weak
weak
weak
wear
wear
weary
weary
weary
weaver
weep
weeps
weeps
weigh
weigh
welcome
welcome
welcome
welcome
welcomes
welkin
well
well
well
well
well
well
well
well
well
well
well
well
well
well
well
well
well
well
wend
went
were
were
were
were
were
western
what
what
what
what
what
what
what
what
what
what
what
what
what
what
what
what
what
what
what
what
what
what
what
what
what
what
what
what
what
what
what
what
what
when
when
when
when
when
when
when
when
when
when
when
when
when
when
when
when
when
when
when
when
when
when
when
when
when
when
when
when
where
where
where
where
where
where
where
where
where
where
where
where
where
where
wherefore
wherefore
wherefore
wherefore
whereon
wheresoe
whereto
whether
whether
which
which
which
which
which
which
which
which
which
which
which
which
which
while
while
while
whip
whisper
whisper
whisper
whisper
whit
white
white
white
who
who
who
who
who
who
who
whole
whom
whom
whose
whose
whose
whose
whose
why
why
why
why
why
wicked
wicked
wide
wide
wife
wife
wild
wild
wild
wildest
wildest
wilful
wilfully
will
will
will
will
will
will
will
will
will
will
will
will
will
will
will
will
will
will
will
will
will
will
will
will
will
will
will
will
will
will
will
will
will
will
will
will
will
will
will
will
will
will
will
will
will
will
will
will
will
will
will
will
will
will
will
will
will
will
will
will
will
will
will
will
will
will
will
will
will
willfully
wilt
wilt
wilt
wilt
wilt
wilt
wind
wind
wind
winded
window
wings
wings
wings
wise
wise
wish
wish
wish
wisher
wit
wit
wit
wit
with
with
with
with
with
with
with
with
with
with
with
with
with
with
with
with
with
with
with
with
with
with
with
with
with
with
with
with
with
with
with
with
with
with
with
with
with
with
with
with
with
with
with
with
with
with
with
with
with
with
with
with
with
with
with
with
with
with
with
with
with
with
with
with
with
with
with
with
with
with
with
with
with
with
with
with
with
with
with
with
with
with
with
with
with
with
with
with
with
with
with
with
with
with
with
with
with
with
with
withdraw
within
within
within
within
within
within
without
witnesseth
wittiest
woe
woe
wolf
woman
woman
woman
wonder
wonder
wonder
wonder
wonder
wonder
wonder
wonders
wonders
wondrous
wont
wont
wont
wonted
woo
woo
woo
woo
woo
wood
wood
wood
wood
wood
wood
wood
wood
wood
wood
wood
wood
wood
wood
wood
woodbine
woodbine
word
word
word
word
word
word
word
words
words
words
words
work
work
world
world
world
world
worlds
worm
worm
worms
wormy
worn
worn
worse
worse
worse
worser
worship
worst
worth
worthier
wot
wot
would
would
would
would
would
would
would
would
would
would
would
would
would
would
would
would
would
would
would
would
would
would
would
would
would
would
wound
wound
wrap
wren
wretch
wretchedness
writ
write
written
written
wrong
wrong
wrong
wrong
wrong
wrongs
ye
ye
yellow
yellow
yet
yet
yet
yet
yet
yet
yet
yet
yet
yet
yet
yet
yet
yet
yet
yet
yet
yield
yielders
yonder
yonder
yonder
yonder
you
you
you
you
you
you
you
you
you
you
you
you
you
you
you
you
you
you
you
you
you
you
you
you
you
you
you
you
you
you
you
you
you
you
you
you
you
you
you
you
you
you
you
you
you
you
you
you
you
you
you
you
you
you
you
you
you
you
you
you
you
you
you
you
you
you
you
you
you
you
you
you
you
you
you
you
you
you
you
you
you
you
you
you
you
you
you
you
you
you
you
you
you
you
you
you
you
you
you
you
you
you
you
you
you
you
you
you
you
you
you
you
you
you
you
you
you
you
you
you
you
you
you
you
you
you
you
you
you
you
you
you
you
you
you
you
you
you
you
you
you
you
you
you
you
you
you
you
you
you
you
you
you
you
you
you
you
you
you
you
you
you
you
you
you
you
you
you
you
you
you
you
you
you
you
you
young
young
young
your
your
your
your
your
your
your
your
your
your
your
your
your
your
your
your
your
your
your
your
your
your
your
your
your
your
your
your
your
your
your
your
your
your
your
your
your
your
your
your
your
your
your
your
your
your
your
your
your
your
your
your
your
your
your
your
your
your
your
your
your
your
your
your
your
your
your
your
your
your
your
your
your
your
your
your
your
your
your
your
yours
yours
yours
yourself
yourselves
youth
youth
youth
