	
	
	
	
	
	
	
	
	
	
	
	
	
	
	
	
	
	
	
	
	
	
	
	
	
	
	
	
	
	
	
	
	
	
	
	
	
	
	
	
	
	
	
	
	
	
	
	
	
	
	
	
	
	
	
	
	
	
	
	
	
	
	
	
	
	
	
	
	
	
	
	
	
	
	
	
	
	
	
	
	
	
	
	
	
		
		
		cousin
		o
		sirrah
	a
	a
	a
	a
	a
	a
	a
	a
	a
	a
	a
	a
	a
	a
	a
	a
	a
	a
	a
	a
	a
	a
	abortives
	acquainted
	add
	after
	after
	after
	against
	against
	against
	against
	against
	against
	all
	all
	all
	all
	aloft
	already
	am
	am
	among
	among
	an
	an
	an
	and
	and
	and
	and
	and
	and
	and
	and
	and
	and
	and
	and
	and
	and
	and
	and
	and
	and
	and
	and
	and
	and
	and
	and
	and
	and
	and
	and
	and
	and
	and
	and
	and
	and
	and
	and
	and
	and
	and
	and
	and
	and
	and
	and
	and
	and
	and
	and
	and
	and
	and
	and
	and
	and
	and
	and
	and
	and
	and
	and
	and
	and
	and
	and
	and
	and
	and
	and
	and
	and
	and
	and
	and
	and
	and
	and
	and
	and
	and
	and
	and
	and
	and
	and
	and
	and
	and
	and
	and
	and
	and
	and
	and
	and
	and
	and
	and
	and
	and
	and
	and
	and
	and
	and
	and
	and
	and
	and
	and
	and
	and
	and
	and
	and
	and
	and
	and
	and
	and
	and
	and
	and
	and
	and
	and
	and
	and
	and
	and
	and
	and
	and
	and
	and
	and
	and
	and
	and
	and
	and
	and
	and
	and
	and
	and
	and
	and
	and
	and
	and
	and
	and
	and
	and
	and
	and
	and
	and
	and
	and
	and
	and
	and
	and
	and
	and
	and
	and
	and
	and
	and
	and
	and
	and
	and
	and
	and
	and
	and
	and
	and
	and
	and
	and
	and
	and
	and
	and
	and
	and
	and
	and
	and
	and
	and
	and
	and
	and
	and
	anon
	another
	any
	approaching
	apt
	are
	are
	are
	are
	are
	are
	are
	arise
	arm
	art
	arthur
	arthur
	arthur
	as
	as
	as
	as
	as
	as
	as
	as
	as
	as
	as
	as
	as
	as
	as
	as
	as
	as
	as
	as
	as
	assured
	at
	at
	at
	attended
	austria
	austria
	avaunt
	awakes
	away
	away
	away
	be
	be
	be
	be
	be
	be
	be
	be
	be
	because
	because
	become
	becomes
	been
	before
	before
	before
	before
	before
	behold
	behold
	being
	being
	being
	being
	being
	believe
	bend
	besides
	between
	between
	between
	between
	between
	beyond
	bigot
	black
	blood
	both
	both
	both
	bring
	brother
	but
	but
	but
	but
	but
	but
	but
	but
	but
	but
	but
	but
	but
	but
	but
	but
	but
	but
	but
	but
	but
	but
	but
	but
	but
	but
	but
	but
	but
	but
	but
	but
	but
	but
	but
	but
	but
	but
	but
	but
	but
	by
	by
	by
	by
	by
	by
	by
	by
	by
	by
	by
	by
	by
	by
	can
	can
	can
	can
	can
	canonized
	clamours
	clapp
	coldly
	come
	come
	command
	command
	commander
	commend
	commend
	commodity
	confronts
	cool
	counts
	crave
	creatures
	cries
	cry
	cuts
	dear
	death
	deep
	deliver
	deny
	desires
	did
	discredit
	do
	do
	do
	do
	do
	do
	does
	doth
	doth
	doth
	doth
	doth
	doth
	doth
	drawn
	dreading
	dyed
	else
	enough
	envenom
	even
	even
	even
	even
	even
	even
	even
	even
	even
	even
	even
	even
	even
	ever
	exampled
	except
	false
	fare
	fast
	father
	fellow
	figured
	find
	finding
	first
	for
	for
	for
	for
	for
	for
	for
	for
	for
	for
	for
	for
	for
	for
	for
	for
	for
	for
	for
	for
	for
	for
	for
	for
	for
	for
	for
	for
	for
	for
	for
	for
	for
	forego
	forethought
	forgive
	form
	forwearied
	found
	four
	france
	france
	france
	france
	fresh
	from
	from
	from
	from
	from
	from
	from
	from
	from
	from
	full
	full
	full
	further
	gain
	give
	give
	give
	go
	go
	go
	go
	good
	good
	good
	good
	govern
	gracing
	grandam
	grow
	had
	had
	had
	hang
	hast
	haste
	hath
	hath
	have
	have
	have
	have
	have
	have
	have
	have
	he
	he
	he
	he
	he
	he
	he
	he
	he
	he
	he
	he
	he
	he
	hear
	hear
	hear
	heaven
	heaven
	her
	her
	her
	her
	her
	here
	himself
	himself
	his
	his
	his
	his
	hither
	hold
	holding
	holds
	hostility
	how
	how
	how
	how
	how
	how
	hubert
	husband
	i
	i
	i
	i
	i
	i
	i
	i
	i
	i
	i
	i
	i
	i
	i
	i
	i
	i
	i
	i
	i
	i
	i
	i
	i
	i
	i
	i
	i
	i
	i
	i
	i
	i
	i
	i
	i
	i
	i
	i
	i
	i
	i
	i
	i
	i
	i
	i
	i
	i
	i
	i
	i
	i
	i
	i
	i
	i
	i
	i
	i
	i
	i
	i
	i
	i
	i
	i
	i
	i
	if
	if
	if
	if
	if
	if
	if
	if
	if
	if
	if
	if
	if
	if
	if
	if
	if
	if
	if
	if
	if
	if
	in
	in
	in
	in
	in
	in
	in
	in
	in
	in
	in
	in
	in
	in
	in
	in
	in
	in
	in
	in
	in
	insinuation
	into
	into
	is
	is
	is
	is
	is
	is
	is
	is
	is
	is
	is
	is
	is
	is
	is
	is
	is
	is
	is
	is
	is
	is
	is
	is
	is
	it
	it
	it
	it
	it
	it
	it
	it
	john
	john
	john
	keep
	keep
	king
	king
	king
	king
	king
	king
	king
	king
	king
	king
	king
	king
	king
	king
	king
	king
	king
	kneeling
	lame
	last
	law
	leave
	leaving
	led
	left
	lest
	lest
	lest
	let
	let
	let
	let
	let
	let
	let
	let
	let
	let
	let
	lewis
	lies
	lies
	life
	lift
	like
	like
	like
	like
	like
	like
	like
	lions
	lives
	lives
	lo
	lo
	look
	look
	look
	lord
	made
	made
	made
	make
	make
	make
	makes
	makes
	makes
	making
	many
	many
	mark
	married
	may
	may
	meet
	methinks
	methinks
	mocking
	more
	more
	much
	much
	must
	must
	must
	must
	must
	my
	my
	my
	my
	my
	my
	my
	my
	my
	my
	my
	my
	my
	my
	my
	my
	my
	myself
	nature
	nay
	nay
	nay
	nay
	nay
	nay
	never
	never
	no
	no
	no
	no
	no
	no
	no
	no
	no
	no
	nor
	nor
	nor
	nor
	not
	not
	not
	not
	not
	now
	now
	now
	now
	now
	o
	o
	o
	o
	o
	o
	o
	o
	o
	o
	o
	o
	o
	o
	o
	o
	of
	of
	of
	of
	of
	of
	of
	of
	of
	of
	of
	of
	of
	of
	of
	of
	of
	of
	of
	of
	of
	of
	of
	of
	offending
	on
	on
	on
	on
	one
	one
	only
	open
	oppress
	or
	or
	or
	or
	or
	or
	or
	or
	or
	or
	or
	or
	or
	or
	or
	or
	or
	or
	or
	or
	our
	our
	our
	our
	our
	our
	our
	our
	our
	out
	out
	out
	out
	out
	out
	out
	passing
	patch
	paying
	perchance
	persever
	philip
	plainly
	play
	plead
	poictiers
	pope
	possess
	pour
	powers
	pray
	preach
	presented
	presented
	proves
	purchase
	put
	puts
	queen
	queen
	quoted
	rather
	read
	religiously
	remember
	remembers
	rescue
	resembling
	resolveth
	rests
	retaining
	return
	return
	right
	save
	save
	say
	say
	saying
	second
	seek
	send
	set
	set
	set
	shall
	shall
	shall
	shall
	shall
	shall
	shall
	shall
	shall
	shall
	shall
	shall
	she
	she
	she
	should
	should
	show
	since
	since
	since
	since
	sits
	smacks
	snatch
	so
	so
	so
	so
	so
	so
	so
	so
	so
	so
	so
	so
	so
	so
	so
	some
	some
	some
	some
	some
	son
	sound
	sound
	standing
	startles
	startles
	stay
	stays
	sticking
	still
	stoop
	strength
	strike
	stuffs
	such
	such
	swearing
	sweat
	talks
	teach
	teach
	tell
	tell
	than
	than
	than
	than
	than
	than
	than
	than
	than
	than
	that
	that
	that
	that
	that
	that
	that
	that
	that
	that
	that
	that
	that
	that
	that
	that
	that
	that
	that
	that
	that
	that
	that
	that
	that
	that
	that
	that
	that
	that
	that
	that
	that
	that
	that
	that
	that
	that
	that
	that
	that
	that
	that
	that
	that
	that
	that
	that
	that
	that
	that
	that
	that
	that
	that
	that
	that
	that
	that
	that
	that
	that
	that
	that
	that
	that
	that
	that
	that
	that
	that
	that
	the
	the
	the
	the
	the
	the
	the
	the
	the
	the
	the
	the
	the
	the
	the
	the
	the
	the
	the
	the
	the
	the
	the
	the
	the
	the
	the
	the
	the
	the
	the
	the
	the
	the
	the
	the
	the
	the
	the
	the
	the
	the
	the
	the
	the
	the
	the
	the
	the
	the
	the
	the
	the
	the
	the
	the
	the
	the
	the
	the
	the
	the
	the
	the
	the
	the
	their
	their
	their
	their
	their
	then
	then
	then
	then
	then
	then
	then
	then
	then
	then
	then
	there
	there
	there
	there
	there
	there
	there
	there
	therefore
	therefore
	therefore
	therefore
	therefore
	therefore
	these
	these
	these
	these
	they
	they
	they
	they
	think
	thinking
	this
	this
	this
	this
	this
	this
	this
	this
	this
	this
	this
	this
	this
	this
	this
	this
	this
	this
	this
	this
	this
	this
	this
	this
	this
	thou
	thou
	thou
	thou
	thou
	thou
	thou
	thou
	thou
	thou
	thou
	thou
	thou
	thou
	thou
	though
	though
	though
	though
	though
	threaten
	three
	three
	throw
	thrust
	thy
	thy
	thy
	thy
	thy
	thy
	till
	till
	till
	till
	till
	to
	to
	to
	to
	to
	to
	to
	to
	to
	to
	to
	to
	to
	to
	to
	to
	to
	to
	to
	to
	to
	to
	to
	to
	to
	to
	to
	to
	to
	to
	to
	to
	to
	to
	to
	to
	to
	to
	to
	to
	to
	to
	to
	to
	to
	to
	to
	to
	to
	to
	to
	to
	to
	to
	to
	to
	to
	to
	to
	to
	to
	to
	to
	to
	to
	to
	to
	to
	to
	to
	to
	to
	to
	to
	to
	to
	to
	to
	to
	to
	to
	to
	to
	told
	turn
	turn
	turning
	turning
	twice
	two
	two
	ugly
	uncle
	under
	under
	unless
	unless
	unswear
	unthread
	unto
	unyoke
	upon
	upon
	upon
	upon
	upon
	upon
	upon
	upon
	upon
	upon
	upon
	upon
	use
	vexing
	was
	was
	was
	we
	we
	we
	we
	we
	we
	we
	we
	we
	we
	we
	we
	we
	weakness
	wear
	well
	well
	were
	were
	were
	what
	what
	what
	what
	what
	what
	what
	what
	what
	what
	what
	what
	what
	what
	what
	what
	whatever
	when
	when
	when
	when
	when
	when
	when
	when
	when
	when
	when
	where
	where
	where
	where
	where
	where
	where
	where
	where
	wherein
	which
	which
	which
	which
	which
	which
	which
	which
	which
	which
	which
	which
	which
	which
	which
	which
	while
	whilst
	who
	who
	who
	who
	who
	who
	who
	whoever
	whom
	whom
	whose
	whose
	whose
	whose
	whose
	whose
	whose
	why
	why
	why
	why
	why
	why
	why
	why
	why
	will
	will
	will
	will
	will
	win
	with
	with
	with
	with
	with
	with
	with
	with
	with
	with
	with
	with
	with
	with
	with
	with
	with
	with
	with
	with
	with
	with
	with
	with
	with
	within
	within
	within
	without
	without
	without
	witness
	would
	yea
	yea
	yea
	yet
	yet
	yet
	yet
	yet
	yet
	yet
	yet
	you
	you
	you
	you
	you
	you
	young
	young
	young
	young
	young
	your
	your
	your
	your
	your
	your
	your
	your
	your
	your
	your
	your
	zounds
Binary file (standard input) matches
a
a
a
a
a
a
a
a
a
a
a
a
a
a
a
a
a
a
a
a
a
a
a
a
a
a
a
a
a
a
a
a
a
a
a
a
a
a
a
a
a
a
a
a
a
a
a
a
a
a
a
a
a
a
a
a
a
a
a
a
a
a
a
a
a
a
a
a
a
a
a
a
a
a
a
a
a
a
a
a
a
a
a
a
a
a
a
a
a
a
a
a
a
a
a
a
a
a
a
a
a
a
a
a
a
a
a
a
a
a
a
a
a
a
a
a
a
a
a
a
a
a
a
a
a
a
a
a
a
a
a
a
a
a
a
a
a
a
a
a
a
a
a
a
a
a
a
a
a
a
a
a
a
a
a
a
a
a
a
a
a
a
a
a
a
a
a
a
a
a
a
a
a
a
a
a
a
a
a
a
a
a
a
a
a
a
a
a
a
a
a
a
a
a
a
a
a
a
a
a
a
a
a
a
a
a
a
a
a
a
a
a
a
a
a
a
a
a
a
a
a
a
a
a
a
a
a
a
a
a
a
a
a
a
a
a
a
a
a
a
a
a
abbey
abbey
abbey
abbots
abhor
abhorr
about
about
about
about
about
about
about
about
about
above
above
abroad
abroad
absent
accent
accordingly
account
accounts
ache
achieved
acquaint
acquaintance
act
act
act
act
act
act
act
act
act
act
act
act
act
act
act
act
act
act
act
act
act
act
action
action
action
action
action
actions
actions
acts
add
add
addition
adieu
adieu
adjunct
admit
admit
adulterates
advanced
advantage
advantage
advantage
advantage
advantage
advantage
adventure
adverse
advice
advised
advised
aery
afeard
affairs
affections
afflicted
affliction
affright
afraid
afraid
after
after
after
after
after
after
again
again
again
again
again
again
again
again
again
again
again
again
again
again
again
again
again
again
again
again
again
again
again
again
again
again
again
again
again
against
against
against
against
against
against
against
against
against
against
against
against
against
against
against
age
ago
ague
ah
aid
aim
air
air
airy
alack
alarums
alarums
alarums
albeit
alchemist
alike
alike
alive
alive
all
all
all
all
all
all
all
all
all
all
all
all
all
all
all
all
all
all
all
all
all
all
all
all
all
all
all
all
all
all
all
all
all
all
all
all
all
all
all
all
all
all
all
all
all
all
all
all
all
all
all
all
all
all
all
all
all
all
all
all
all
all
all
all
all
all
all
all
all
all
allay
allegiance
allegiance
almost
almost
almost
almost
alone
alone
alone
alone
alone
alone
alone
alone
aloud
already
altar
altar
alter
although
although
am
am
am
am
am
am
am
am
am
am
am
am
am
am
am
am
am
am
am
am
am
am
am
am
am
am
amazed
amazed
amazed
amazed
amazed
amazement
amazons
ambition
ambitious
amen
amen
amiable
amiss
amiss
amity
amity
amity
amity
among
ample
an
an
an
an
an
an
an
an
an
an
an
an
an
an
an
an
an
an
an
an
an
an
an
an
an
an
an
an
an
anatomy
ancient
and
and
and
and
and
and
and
and
and
and
and
and
and
and
and
and
and
and
and
and
and
and
and
and
and
and
and
and
and
and
and
and
and
and
and
and
and
and
and
and
and
and
and
and
and
and
and
and
and
and
and
and
and
and
and
and
and
and
and
and
and
and
and
and
and
and
and
and
and
and
and
and
and
and
and
and
and
and
and
and
and
and
and
and
and
and
and
and
and
and
and
and
and
and
and
and
and
and
and
and
and
and
and
and
and
and
and
and
and
and
and
and
and
and
and
and
and
and
and
and
and
and
and
and
and
and
and
and
and
and
and
and
and
and
and
and
and
and
and
and
and
and
and
and
and
and
and
and
and
and
and
and
and
and
and
and
and
and
and
and
and
and
and
and
and
and
and
and
and
and
and
and
and
and
and
and
and
and
and
and
and
and
and
and
and
and
and
and
and
and
and
and
and
and
and
and
and
and
and
and
and
and
and
and
and
and
and
and
and
and
and
and
and
and
and
and
and
and
and
and
and
and
and
and
and
and
and
and
and
and
and
and
and
and
and
and
and
and
and
and
and
and
and
and
and
and
and
and
and
and
and
and
and
and
and
and
and
and
and
and
and
and
and
and
and
and
and
and
and
and
and
and
and
and
and
and
and
and
and
and
and
and
and
and
and
and
and
and
and
and
and
and
and
and
and
and
and
and
and
and
and
and
and
and
and
and
and
and
and
and
and
and
and
and
and
and
and
and
and
and
and
and
and
and
and
and
and
and
and
and
and
and
and
and
angel
angel
angels
angels
angerly
angiers
angiers
angiers
angiers
angiers
angiers
angiers
angiers
angiers
angiers
angiers
angry
angry
anjou
anjou
annoyance
annoyance
anointed
anon
another
another
another
another
another
another
another
answer
answer
answer
answer
answer
answer
answer
answered
answers
antique
anvil
any
any
any
any
any
any
any
any
any
any
any
any
any
apace
apart
apart
apish
apparent
appointment
approach
approach
approach
approach
april
arch
archbishop
are
are
are
are
are
are
are
are
are
are
are
are
are
are
are
are
are
are
are
are
are
are
are
are
are
are
are
are
are
are
are
are
are
are
are
are
argument
arm
arm
arm
arm
armado
armed
armed
armed
armies
armies
armour
armours
arms
arms
arms
arms
arms
arms
arms
arms
arms
arms
arms
arms
arms
arms
arms
arms
arms
arms
arms
arms
arms
army
army
arras
arrived
arrived
art
art
art
art
art
art
art
art
art
art
art
art
art
art
arthur
arthur
arthur
arthur
arthur
arthur
arthur
arthur
arthur
arthur
arthur
arthur
arthur
arthur
arthur
arthur
arthur
arthur
arthur
arthur
arthur
arthur
arthur
arthur
arthur
arthur
arthur
arthur
arthur
arthur
arthur
arthur
arthur
arthur
arthur
arthur	
arthur	ah
arthur	alas
arthur	alas
arthur	an
arthur	are
arthur	as
arthur	good
arthur	have
arthur	hubert
arthur	i
arthur	is
arthur	mercy
arthur	no
arthur	o
arthur	o
arthur	o
arthur	o
arthur	o
arthur	the
arthur	too
artificer
artillery
as
as
as
as
as
as
as
as
as
as
as
as
as
as
as
as
as
as
as
as
as
as
as
as
as
as
as
as
as
as
as
as
as
as
as
as
as
as
as
as
as
as
as
as
as
as
as
as
as
as
as
as
as
as
as
as
as
as
as
as
as
as
as
as
as
as
as
as
as
as
as
as
as
as
as
as
as
ascension
ascension
ascension
ascension
ashamed
ashes
ashes
aside
aside
aside
ask
ask
ask
ask
ask
aspect
aspect
aspect
aspiring
assailed
assault
assemble
assistance
assistance
assurance
assured
assured
asunder
at
at
at
at
at
at
at
at
at
at
at
at
at
at
at
at
at
at
at
at
at
at
at
at
at
at
at
at
at
at
at
at
at
at
at
at
at
at
at
attempt
attend
attend
attend
attend
attendants
attendants
attendants
attended
attended
audience
audience
audience
aught
aught
austria
austria
austria
austria
austria	and
austria	do
austria	i
austria	king
austria	lady
austria	o
austria	peace
austria	rebellion
austria	thou
austria	well
authority
authority
authority
awake
away
away
away
away
away
away
away
away
away
away
away
away
away
away
away
away
away
away
away
awhile
awhile
awhile
ay
ay
babe
baby
back
back
back
back
back
back
back
back
backward
bad
bags
baked
bald
banish
bank
banks
banners
bar
barbarous
bare
bare
bargain
bargains
barr
bars
base
base
bastard
bastard
bastard
bastard
bastard
bastard
bastard
bastard
bastard
bastard
bastard
bastard
bastard
bastard	
bastard	
bastard	
bastard	
bastard	
bastard	
bastard	
bastard	
bastard	a
bastard	according
bastard	all
bastard	an
bastard	and
bastard	and
bastard	and
bastard	and
bastard	away
bastard	bastards
bastard	bell
bastard	but
bastard	but
bastard	by
bastard	by
bastard	come
bastard	drawn
bastard	ha
bastard	ha
bastard	hang
bastard	here
bastard	here
bastard	how
bastard	how
bastard	hubert
bastard	i
bastard	indeed
bastard	it
bastard	mad
bastard	no
bastard	now
bastard	o
bastard	o
bastard	o
bastard	old
bastard	once
bastard	saint
bastard	show
bastard	so
bastard	some
bastard	speed
bastard	the
bastard	the
bastard	they
bastard	thou
bastard	whate
bastard	whither
bastard	who
bastard	will
bastard	withhold
bastard	your
bastards
bastinado
bated
battering
battery
battle
battlements
battles
bawd
bawd
bawd
be
be
be
be
be
be
be
be
be
be
be
be
be
be
be
be
be
be
be
be
be
be
be
be
be
be
be
be
be
be
be
be
be
be
be
be
be
be
be
be
be
be
be
be
be
be
be
be
be
be
be
be
be
be
be
be
be
be
be
be
be
be
be
be
be
be
be
be
be
be
be
be
be
be
be
be
be
be
be
be
be
be
be
be
be
be
be
be
be
be
be
be
be
be
be
be
be
be
be
be
be
be
be
be
be
be
be
be
be
be
be
be
be
be
be
be
be
be
be
be
be
be
be
be
be
be
be
be
be
be
be
be
be
bead
beadle
beam
bear
bear
bear
bear
bear
bear
bear
bear
bear
bear
bear
bear
bear
bear
beardless
beast
beaten
beaten
beaten
beauteous
beauteous
beauty
beauty
beauty
beauty
beauty
beauty
beauty
because
because
becks
become
becomes
becomes
bed
bed
bed
bed
beds
beds
been
been
been
been
been
been
been
before
before
before
before
before
before
before
before
before
before
before
before
before
before
before
before
before
before
before
befriend
beg
beggar
beggar
beggars
beggary
begot
beguiled
begun
behalf
behaviors
beheld
beheld
behind
behold
behold
being
being
being
being
being
being
being
being
beldams
belie
belief
believe
believe
believe
believe
believe
believe
believe
believed
bell
bells
bend
bend
bent
beseech
beseems
beshrew
beshrew
besides
besieged
besmear
best
best
best
best
best
best
best
best
bestained
bestow
bethump
betime
better
better
better
better
better
better
better
better
better
better
better
better
between
betwixt
bias
bias
bias
bid
bid
bid
bid
bid
bid
bid
bid
bidding
bigot
bigot
bigot
bigot
bigot
bigot	
bigot	away
bigot	or
bigot	out
bigot	to
bigot	what
bigot	who
bind
bind
birth
birth
birth
birth
birth
bitter
bitterness
black
black
black
black
black
blanch
blanch
blanch
blanch
blanch
blanch
blanch
blanch
blanch
blanch
blanch	
blanch	
blanch	my
blanch	now
blanch	that
blanch	the
blanch	the
blanch	there
blaspheme
bleeding
bleeds
blessed
blessed
blessed
blessed
blessing
blest
blew
blind
blood
blood
blood
blood
blood
blood
blood
blood
blood
blood
blood
blood
blood
blood
blood
blood
blood
blood
blood
blood
blood
blood
blood
blood
blood
blood
blood
blood
blood
blood
blood
blood
blood
blood
blood
blood
blooded
bloodiest
bloods
bloodshed
bloody
bloody
bloody
bloody
bloody
bloody
bloody
bloody
bloody
bloody
bloody
bloody
bloody
bloody
bloody
bloody
bloom
blots
blow
blown
blown
blown
blown
blows
blows
blows
blush
blush
blush
blushes
blustering
boast
body
body
body
body
boisterous
boisterous
boisterously
boldness
bonds
bonds
bone
bones
bones
book
book
born
born
born
born
born
born
borne
borne
borne
borrow
bosom
bosom
bosom
bosom
bosom
bosom
bosom
bosom
both
both
both
both
both
both
both
both
both
both
both
both
bought
bought
bounce
bound
bound
bound
bound
bound
bounden
boundless
bounds
bounds
bounds
bow
bowels
bowels
boy
boy
boy
boy
boy
boy
boy
boy
boy
boy
boy
boy
boy
boy
boy
boy
boyish
brabbler
brace
braced
brag
bragging
brain
brave
brave
brave
brave
brave
braved
bravely
brawl
braying
brazen
breach
breadth
break
break
break
break
break
break
break
break
break
break
breaking
breaks
breaks
breast
breast
breath
breath
breath
breath
breath
breath
breath
breath
breath
breath
breath
breath
breath
breath
breath
breath
breath
breathe
breathe
breathed
breathed
breathes
breathing
breathing
breathing
breathless
breeches
breed
breeds
bretagne
bretagne
bretagne
bridal
bride
brief
brief
brief
brief
bright
bright
bring
bring
bring
brings
bristle
broke
broke
broken
broker
broker
brooded
brook
brother
brother
brought
brought
brought
brought
brought
brought
brought
brow
brow
brow
brow
brow
brows
brows
brows
brows
buckets
buckled
bud
buffets
bullets
bullets
burn
burn
burn
burn
burn
burn
burn
burning
burning
burning
burns
burst
burthens
bury
business
businesses
buss
but
but
but
but
but
but
but
but
but
but
but
but
but
but
but
but
but
but
but
but
but
but
but
but
but
but
but
but
but
but
but
but
but
but
but
but
but
but
but
but
but
but
but
but
but
but
but
but
but
but
but
but
but
but
but
but
but
but
but
but
but
but
but
but
but
but
but
but
but
but
but
but
but
butcher
buy
by
by
by
by
by
by
by
by
by
by
by
by
by
by
by
by
by
by
by
by
by
by
by
by
by
by
by
by
by
by
by
by
by
by
by
by
by
by
by
by
by
by
by
by
by
by
by
by
by
by
by
by
by
by
by
by
by
by
by
by
by
c
cabby
cain
calais
calamity
calamity
calendar
calf
calf
calf
calf
calf
calfs
call
call
call
call
call
call
call
call
calm
came
came
came
came
came
camp
camp
can
can
can
can
can
can
can
can
can
can
can
can
can
can
can
can
can
candle
canker
canker
canker
cannon
cannon
cannoneer
cannons
cannons
cannot
cannot
cannot
cannot
cannot
cannot
cannot
cannot
cannot
cannot
cannot
cannot
canonized
canst
canst
canst
canst
canterbury
capable
capable
carcass
cardinal
cardinal
cardinal
cardinal
cardinal
cardinal
cardinal
cardinal
cardinal
cardinal
cardinal
cardinal
cardinal
cardinal
cardinal
cardinal
cardinal
cardinal
cardinal
cardinal
cardinal
cardinal
cardinal
cardinal
cardinal
cardinal
cardinal
cardinal
cardinal
cardinal
cardinal
cardinal
cardinal
cardinal
cardinal
cardinal
cardinal
cards
care
care
care
carrion
carry
casket
cast
cast
cast
castle
castle
castle
cause
cause
cause
cause
cause
cause
cause
censured
certain
certain
certain
certainly
chafed
chair
challenged
chambers
champion
champion
champion
chance
change
change
change
change
changed
changer
changing
channel
chapel
chaps
charge
charge
charge
charged
charity
charity
chase
chastised
chastisement
cheats
cheek
cheeks
cheeks
cheeks
cheeks
cheer
cheerful
cheque
cheque
cherish
cherish
cherished
chests
chevaliers
chid
chief
child
child
child
child
child
child
child
child
child
child
child
child
child
child
child
children
children
children
choke
chosen
christendom
christendom
christian
church
church
church
church
church
church
churchyard
churlish
churlish
cincture
circle
circle
circumference
citizen	a
citizen	hear
citizen	heralds
citizen	in
citizen	that
citizen	that
citizen	the
citizen	till
citizen	who
citizen	why
citizens
citizens
citizens
citizens
city
city
city
city
city
city
city
city
city
city
civil
civil
claim
claim
claim
claim
clamour
clamours
clap
clay
clearly
clearly
clears
clergymen
climate
clippeth
cloak
cloak
clock
cloddy
close
close
closed
closely
closet
clouds
clouts
clutch
coal
coal
cocker
coin
cold
cold
cold
cold
coldly
collected
colour
colours
colours
colours
colours
colours
colours
combat
combine
come
come
come
come
come
come
come
come
come
come
come
come
come
come
come
come
come
come
come
come
come
come
come
come
come
comes
comes
comes
comes
comes
comfort
comfort
comfort
comfort
comfort
comfort
comfortless
coming
commandment
comment
commission
commit
commit
commodity
commodity
commodity
commodity
commodity
common
common
common
companies
company
compassion
compell
complete
complete
compliment
composition
compound
compromise
compulsion
compulsion
concealed
conceit
concluded
condition
conduct
conduct
confess
confess
confidence
confident
confine
confining
confirm
confirm
confirmers
confound
confronted
confused
confusion
confusion
congeal
conjointly
conjunction
conjunction
conjure
conquer
conquerors
conquest
conquest
conscience
conscience
conscience
conscience
conscience
consent
consent
consent
consequently
consideration
conspire
constance
constance
constance
constance
constance
constance
constance
constance
constance
constance	
constance	
constance	a
constance	and
constance	ay
constance	gone
constance	grief
constance	he
constance	if
constance	lo
constance	look
constance	no
constance	no
constance	o
constance	o
constance	o
constance	o
constance	o
constance	that
constance	thou
constance	thou
constance	to
constance	war
constance	what
constance	which
constance	yes
constance	you
constant
constraint
constraint
consume
contagious
containing
contemn
contemplation
contemptuous
content
content
content
content
continue
contradict
contrary
contrary
control
controlling
conversant
convertite
convicted
cool
cool
cools
copied
copy
cord
cord
coronation
corrupted
corrupted
corruptibly
corruption
couch
could
could
could
could
could
could
could
could
could
could
couldst
couldst
counsel
counsel
counsel
counsel
count
count
count
count
countercheque
counterfeit
counties
counts
coupled
coupled
courage
course
course
course
course
course
course
course
court
cousin
cousin
cousin
cousin
cousin
cousin
cover
covetousness
coward
crafty
create
create
creature
creditor
creep
crest
crest
crest
crest
crest
crest
cried
cries
crimson
crooked
cross
crouch
crow
crown
crown
crown
crown
crown
crown
crown
crown
crown
crown
crown
crown
cruel
cruel
cry
cry
cry
cry
crying
cudgel
cudgell
cull
cull
cunning
cunning
cure
cure
cure
cures
curing
current
currents
curse
curse
curse
curse
curse
curse
curse
curse
curse
curse
curse
curse
curse
cursed
cursed
curses
curses
customed
cut
cutting
d
d
d
d
d
d
d
d
d
d
d
d
d
d
d
d
d
d
d
d
d
d
d
d
d
d
d
d
d
d
d
d
d
d
d
d
d
d
d
d
d
d
d
d
d
d
d
d
d
d
d
d
d
d
d
d
d
d
d
d
d
d
d
d
d
d
d
d
d
d
d
d
d
d
d
d
d
d
d
d
d
d
d
d
d
d
d
d
d
d
d
d
d
d
d
d
d
d
d
d
d
d
d
d
d
d
d
d
d
d
d
d
d
d
d
d
d
d
d
d
d
d
d
d
d
d
d
d
d
d
d
d
d
d
d
dad
daily
damn
damn
damn
damn
damnation
damned
damned
dancing
danger
danger
danger
danger
danger
dangerous
dangerous
dangerously
dangers
dare
darest
darest
darkly
dash
date
daughter
daughter
daughter
dauntless
dauphin
dauphin
dauphin
dauphin
dauphin
dauphin
dauphin
dauphin
dauphin
dauphin
dauphin
dauphin
dauphin
dauphin
dauphin
dauphin
day
day
day
day
day
day
day
day
day
day
day
day
day
day
day
day
day
day
day
day
day
day
day
day
day
day
day
day
day
day
day
day
day
day
day
day
day
day
day
day
day
day
day
days
days
days
days
dead
dead
dead
dead
dead
dead
dead
dead
dead
dead
dead
dead
dead
dead
deadly
deaf
deal
dealt
dear
dear
dear
dear
dearest
dearly
death
death
death
death
death
death
death
death
death
death
death
death
death
death
death
death
death
death
death
death
death
death
death
death
death
death
death
decay
deceased
deceit
deceive
deed
deed
deed
deed
deed
deed
deed
deeds
deeds
deeds
deep
deep
deep
deep
defence
defence
defence
defend
defy
defy
degenerate
delight
deliver
deliver
demand
demand
demand
demand
den
den
denies
denounce
denouncing
deny
departed
departure
depend
depending
deposed
deputies
deputy
deserve
deserved
desires
desolation
despair
despair
desperate
despite
destiny
destroy
destruction
determined
detestable
devil
devil
devil
devil
devil
devil
devil
devise
devise
devoured
devout
dew
dew
did
did
did
did
did
did
did
did
did
did
did
did
did
did
did
did
did
did
did
did
did
did
did
did
did
did
did
didst
didst
didst
didst
didst
didst
didst
didst
didst
die
die
die
die
die
die
die
die
die
died
died
dies
dies
dies
difference
difference
differences
different
dignity
dim
direct
direction
direction
directly
discarded
discipline
discipline
discolour
discontent
discontent
discontented
discontented
discontents
discord
disease
disfigured
disguised
disguised
dishabited
disjoin
disjoin
disjoining
dismember
dismiss
disorder
dispatch
dispiteous
display
display
displeasure
disposed
dispossess
dissever
distemper
distemper
distrust
disturb
dive
divers
divided
divinely
do
do
do
do
do
do
do
do
do
do
do
do
do
do
do
do
do
do
do
do
do
do
do
do
do
do
do
do
do
do
do
do
do
do
do
do
do
do
do
do
do
do
do
do
do
do
do
do
do
do
do
do
do
do
do
do
do
do
do
do
do
do
do
do
do
do
do
do
do
doff
dog
dogged
dogged
dogs
doing
doing
dominions
done
done
done
done
done
done
done
done
done
done
done
done
doom
doom
door
door
door
doors
dost
dost
dost
dost
dost
dost
dost
dost
dost
dost
dost
dost
dost
dost
dost
doth
doth
doth
doth
doth
doth
doth
doth
doth
doth
doth
doth
doth
doth
doth
doth
doth
doth
doth
doth
doth
double
double
double
doubt
doubt
doubt
doubt
doubt
doubt
doubtful
doubtless
doubts
dover
down
down
down
down
down
down
down
down
down
down
down
down
down
down
down
down
down
down
dowry
dowry
dozen
dragon
draw
draw
drawing
drawing
drawn
drawn
drawn
dreadful
dreadful
dreadful
dreadful
dreadful
dreamer
dreams
drew
drift
drink
drive
drive
droop
drop
drop
drop
drop
drops
dross
drown
drowsy
drowsy
drum
drum
drums
drums
drums
drums
drums
drunk
duke
duke
dull
dumb
dunghill
dust
dust
dust
dust
dust
duty
duty
dwarfish
dying
e
e
each
each
each
each
each
each
each
eagle
ear
ear
ear
ear
ear
ear
earl
ears
ears
ears
ears
earth
earth
earth
earth
earth
earth
earthquake
earthy
ease
ease
easier
easily
east
east
easy
easy
eat
echo
edmundsbury
edmundsbury
edmundsbury
education
effect
effect
effusion
either
elder
elinor
elinor
elinor
elinor	come
elinor	farewell
elinor	look
elinor	my
elinor	o
elinor	son
elinor	thou
else
else
else
else
else
embattailed
embounded
embrace
embracing
emperor
employ
empty
en
en
en
encounter
end
end
end
endamagement
endeared
ends
ends
enemies
enemies
enemies
enemies
enemies
enemy
enemy
enemy
enforce
enforce
enforced
enfranchisement
england
england
england
england
england
england
england
england
england
england
england
england
england
england
england
england
england
england
england
england
england
england
england
england
england
england
england
england
england
england
england
england
england
england
english
english
english
english
english
english
english
english
english
english
english
english
englishman
englishman
enjoys
enkindled
enkindled
enough
enough
enraged
enraged
ensue
ensues
enter
enter
enter
enter
enter
enter
enter
enter
enter
enter
enter
enter
enter
enter
enter
enter
enter
enter
enter
enter
enter
enter
enter
enter
enter
enter
enter
enter
enter
enter
enter
enter
enter
enter
enter
enter
enter
enter
enter
enterprise
entertain
entrance
entreaties
envy
equal
equal
equality
equity
er
er
er
er
er
er
er
er
er
er
er
er
er
er
er
er
er
er
er
erbearing
ercast
ere
ere
ere
ere
ere
ere
ere
ere
erlook
errand
error
erswell
escaped
espy
estate
eternal
even
even
even
even
even
even
even
even
even
even
even
even
even
even
even
evening
event
ever
ever
ever
ever
ever
everlasting
everlasting
every
every
evil
evil
evilly
evils
example
example
excellence
excellence
excess
exclamation
excommunicate
excommunicate
excursions
excursions
excursions
excuse
excused
excusing
executioner	i
executioner	i
executioners
executioners
executioners
executioners
exercise
exeunt
exeunt
exeunt
exeunt
exeunt
exeunt
exeunt
exeunt
exeunt
exeunt
exeunt
exeunt
exeunt
exeunt
exeunt
exeunt
exeunt
exeunt
exeunt
exeunt
exhalation
exit
exit
exit
exit
exit
exit
exit
exit
expectation
expected
expedient
expedient
expire
express
express
extends
exteriorly
external
extremes
eye
eye
eye
eye
eye
eye
eye
eye
eye
eye
eye
eye
eye
eye
eye
eye
eye
eye
eye
eye
eyeballs
eyed
eyeless
eyes
eyes
eyes
eyes
eyes
eyes
eyes
eyes
eyes
eyes
eyes
eyes
eyes
eyes
eyes
eyes
eyes
eyes
eyes
eyes
eyes
eyes
eyes
eyes
eyes
eyes
eyes
face
face
face
face
face
face
face
face
faced
faced
faced
faint
faint
faintly
fair
fair
fair
fair
fair
fair
fair
fair
fair
fair
fair
fair
fair
fair
fair
fair
fair
fair
fair
fair
fair
fair
fair
fair
fairer
fairer
fairly
faith
faith
faith
faith
faith
faith
faith
faith
faith
faith
faith
faith
faith
faith
faith
faith
faith
faithful
faithless
faiths
faiths
fall
fall
fall
fall
fall
fall
fall
fall
fall
fall
fall
fall
fallen
false
false
false
false
false
false
falsehood
falsehood
falsehood
falsely
familiarly
fangs
fantasied
far
fare
fare
fares
farewell
farewell
farther
fashion
fast
fast
fast
fast
fasting
fat
father
father
father
father
father
father
father
father
faulconbridge
faulconbridge
faulconbridge
faulconbridge
faulconbridge
fault
fault
fault
fault
fault
fault
favour
favour
favour
fear
fear
fear
fear
fear
fear
fear
fear
fear
fear
fear
fear
fear
fear
fearful
fearful
fearful
fearful
fearfully
fearing
fears
fears
fears
fears
fears
fears
fears
fears
fears
fears
feast
feast
feasts
feasts
feathers
feature
fed
feeble
feeble
feebled
feed
feel
feeling
feet
feet
fell
fellow
fellow
fellowship
felt
fence
festival
fetch
fever
fever
fever
few
fickle
field
field
field
field
field
field
field
field
field
field
field
fields
fiend
fierce
fierce
fierce
fierce
fiery
fiery
fiery
fifteen
fifth
fight
fight
fight
fight
figure
fill
fill
fill
fills
find
find
find
find
find
find
find
find
find
find
find
find
find
find
fine
fine
fingers
fingers
finished
fire
fire
fire
fire
fire
fire
fire
fire
fire
fire
fire
fire
fire
fire
firm
firm
first
first
first
first
first
first
first
first
first
first
first
first
first
first
first
first
first
first
first
first
first
first
first
first
fist
fit
fit
fit
fit
fitting
five
five
fixed
fixed
flags
flat
flatly
flats
flatter
flattering
flattering
fled
fleet
flesh
flesh
flesh
fleshly
flight
flight
fling
flinty
flood
flood
flood
flout
fly
fly
foe
foes
foes
folded
follow
follow
follow
fond
fond
fondly
food
fool
fool
foolish
foolish
foot
foot
foot
foot
foot
foot
foot
foot
foot
footing
for
for
for
for
for
for
for
for
for
for
for
for
for
for
for
for
for
for
for
for
for
for
for
for
for
for
for
for
for
for
for
for
for
for
for
for
for
for
for
for
for
for
for
for
for
for
for
for
for
for
for
for
for
for
for
for
for
for
for
for
for
for
for
for
for
for
for
for
for
for
for
for
for
for
for
for
for
for
forage
forbid
forbid
force
force
forced
fore
forehead
foreign
foreign
foreign
foreigners
fores
foresaid
forget
forget
forget
forget
forget
forget
forgive
forgive
form
form
form
form
form
form
form
form
former
former
formless
forsworn
forsworn
forsworn
forsworn
forsworn
forsworn
forsworn
forth
forth
forth
forth
forth
forth
forth
forth
forth
forth
forth
forth
forth
fortified
fortune
fortune
fortune
fortune
fortune
fortune
fortune
fortune
fortune
fortune
fortune
fortune
fortunes
forward
forward
foster
fought
foul
foul
foul
foul
foul
foul
foul
foul
found
found
foundation
four
france
france
france
france
france
france
france
france
france
france
france
france
france
france
france
france
france
france
france
france
france
france
france
france
france
france
france
france
france
france
france
france
free
free
freeze
french
french
french
french
french
french
french
french
french
french
french
french
french
french
french
french
frenchmen
frenzy
fresh
friend
friend
friend
friend
friend
friend
friend
friend
friend
friendly
friends
friends
friends
friends
friends
friends
friends
friends
friends
friends
friends
fright
frighting
frights
from
from
from
from
from
from
from
from
from
from
from
from
from
from
from
from
from
from
from
from
from
from
from
from
from
from
from
from
from
from
from
from
from
from
from
from
from
from
from
from
from
from
from
from
from
from
from
fronts
frown
frown
frown
frown
frowning
frowns
fruit
full
full
full
full
full
full
full
fulness
fulsome
further
further
further
fury
fury
fury
gain
gain
gainst
gainst
gainst
gall
gall
gallant
gallant
game
game
gap
gape
garments
garnish
gates
gates
gates
gates
gates
gates
gates
gates
gates
gates
gauntlets
gave
gave
gawds
geffrey
geffrey
general
gentle
gentle
gentle
gentle
gentle
gentle
gentle
gentle
gentle
gentle
gentle
gentle
gentle
gentleman
gentleman
gentlemen
gently
gentry
george
get
get
get
get
ghost
giant
giddy
giddy
gifts
gild
gild
gilt
girdle
give
give
give
give
give
give
give
give
give
give
give
give
give
give
give
give
given
gives
gives
givest
giving
giving
glad
glad
glister
glittering
glorified
glorify
glorious
glorious
glory
glory
glory
glory
glow
glue
gnat
go
go
go
go
go
go
go
go
go
go
go
go
go
go
go
go
go
go
go
go
go
go
go
go
go
go
go
god
god
god
god
god
goes
goes
going
gold
gold
gold
gold
golden
golden
gone
gone
gone
gone
gone
gone
gone
gone
gone
good
good
good
good
good
good
good
good
good
good
good
good
good
good
good
good
good
good
goods
goodwin
goodwin
gossiping
grace
grace
grace
grace
grace
graceless
gracious
gracious
grain
grandam
grandam
grandam
grandsire
grant
grant
grant
grapple
grapple
grappling
grave
grave
grave
grave
grave
grave
great
great
great
great
great
great
great
great
great
great
great
great
great
great
great
great
great
greater
greatest
greatness
greatness
greatness
greatness
green
green
greens
grief
grief
grief
grief
grief
grief
grief
grief
grief
grief
grief
grief
grief
griefs
grieved
grieved
grieves
grievously
grim
grin
gripe
grossly
grossly
grossly
ground
ground
ground
ground
ground
ground
ground
ground
grovelling
grows
grows
guard
guarded
guilty
had
had
had
had
had
had
had
had
had
had
had
had
had
had
had
had
had
had
had
had
had
had
hadst
hadst
hail
hair
hair
hairs
hairs
hairs
half
half
half
half
half
half
halting
hammer
hammer
hand
hand
hand
hand
hand
hand
hand
hand
hand
hand
hand
hand
hand
hand
hand
hand
hand
hand
hand
hand
hand
hand
hand
hand
hand
hand
hand
hand
hand
hand
hand
hand
hand
hand
hand
hand
hand
hand
hand
hand
hand
hand
hand
hand
hand
hand
hand
handercher
hands
hands
hands
hands
hands
hands
hands
hands
hang
hang
hang
hang
hang
hang
hang
hang
hang
hangs
happiness
happy
happy
happy
happy
happy
happy
harbour
harbourage
hard
hard
hardly
hark
harm
harm
harm
harm
harm
harm
harmful
harmful
harmful
harness
harsh
has
hast
hast
hast
hast
hast
hast
hast
hast
hast
hast
hast
hast
haste
haste
haste
haste
haste
haste
hasty
hatch
hate
hate
hateful
hateful
hateful
hath
hath
hath
hath
hath
hath
hath
hath
hath
hath
hath
hath
hath
hath
hath
hath
hath
hath
hath
hath
hath
hath
hath
hath
hath
hath
hath
hath
hath
hath
hath
hath
hath
hath
hath
hath
hath
hath
hath
hath
hath
hath
hath
hath
hath
hath
hating
have
have
have
have
have
have
have
have
have
have
have
have
have
have
have
have
have
have
have
have
have
have
have
have
have
have
have
have
have
have
have
have
have
have
have
have
have
have
have
have
have
have
have
have
have
have
have
have
have
have
have
have
have
have
have
have
have
have
have
have
have
have
have
have
having
having
having
having
having
havoc
havoc
hazards
he
he
he
he
he
he
he
he
he
he
he
he
he
he
he
he
he
he
he
he
he
he
he
he
he
he
he
he
he
he
he
he
he
he
he
he
he
he
he
he
he
he
he
he
he
he
he
he
he
he
he
he
he
he
he
he
he
he
he
he
he
he
he
he
he
head
head
head
head
head
head
head
head
head
head
head
head
head
head
head
heads
heads
heads
heal
heal
health
health
hear
hear
hear
hear
hear
hear
hear
hear
hear
hear
hear
hear
hear
hear
hear
hear
hear
hear
heard
heard
heard
heard
heard
heard
heard
hearer
hears
heart
heart
heart
heart
heart
heart
heart
heart
heart
heart
heartily
heartily
hearts
hearts
hearts
hearts
hearts
heat
heat
heat
heave
heaven
heaven
heaven
heaven
heaven
heaven
heaven
heaven
heaven
heaven
heaven
heaven
heaven
heaven
heaven
heaven
heaven
heaven
heaven
heaven
heaven
heaven
heaven
heaven
heaven
heaven
heaven
heaven
heaven
heaven
heaven
heaven
heaven
heavens
heavens
heavy
heavy
heavy
heavy
heavy
heavy
heedful
heels
heels
height
heinous
heinous
heinous
heinous
held
held
hell
hell
hell
hell
hell
hell
helmets
help
hence
hence
hence
hence
hence
hence
henry
henry
henry	it
her
her
her
her
her
her
her
her
her
her
her
her
her
her
her
her
her
her
her
her
her
her
her
her
her
her
her
her
her
her
her
her
her
her
her
herald
herald
herald	rejoice
herald	you
heralds
here
here
here
here
here
here
here
here
here
here
here
here
here
here
here
here
here
here
here
here
here
here
here
here
here
here
here
here
here
heretic
heretic
herself
hide
hide
hide
hide
hideous
hideous
hiding
hie
high
high
high
high
high
higher
highness
highness
highness
highness
highness
highness
highness
hill
him
him
him
him
him
him
him
him
him
him
him
him
him
him
him
him
him
him
him
him
him
him
him
him
him
him
him
him
him
him
him
him
him
him
him
him
him
him
him
him
him
him
him
him
him
him
him
him
him
him
him
him
him
him
him
him
him
him
him
him
him
him
himself
himself
himself
himself
himself
himself
himself
himself
his
his
his
his
his
his
his
his
his
his
his
his
his
his
his
his
his
his
his
his
his
his
his
his
his
his
his
his
his
his
his
his
his
his
his
his
his
his
his
his
his
his
his
his
his
his
his
his
his
his
his
his
his
his
his
his
his
his
his
his
his
his
his
his
his
his
his
his
his
his
his
his
his
his
his
his
his
his
his
his
his
his
his
his
his
his
his
his
his
his
his
his
his
his
his
his
his
his
his
his
his
his
hither
hither
hither
hither
hither
ho
ho
hoarding
hold
hold
hold
hold
hold
hold
hold
hold
hold
hold
hold
hold
hold
hold
hold
hold
hold
holding
holds
holds
holds
holds
holds
hole
holiday
holiness
holiness
hollow
hollow
holy
holy
holy
holy
holy
holy
holy
holy
holy
holy
holy
holy
holy
holy
holy
home
home
home
home
home
honour
honour
honour
honour
honour
honour
honourable
honourable
honourable
honours
honours
hope
hope
hope
hopes
horrible
horrible
horror
horseback
hospitable
host
host
hostess
hot
hot
hot
hot
hot
hot
hot
hot
hot
hour
hour
hour
hour
hour
hour
hour
hourly
hours
house
house
household
hovers
how
how
how
how
how
how
how
how
how
how
how
how
how
how
howsoever
hubert
hubert
hubert
hubert
hubert
hubert
hubert
hubert
hubert
hubert
hubert
hubert
hubert
hubert
hubert
hubert
hubert
hubert
hubert
hubert
hubert
hubert
hubert
hubert
hubert
hubert
hubert
hubert
hubert
hubert
hubert
hubert
hubert
hubert
hubert
hubert
hubert
hubert
hubert	
hubert	
hubert	
hubert	
hubert	
hubert	a
hubert	and
hubert	and
hubert	arm
hubert	badly
hubert	but
hubert	come
hubert	come
hubert	do
hubert	do
hubert	give
hubert	go
hubert	good
hubert	heat
hubert	here
hubert	i
hubert	i
hubert	i
hubert	i
hubert	if
hubert	indeed
hubert	is
hubert	lord
hubert	lords
hubert	my
hubert	my
hubert	my
hubert	no
hubert	none
hubert	not
hubert	o
hubert	of
hubert	old
hubert	peace
hubert	silence
hubert	so
hubert	stand
hubert	the
hubert	uncleanly
hubert	unkind
hubert	upon
hubert	well
hubert	what
hubert	who
hubert	why
hubert	why
hubert	young
hue
hug
huge
huge
humorous
humour
humour
humours
hundreds
hungry
huntsmen
hurly
hurries
hurt
hurt
husband
husband
husband
husband
husbandless
hush
i
i
i
i
i
i
i
i
i
i
i
i
i
i
i
i
i
i
i
i
i
i
i
i
i
i
i
i
i
i
i
i
i
i
i
i
i
i
i
i
i
i
i
i
i
i
i
i
i
i
i
i
i
i
i
i
i
i
i
i
i
i
i
i
i
i
i
i
i
i
i
i
i
i
i
i
i
i
i
i
i
i
i
i
i
i
i
i
i
i
i
i
i
i
i
i
i
i
i
i
i
i
i
i
i
i
i
i
i
i
i
i
i
i
i
i
i
i
i
i
i
i
i
i
i
i
i
i
i
i
i
i
i
i
i
i
i
i
i
i
i
i
i
i
i
i
i
i
i
i
i
i
i
i
i
i
i
i
i
i
i
i
i
i
i
i
i
i
i
i
i
i
i
i
i
i
i
i
i
i
i
i
i
i
i
i
i
i
i
i
i
i
i
i
i
i
i
i
i
i
i
i
i
i
i
i
i
i
i
i
i
i
i
i
i
i
i
i
i
i
i
i
i
i
i
i
i
i
i
i
i
i
i
i
i
i
i
i
i
i
i
i
i	a
i	king
i	the
ice
idiot
idle
idle
idle
idleness
idly
idly
if
if
if
if
if
if
if
if
if
if
if
if
if
if
if
if
if
if
if
if
if
if
if
if
if
if
if
if
if
if
if
if
if
if
if
ignorance
ii	king
ii	lewis
ii	the
iii
iii
iii
iii
iii	before
iii	the
iii	the
ill
ill
ill
ill
ill
ill
ill
ill
ill
ill
ill
ill
image
imaginary
imminent
impatience
impediment
import
impose
imprison
imprisoned
in
in
in
in
in
in
in
in
in
in
in
in
in
in
in
in
in
in
in
in
in
in
in
in
in
in
in
in
in
in
in
in
in
in
in
in
in
in
in
in
in
in
in
in
in
in
in
in
in
in
in
in
in
in
in
in
in
in
in
in
in
in
in
in
in
in
in
in
in
in
in
in
in
in
in
in
in
in
in
in
in
in
in
in
in
in
in
in
in
in
in
in
in
in
in
in
in
in
in
in
in
in
in
in
in
in
in
in
in
in
in
in
in
in
in
in
in
in
in
in
in
in
in
in
in
in
in
in
in
in
in
in
in
in
in
in
in
in
in
in
in
in
in
in
in
in
in
in
in
in
in
in
in
in
in
in
in
in
in
in
in
in
in
in
in
in
in
in
in
in
in
in
in
in
in
in
in
in
in
in
in
in
in
in
in
in
in
in
in
in
in
in
in
incense
incensed
incensed
incessantly
inclination
inconstancy
incurable
indeed
indeed
indifferency
indignation
indignation
indignation
indignation
indirect
indirection
indue
industrious
infant
infected
infection
infer
inferior
infinite
infixed
inflamed
inflaming
inglorious
ingrate
inhabit
inheritance
injury
injustice
innocence
innocency
innocent
innocent
innocent
innocent
innocent
innocent
inquire
inseparable
inside
instant
instead
instruct
instrument
instrument
intelligence
intend
intendeth
intends
intent
intent
interest
interest
interest
interrogatories
interrupted
interruption
into
into
into
into
into
into
into
into
into
into
inundation
inundation
invasion
invasive
inveterate
inviolable
invocation
invulnerable
inward
iron
iron
iron
iron
iron
iron
iron
iron
iron
iron
iron
irons
irons
irons
irons
irregular
is
is
is
is
is
is
is
is
is
is
is
is
is
is
is
is
is
is
is
is
is
is
is
is
is
is
is
is
is
is
is
is
is
is
is
is
is
is
is
is
is
is
is
is
is
is
is
is
is
is
is
is
is
is
is
is
is
is
is
is
is
is
is
is
is
is
is
is
is
is
is
is
is
is
is
is
is
is
is
is
is
is
is
is
is
is
is
is
is
is
is
is
is
is
is
is
is
is
is
is
is
is
is
is
is
is
is
is
is
is
is
is
is
is
is
is
is
is
is
is
is
is
is
is
is
is
is
is
islanders
isle
isle
issue
issue
it
it
it
it
it
it
it
it
it
it
it
it
it
it
it
it
it
it
it
it
it
it
it
it
it
it
it
it
it
it
it
it
it
it
it
it
it
it
it
it
it
it
it
it
it
it
it
it
it
it
it
it
it
it
it
it
it
it
it
it
it
it
it
it
it
it
it
it
it
it
it
it
it
it
it
it
it
it
it
it
it
it
it
it
it
it
it
it
it
it
it
it
it
it
it
it
it
it
it
it
it
it
it
it
it
it
it
it
it
it
italian
itself
itself
itself
itself
itself
itself
itself
iv
iv
iv
iv	another
iv	the
jades
jaws
jeopardy
jerusalem
jest
jest
jest
jewel
john
john
john
john
john
john
john
john
john
john
john
john
john
john
john
john
john
john
john
john
john
john
john
john
john
john
john
john
john
john
john
john
john
john
john
john
john
john
john
john
john
john
john	
john	
john	
john	
john	acknowledge
john	ay
john	bear
john	come
john	cousin
john	coz
john	death
john	do
john	doth
john	doth
john	england
john	enough
john	five
john	for
john	for
john	france
john	france
john	gentle
john	good
john	hadst
john	have
john	here
john	how
john	hubert
john	hubert
john	if
john	in
john	is
john	it
john	let
john	my
john	nay
john	no
john	now
john	now
john	o
john	o
john	philip
john	some
john	speak
john	speak
john	spoke
john	tell
john	that
john	the
john	the
john	then
john	then
john	they
john	this
john	thou
john	though
john	thus
john	to
john	up
john	we
john	we
john	we
john	we
john	what
john	what
john	whose
john	why
john	why
john	withhold
john	would
join
join
join
join
join
jolly
journey
joy
joy
joy
judge
juggling
just
keen
keep
keep
keep
keep
keep
keep
keep
keep
keep
keep
keep
keep
keep
keep
keep
keeper
kent
kent
kept
kept
kept
kept
kill
kill
kill
kill
kill
kind
kind
kind
kind
kindled
kindled
kindred
king
king
king
king
king
king
king
king
king
king
king
king
king
king
king
king
king
king
king
king
king
king
king
king
king
king
king
king
king
king
king
king
king
king
king
king
king
king
king
king
king
king
king
king
king
king
king
king
king
king
king
king
king
king
king
king
king
king
king
king
king
king
king
king
king
king
king
king
king
king
king
king
king
king
king
king
king
king
king
king
king
king
king
king
king
king
king
king
king
king
king
king
king
king
king
king
king
king
king
king
king
king
king
king
king
king
king
king
king
king
king
king
king
king
king
king
king
king
king
king
king
king
king
king
king
king
king
king
king
king
king
king
king
king
king
king
king
king
king
king
king
king
king
king
king
king
king
king
king
king
king
king
king
king
king
king
king
king
king
king
king
king
king
king
king
kingdom
kingdom
kingdom
kingdom
kingdom
kingdom
kingdoms
kingly
kings
kings
kings
kings
kings
kings
kings
kings
kings
kings
kings
kings
kings
kings
kings
kings
kings
kings
kings
kinsman
kinsman
kinsman
kinsman
kiss
kiss
kiss
kiss
knee
knee
kneeling
knew
knew
knit
knit
knit
knit
knot
know
know
know
know
know
know
know
know
know
know
know
know
know
know
know
know
know
know
know
knowing
knowledge
known
knows
knows
knows
labour
labour
lack
lack
lacking
lad
ladies
lady
lady
lady
lady
lady
lady
lady
lady
lady
lady
lady
lady
lady
lady
lady
lady
lady
lady
ladyship
lamb
lamentable
lances
land
land
land
land
land
land
land
land
land
land
landed
langton
large
large
last
last
last
lasting
late
lately
later
latest
laughter
law
law
law
law
law
law
law
law
lawful
lawful
lawful
lawful
lay
lay
lay
lay
lay
lays
ld
le
lead
leading
league
league
league
league
league
league
league
lean
leap
leaps
learn
learn
least
leave
leave
leave
leave
leave
leave
leave
leave
leave
leaves
led
led
left
left
left
left
left
legate
legate
legate
legate
legate
leisure
lesser
lest
lest
let
let
let
let
let
let
let
let
let
let
let
let
let
let
let
let
let
let
let
let
let
let
let
let
let
let
let
let
let
let
let
let
let
letter
letters
levied
lewis
lewis
lewis
lewis
lewis
lewis
lewis
lewis
lewis
lewis
lewis
lewis	
lewis	a
lewis	ah
lewis	all
lewis	and
lewis	as
lewis	bethink
lewis	but
lewis	father
lewis	here
lewis	i
lewis	i
lewis	lady
lewis	may
lewis	my
lewis	nay
lewis	outside
lewis	she
lewis	strike
lewis	strong
lewis	the
lewis	there
lewis	there
lewis	well
lewis	what
lewis	your
liable
liable
liable
liberty
liberty
liberty
liberty
liberty
lie
lie
lie
lie
liege
liege
liege
liege
lien
lies
lies
lies
lies
lies
lies
lies
lies
lieu
life
life
life
life
life
life
life
life
life
life
life
life
life
life
life
life
life
life
life
life
life
life
light
light
light
light
like
like
like
like
like
like
like
like
like
like
like
like
like
like
like
like
like
like
like
like
like
like
like
like
like
likeness
likes
liking
lilies
lily
limbs
limbs
limbs
limbs
limbs
lime
limited
lincoln
line
line
line
lines
linked
lion
lion
lion
lion
lion
lion
lioness
lions
lips
lips
lips
list
listen
litter
litter
little
little
little
little
little
little
little
little
little
little
little
little
little
little
little
live
live
live
live
live
live
live
lives
lives
lives
lives
lives
living
ll
ll
ll
ll
ll
ll
ll
ll
ll
ll
ll
ll
ll
ll
ll
ll
ll
ll
ll
ll
ll
ll
ll
loath
lock
lock
london
long
long
long
long
long
long
long
longer
look
look
look
look
look
look
look
look
look
look
look
look
look
look
looked
looks
looks
looks
looks
loose
loose
lord
lord
lord
lord
lord
lord
lord
lord
lord
lord
lord
lord
lord
lord
lord
lord
lord
lord
lord
lord
lord
lord
lord
lords
lords
lords
lords
lords
lords
lords
lords
lords
lords
lords
lords
lords
lords
lose
lose
lose
lose
lose
lose
lose
lose
losing
loss
loss
loss
loss
loss
loss
lost
lost
lost
lost
lost
loud
loud
loud
loud
lout
lout
love
love
love
love
love
love
love
love
love
love
love
love
love
love
love
love
love
love
love
love
love
love
love
love
love
love
love
love
love
love
love
loved
loved
lovely
lovely
loves
loves
loves
lovest
loving
loving
loving
low
loyal
lucifer
lusty
lusty
lusty
lusty
lusty
lymoges
mad
mad
mad
mad
mad
mad
mad
mad
madam
madam
madam
made
made
made
made
made
made
made
made
made
made
made
made
made
made
made
made
made
made
made
made
made
made
made
madly
madness
maid
maid
maid
maiden
maids
maids
maids
maine
maine
maintain
maintain
majesties
majesty
majesty
majesty
majesty
majesty
majesty
majesty
majesty
majesty
majesty
majesty
majesty
majesty
majesty
majesty
make
make
make
make
make
make
make
make
make
make
make
make
make
make
make
make
make
make
make
make
make
make
make
make
make
make
make
make
make
make
make
make
make
make
make
maker
makes
makes
makes
makes
makes
makes
makes
makes
makest
makest
making
male
malice
malice
malice
malice
malicious
man
man
man
man
man
man
man
man
man
man
man
man
man
manly
manners
manners
many
many
many
many
many
many
march
march
march
march
march
march
march
marches
mark
mark
marking
marks
marks
marriage
marriage
marriage
married
married
marry
marry
mary
masque
master
master
match
match
match
match
match
match
match
match
matter
matter
matter
matter
maul
may
may
may
may
may
may
may
may
may
may
may
may
may
may
may
may
may
may
may
may
may
may
may
may
may
may
mayst
mayst
mayst
mayst
mayst
mayst
me
me
me
me
me
me
me
me
me
me
me
me
me
me
me
me
me
me
me
me
me
me
me
me
me
me
me
me
me
me
me
me
me
me
me
me
me
me
me
me
me
me
me
me
me
me
me
me
me
me
me
me
me
me
me
me
me
me
me
me
me
me
me
me
me
me
me
me
me
me
me
me
me
me
me
me
me
me
me
me
me
me
me
me
me
me
me
me
me
me
me
me
me
me
me
me
me
me
me
me
me
me
me
me
me
me
me
me
me
me
me
me
me
me
me
me
me
me
me
me
me
me
me
me
me
me
me
me
me
me
me
me
me
me
me
me
me
me
me
me
meagre
meagre
mean
mean
meaning
means
means
means
means
means
meantime
measure
measure
measure
measure
measures
meddling
medicine
meet
meet
meet
meet
meet
meet
meet
meeting
melancholy
mell
melted
melted
melun
melun
melun
melun
melun
melun
melun
melun	fly
melun	have
melun	lead
men
men
men
men
men
men
men
men
men
men
men
men
men
men
men
men
men
men
men
merciless
mercury
mercy
mercy
mercy
mercy
merit
merit
meritorious
merrier
merriment
merry
merry
messenger
messenger
messenger
messenger
messenger
messenger	
messenger	be
messenger	from
messenger	my
messenger	my
messenger	the
messenger	under
messenger	where
messenger	whoever
messengers
met
met
met
metal
meteors
meteors
methinks
methinks
methought
metropolis
mettle
mew
midnight
midnight
might
might
might
might
might
mighty
mighty
mighty
mighty
mighty
milan
milan
mind
mind
mind
mine
mine
mine
mine
mine
mine
mine
mine
mine
mine
mine
mine
mine
mine
mine
mine
mine
mine
mine
mine
mine
mine
mine
mingled
minion
minister
minute
minutes
miracle
mirth
misbegotten
miscarry
miscarry
mischief
misery
misheard
misplaced
misspoke
mistake
mistemper
mistook
mock
mockery
modern
moe
moles
moment
monarch
money
monk
monk
monster
monster
mood
moons
moons
moral
more
more
more
more
more
more
more
more
more
more
more
more
more
more
more
more
more
more
more
more
more
more
more
more
more
more
more
more
more
more
more
more
morning
morrow
morrow
morrow
morrow
morsel
mortal
mortal
mortality
most
most
most
most
most
most
most
most
most
most
most
mote
mother
mother
mother
mother
mother
mother
mother
mother
mother
mother
mother
mother
motion
motion
motion
motion
motion
motive
mount
mount
mountain
mountains
mountains
mounted
mounted
mounts
mousing
mouth
mouth
mouth
mouth
mouth
mouth
mouth
mouth
mouth
mouth
mouth
mouths
mouths
mouths
move
move
moved
moves
much
much
much
much
much
much
much
much
much
much
much
much
multitude
munition
murder
murder
murder
murderer
murderer
murderer
murderous
murders
murmuring
muse
must
must
must
must
must
must
must
must
must
must
must
must
must
must
must
must
must
must
must
must
must
must
must
must
must
must
must
mutines
muzzled
my
my
my
my
my
my
my
my
my
my
my
my
my
my
my
my
my
my
my
my
my
my
my
my
my
my
my
my
my
my
my
my
my
my
my
my
my
my
my
my
my
my
my
my
my
my
my
my
my
my
my
my
my
my
my
my
my
my
my
my
my
my
my
my
my
my
my
my
my
my
my
my
my
my
my
my
my
my
my
my
my
my
my
my
my
my
my
my
my
my
my
my
my
my
my
my
my
my
my
my
my
my
my
my
my
my
my
my
my
my
my
my
my
my
my
my
my
my
my
my
my
my
my
my
my
my
my
my
my
my
my
my
my
my
my
my
my
my
my
my
my
my
my
my
my
my
my
my
my
my
my
my
my
my
my
my
my
my
myself
myself
myself
myself
myself
myself
myself
myself
n
n
naked
name
name
name
name
name
name
name
name
name
name
name
name
named
namely
names
nation
nation
native
native
natural
natural
naturally
nature
nature
nature
nature
nay
nay
ne
ne
ne
ne
ne
near
near
near
near
need
need
need
need
need
need
need
need
need
need
needles
needless
needs
needs
needs
needs
needs
needs
neighbourhood
neither
neither
neptune
neroes
nest
never
never
never
never
never
never
never
never
never
never
never
never
never
never
never
never
never
new
new
new
new
new
new
new
new
new
newly
newly
newness
news
news
news
news
news
news
news
news
news
news
news
news
news
news
next
next
nice
niece
niece
niece
nigh
night
night
night
night
night
night
night
night
night
night
night
night
night
night
night
night
night
nights
nimble
no
no
no
no
no
no
no
no
no
no
no
no
no
no
no
no
no
no
no
no
no
no
no
no
no
no
no
no
no
no
no
no
no
no
no
no
no
no
no
no
no
no
nobility
nobility
noble
noble
noble
noble
noble
noble
noble
noble
noble
nobleman
nobler
nobles
nobles
nobles
nods
noise
none
none
none
none
none
none
noon
noon
noon
nor
nor
nor
nor
nor
nor
north
north
not
not
not
not
not
not
not
not
not
not
not
not
not
not
not
not
not
not
not
not
not
not
not
not
not
not
not
not
not
not
not
not
not
not
not
not
not
not
not
not
not
not
not
not
not
not
not
not
not
not
not
not
not
not
not
not
not
not
not
not
not
not
not
not
not
not
not
not
not
not
not
not
not
not
not
not
not
not
not
not
not
not
not
not
not
not
not
not
not
not
not
not
not
not
not
not
not
not
not
not
not
not
not
not
not
not
not
not
not
not
not
not
not
not
not
not
not
not
not
not
not
not
not
not
not
not
not
not
not
not
not
not
not
not
not
not
not
not
not
not
not
not
not
not
not
not
not
note
note
note
noted
notes
nothing
nothing
nothing
nothing
nothing
nothing
nothing
nothing
nought
now
now
now
now
now
now
now
now
now
now
now
now
now
now
now
now
now
now
now
now
now
now
now
now
now
now
now
now
now
now
now
now
now
now
number
number
o
o
o
o
o
o
o
o
o
o
o
o
o
o
o
o
o
o
o
o
o
o
o
o
o
o
o
o
o
o
o
o
o
o
o
o
oath
oath
oath
oath
oath
oath
oath
obedience
obedience
obedience
obedience
object
occasion
occasion
occasions
ocean
ocean
ocean
odouriferous
of
of
of
of
of
of
of
of
of
of
of
of
of
of
of
of
of
of
of
of
of
of
of
of
of
of
of
of
of
of
of
of
of
of
of
of
of
of
of
of
of
of
of
of
of
of
of
of
of
of
of
of
of
of
of
of
of
of
of
of
of
of
of
of
of
of
of
of
of
of
of
of
of
of
of
of
of
of
of
of
of
of
of
of
of
of
of
of
of
of
of
of
of
of
of
of
of
of
of
of
of
of
of
of
of
of
of
of
of
of
of
of
of
of
of
of
of
of
of
of
of
of
of
of
of
of
of
of
of
of
of
of
of
of
of
of
of
of
of
of
of
of
of
of
of
of
of
of
of
of
of
of
of
of
of
of
of
of
of
of
of
of
of
of
of
of
of
of
of
of
of
of
of
of
of
of
of
of
of
of
of
of
of
of
of
of
of
of
of
of
of
of
of
of
of
of
of
of
of
of
of
of
of
of
of
of
of
of
of
of
of
of
of
of
of
of
of
of
of
of
of
of
of
of
of
of
of
of
of
of
of
of
of
of
of
of
of
of
of
of
of
of
of
of
of
of
of
of
of
of
of
of
of
of
of
of
of
of
of
of
of
of
of
of
of
of
of
of
of
of
of
of
of
of
of
of
of
of
of
of
of
of
of
of
of
of
of
of
of
of
of
of
of
of
of
of
of
of
of
of
of
of
of
of
of
of
of
of
of
of
of
of
of
of
of
of
of
of
of
of
of
of
of
of
of
of
of
of
of
of
of
of
of
of
of
of
of
of
of
of
of
of
of
of
of
of
of
of
of
of
of
of
of
of
of
of
of
of
of
of
of
of
of
of
of
of
of
of
of
of
of
of
of
of
of
of
of
of
of
of
of
of
of
of
of
of
of
of
of
of
of
of
of
of
of
of
of
of
of
of
of
of
of
of
of
of
of
of
of
of
of
of
of
of
of
off
off
off
off
off
off
off
off
off
off
off
offence
offence
offend
offend
offending
offer
offer
offer
offer
office
office
oft
oft
oftentimes
old
old
old
old
old
old
old
old
on
on
on
on
on
on
on
on
on
on
on
on
on
on
on
on
on
on
on
on
on
on
on
on
on
on
on
on
on
on
on
on
on
on
on
on
on
on
on
on
on
on
on
on
on
on
on
on
on
on
on
on
on
on
on
on
on
on
on
on
on
on
on
on
on
on
on
on
on
on
on
on
on
on
on
once
once
once
once
once
once
one
one
one
one
one
one
one
one
one
one
one
one
one
ones
only
only
only
only
only
onset
ope
ope
open
open
open
open
opinion
oppose
opposite
opposite
oppressed
oppression
oppression
or
or
or
or
or
or
or
or
or
or
or
or
or
or
or
or
or
or
or
or
or
or
or
or
or
or
or
or
or
orchard
ordain
order
order
order
order
ordering
orderless
orders
ordinance
ordinary
other
other
other
other
other
other
other
other
other
other
others
others
others
our
our
our
our
our
our
our
our
our
our
our
our
our
our
our
our
our
our
our
our
our
our
our
our
our
our
our
our
our
our
our
our
our
our
our
our
our
our
our
our
our
our
our
our
our
our
our
our
our
our
our
our
our
our
our
our
our
our
our
our
our
our
our
our
our
our
our
our
our
our
our
our
our
our
our
our
our
our
our
our
our
our
our
our
our
our
ours
ourselves
ourselves
out
out
out
out
out
out
out
out
out
out
out
out
out
out
out
out
out
out
out
out
out
out
out
out
out
out
out
out
out
out
out
out
out
out
out
out
out
outface
outlook
outrage
outscold
outside
outward
over
over
overbear
overlooks
overthrow
owe
owe
owed
owes
owes
own
own
own
own
own
own
owner
ox
pagan
painfully
pains
pains
pains
paint
paint
painted
painted
pair
palace
palace
pale
pale
pale
palm
palm
palm
pandulph
pandulph
pandulph
pandulph
pandulph
pandulph	
pandulph	all
pandulph	before
pandulph	courage
pandulph	give
pandulph	hail
pandulph	how
pandulph	i
pandulph	if
pandulph	it
pandulph	lady
pandulph	o
pandulph	philip
pandulph	so
pandulph	take
pandulph	the
pandulph	then
pandulph	there
pandulph	what
pandulph	you
pandulph	you
pandulph	you
pandulph	your
pangs
paper
pardon
pardon
pardon
pardon
pardon
parle
parle
parley
parley
part
part
part
part
part
part
part
part
part
part
part
part
parts
parts
party
party
party
pass
passage
passage
passion
passion
passion
passion
passionate
past
past
patch
patches
pate
path
pattern
pause
pause
pause
pavilion
paw
pawn
pawns
pay
pay
peace
peace
peace
peace
peace
peace
peace
peace
peace
peace
peace
peace
peace
peace
peace
peace
peace
peace
peace
peace
peace
peace
peace
peace
peace
peace
peace
peace
peace
peaceful
peering
peers
peers
peers
peevish
peised
pell
pembroke
pembroke
pembroke
pembroke
pembroke	
pembroke	all
pembroke	and
pembroke	but
pembroke	cut
pembroke	indeed
pembroke	it
pembroke	o
pembroke	sir
pembroke	stay
pembroke	then
pembroke	there
pembroke	they
pembroke	this
pembroke	this
pembroke	up
pembroke	when
pembroke	who
pencil
penny
people
people
people
people
peradventure
perceive
perchance
perchance
peremptory
perfect
perfect
perfection
perforce
perform
perform
performed
perfume
perhaps
peril
peril
perilous
perjured
perjured
perjured
perjury
perplex
perplex
person
person
person
persuasion
perusing
peter
peter
peter	foreknowing
petitions
philip
philip
philip
philip
philip
philip
philip
philip	
philip	
philip	
philip	
philip	amen
philip	and
philip	as
philip	bind
philip	bind
philip	brother
philip	by
philip	england
philip	good
philip	here
philip	i
philip	i
philip	i
philip	it
philip	it
philip	know
philip	let
philip	now
philip	patience
philip	peace
philip	so
philip	speak
philip	speak
philip	stand
philip	thou
philip	thy
philip	well
philip	what
philip	what
philip	when
philip	you
philip	you
phillip
philosophy
physic
pick
pick
pieces
pigmy
pitiful
pity
pity
pity
place
place
plague
plague
plain
plain
plain
plains
planks
plantagenet
plantagenets
plaster
play
play
play
play
play
play
play
plays
plays
pleading
please
pleased
pleased
pleased
pleased
pleased
pleased
pleased
pleased
pleasure
pleasure
pleasures
pleasures
plots
pluck
pluck
pluck
plume
pocket
poictiers
point
point
point
poison
policy
pomfret
pomfret
pomp
pomp
pomp
pomp
pomp
poor
poor
poor
poor
poor
pope
pope
pope
pope
pope
pope
pope
pope
pope
possess
possess
possess
possessed
possesseth
possession
possession
possession
possible
potents
pour
pours
powder
power
power
power
power
power
power
power
power
power
power
power
power
powers
powers
powers
powers
powers
powers
powers
powers
practise
practises
praise
prate
pray
pray
pray
pray
pray
prayers
precedent
precious
precious
precious
precious
preparation
preparation
prepare
prepare
prepared
prepared
presages
presence
presence
presence
presence
presences
present
present
present
presently
pretty
pretty
pretty
priest
priest
prince
prince
prince
prince
prince
prince
prince
prince
prince
prince
prince
prince
prince
prince
prince
princely
princely
princely
princes
princes
princess
princess
principle
print
prison
prison
prison
prisoner
prisoner
prisoner
prisonment
prisons
prithee
private
privilege
proceeding
proceedings
proceedings
proceedings
proceedings
proclaim
prodigies
prodigious
prodigiously
produce
produces
proffer
profound
progress
progress
promise
promised
promised
promiseth
promotions
pronounce
properly
propertied
prophesy
prophet
prophet
prophetic
prospect
prosperity
prosperity
protection
protest
proud
proud
proud
proud
proud
proud
prouder
prove
prove
prove
prove
prove
prove
proves
provided
provinces
provinces
provoke
provokes
prudent
puissance
pull
pulse
punish
punish
puppy
purchase
pure
pure
pure
purer
purged
purged
purity
purpled
purpose
purpose
purpose
purpose
purpose
purpose
purpose
purposed
purposes
purposes
purse
put
put
put
put
put
put
put
put
put
putting
quake
qualified
quantity
quarrel
quarter
quarter
quartered
queen
queen
queen
queen
queen
queen
queen
quench
quench
quest
quickly
quiet
quiet
quite
quite
race
rage
rage
rage
rage
rage
rage
rage
rage
rags
rail
rail
raileth
rain
rainbow
raise
ramm
ramping
rank
rankness
ranks
ranks
ransacking
rated
rather
rather
rather
rattle
raven
re
re
re
reach
read
read
read
read
ready
ready
realm
reason
reason
reason
reason
reason
reason
reasonable
reasons
reasons
rebellion
rebellion
rebellion
received
recompense
reconciled
recover
recreant
recreant
recreant
recreant
red
red
redeem
redress
redress
refined
reform
refrain
regiments
regreet
reign
reign
reigns
relief
religion
religion
religious
religiously
religiously
remedy
remember
remember
remember
remembrance
remembrance
remnant
remorse
remorse
remorse
remote
remove
removed
removed
renown
renowned
renowned
repair
repair
repeating
repeats
repent
repent
repentent
repetitions
reply
report
reports
request
request
requests
requests
rescue
rescued
residence
resolution
resolution
resolved
resolved
resolved
respect
respect
respect
respect
respect
respect
respect
respects
rest
rest
rest
rest
restraint
retire
retire
retire
retire
retired
retreat
return
return
return
return
return
return
revel
revenge
revenge
revenge
revenue
reverberate
reverence
reverend
reverend
revive
revolt
revolt
revolt
revolt
revolt
revolt
revolt
revolting
revolts
revolts
rheum
rheum
rheum
rhymes
ribb
ribs
ribs
rich
rich
rich
rich
rich
rich
rich
rich
rich
richard
richard
richer
richmond
ridiculous
ridiculous
right
right
right
right
right
right
right
right
right
right
right
right
right
right
right
right
right
right
ring
ring
riot
ripe
ripe
ripping
rising
rising
rites
river
rivers
roar
roaring
roaring
rob
robb
robe
rocks
rocks
roi
rolling
rome
rome
rome
rome
rome
rome
rome
rome
rome
rome
room
room
room
rose
rotten
rottenness
rough
rough
rounded
roundure
rouse
royal
royal
royal
royal
royal
royal
royal
royalty
royalty
royalty
royalty
rt
rub
rude
rude
rude
rude
rude
rue
rue
ruffian
ruin
ruled
rumour
rumour
rumours
run
run
run
run
run
run
runs
rush
rush
rush
rust
s
s
s
s
s
s
s
s
s
s
s
s
s
s
s
s
s
s
s
s
s
s
s
s
s
s
s
s
s
s
s
s
s
s
s
s
s
s
s
s
s
s
s
s
s
s
s
s
s
s
s
s
s
s
s
s
s
s
s
s
s
s
s
s
s
s
s
s
s
s
s
s
s
s
s
s
s
s
s
s
s
s
s
s
s
s
s
s
s
s
s
s
s
s
s
s
s
s
s
s
s
s
sacrament
sacred
sacred
sacrifices
sad
sad
sad
sad
sad
sad
sad
sad
sad
sad
sadly
sadness
safe
safe
safer
safety
safety
safety
safety
safety
safety
safety
safety
safety
said
said
said
said
said
sail
sail
saint
saint
saint
saint
sake
sale
salisbury
salisbury
salisbury
salisbury
salisbury
salisbury
salisbury
salisbury
salisbury
salisbury
salisbury
salisbury
salisbury	
salisbury	as
salisbury	i
salisbury	if
salisbury	in
salisbury	indeed
salisbury	it
salisbury	lords
salisbury	may
salisbury	murder
salisbury	not
salisbury	o
salisbury	or
salisbury	our
salisbury	pardon
salisbury	sir
salisbury	stand
salisbury	that
salisbury	the
salisbury	the
salisbury	the
salisbury	therefore
salisbury	this
salisbury	thou
salisbury	to
salisbury	trust
salisbury	upon
salisbury	we
salisbury	what
salisbury	when
salisbury	wounded
salute
same
same
same
same
same
same
same
same
same
sands
sands
sans
satisfy
sauciness
saucy
savage
savagery
save
save
save
saved
savours
saw
saw
saw
say
say
say
say
say
say
say
say
say
say
say
say
say
say
say
say
say
say
say
say
say
say
say
say
say
say
say
say
say
say
say
say
saying
says
says
says
says
scamble
scape
scatter
scattered
scene
scene
scene
scene
scene
scene
scene
scene
scene
scene
scene
scene
scene
scene
scenes
sceptre
scold
scope
scope
scorched
scorns
scroll
scroyles
scruple
scruples
sea
sea
seal
seal
seal
seamen
search
seas
seats
secondary
secret
secure
securely
see
see
see
see
see
see
see
see
see
see
see
see
see
see
see
see
see
see
see
see
see
see
seeing
seek
seek
seek
seek
seek
seek
seek
seek
seeking
seem
seem
seem
seen
seen
seen
sees
seized
seizure
sells
selves
semblance
send
send
send
sense
sensible
sent
sent
sent
serpent
serpent
serve
service
service
service
serving
set
set
set
set
set
set
set
set
set
set
set
set
set
set
set
setter
severally
severally
sexton
shadow
shadow
shadow
shake
shake
shake
shake
shake
shakes
shaking
shaking
shall
shall
shall
shall
shall
shall
shall
shall
shall
shall
shall
shall
shall
shall
shall
shall
shall
shall
shall
shall
shall
shall
shall
shall
shall
shall
shall
shall
shall
shall
shall
shall
shall
shall
shall
shall
shall
shall
shall
shall
shall
shall
shall
shall
shall
shall
shall
shall
shall
shall
shall
shall
shall
shall
shall
shall
shall
shall
shall
shall
shall
shall
shall
shall
shall
shall
shall
shall
shall
shall
shall
shall
shall
shall
shall
shall
shalt
shalt
shalt
shalt
shalt
shalt
shalt
shalt
shalt
shalt
shalt
shalt
shalt
sham
shame
shame
shame
shame
shame
shame
shame
shame
shame
shame
shame
shame
shame
shame
shameful
sharp
sharpest
she
she
she
she
she
she
she
she
she
she
she
she
shears
shears
sheathe
sheep
shifted
shifts
ship
shook
shoot
shoot
shoot
shore
shores
shores
shot
should
should
should
should
should
should
should
should
should
should
should
should
should
should
should
should
should
should
should
should
should
should
should
should
should
should
should
should
should
should
should
should
shout
show
show
show
show
show
show
shower
showing
shrewd
sick
sick
sick
sick
sick
sick
sick
sick
sick
sick
sickness
side
side
side
side
side
side
side
side
sides
siege
sight
sight
sight
sight
sightless
sign
signal
signs
signs
signs
signs
silken
silver
silver
silver
silver
silver
silverly
sin
sin
sin
sin
sin
sin
sin
since
since
since
since
since
since
since
sincerity
sinews
sir
sir
sir
sir
sir
sir
sirrah
sit
sit
sit
sit
sits
skill
skin
skin
skin
skin
skin
skin
skin
sky
sky
sky
sky
slain
slain
slander
slanderous
slaughter
slaughter
slaughter
slaughter
slaughter
slave
slave
slave
slaves
sleep
sleep
sleeping
slept
slight
slippers
slippery
slow
slowly
sly
small
small
smallest
smell
smile
smilest
smiling
smith
smoke
smoke
smokes
smooth
smooth
snarleth
snatch
snatch
snow
so
so
so
so
so
so
so
so
so
so
so
so
so
so
so
so
so
so
so
so
so
so
so
so
so
so
so
so
so
so
so
so
so
so
so
so
so
so
so
so
so
so
so
so
so
so
so
so
so
so
so
so
so
so
so
so
so
so
so
so
so
so
so
so
so
so
so
so
so
so
so
so
so
so
so
so
so
so
so
so
sociable
soe
soft
soft
soil
sold
soldier
soldier
soldier
soldiers
soldiers
sole
solemn
solemnity
solemnize
solemnized
some
some
some
some
some
some
some
some
something
son
son
son
son
son
son
son
son
son
son
son
son
son
son
son
son
sons
sons
soon
sooth
sooth
soothest
sore
sore
sorrow
sorrow
sorrow
sorrow
sorrows
sorrows
sorrows
sorrows
sought
soul
soul
soul
soul
soul
soul
soul
soul
soul
soul
soul
soul
soul
soul
soul
souls
souls
souls
souls
souls
souls
sound
sound
sound
sound
sound
sounding
sounds
sounds
souse
south
south
sovereign
sovereign
sovereignty
spain
spake
spake
spare
sparkle
speak
speak
speak
speak
speak
speak
speak
speak
speak
speak
speak
speak
speak
speak
speak
speak
speaks
speaks
speaks
speaks
speaks
speaks
speaks
spectacle
sped
speechless
speed
speed
speed
speed
speed
speed
speedy
spend
spent
spent
spider
spies
spill
spirit
spirit
spirit
spirit
spirit
spirit
spirit
spirit
spirit
spirit
spirit
spirits
spirits
spirits
spirits
spit
spite
spite
spite
spits
spleen
spleen
splendor
spoil
spoil
spoke
spoke
spoke
spoke
spoon
sport
spot
spots
spout
spread
sprightful
spurn
st
st
st
st
st
st
st
st
st
st
st
st
stable
staff
stain
stained
stained
stains
stalk
stamp
stamps
stand
stand
stand
stand
stand
stand
stand
stand
stand
stand
stand
stand
stand
stand
stand
stand
stands
stands
staring
stars
start
state
state
state
state
state
states
stay
stay
stay
stay
stay
stealing
steel
steeps
stench
step
step
stephen
steps
steps
stern
stern
stifle
stifled
still
still
still
still
still
still
still
stir
stir
stir
stirring
stone
stones
stones
stood
stoop
stop
stop
stop
stop
stop
stop
stopp
stored
storm
storm
storm
stout
straight
straight
strain
strange
strangely
stranger
stranger
strangle
straw
streams
streets
streets
streets
strength
strength
strength
strength
strength
strengthen
strengths
strew
strike
strike
strive
stroke
stroke
strong
strong
strong
strong
strong
strong
strong
strong
strong
stronger
stronger
strongest
strongly
struck
struggle
strumpet
stubborn
stubborn
stuck
studies
stuff
stumbling
subject
subject
subjects
subjects
subjects
submit
such
such
such
such
such
such
such
such
such
such
such
such
such
such
such
such
such
such
such
such
such
such
such
such
such
sudden
sudden
suddenly
suffer
suggestion
suggestions
suit
suit
summon
summon
sums
sun
sun
sun
sun
sun
sun
sun
sung
sunk
sunset
superfluous
supply
supply
supporter
suppose
supremacy
supreme
sure
surely
surety
surly
suspect
suspected
suspire
swallowing
swart
sway
sways
swear
swear
swear
swear
swear
swear
swear
swear
swear
swear
swears
sweet
sweet
sweet
sweet
sweet
sweet
sweet
sweet
swelling
swift
swifter
swine
swinged
swinstead
swinstead
swinstead
swinstead
swirl
swoon
sword
sword
sword
sword
swords
swords
swore
sworest
sworn
sworn
sworn
sworn
sworn
sworn
sworn
sworn
sworn
t
t
t
t
t
ta
ta
ta
table
table
tailor
take
take
take
take
take
take
take
take
take
take
take
taken
takes
taking
taking
tale
tale
tale
tale
tale
tale
tale
tale
talk
talk
talks
talks
tame
tame
taper
tarre
task
taste
taste
taste
tattering
taught
teach
teach
teach
teach
teaches
tear
tears
tears
tears
tears
tears
tedious
teeth
teeth
tell
tell
tell
tell
tell
tell
tell
tell
tell
tell
tell
tell
tell
tell
tells
tells
temper
temperate
temperate
tempest
tempest
tempest
tempest
temporize
tempt
tempt
tempts
ten
ten
tend
tender
tender
tends
tent
tent
tent
territories
terror
than
than
than
than
than
than
than
than
than
than
than
than
than
than
than
than
than
than
than
than
than
thank
thank
that
that
that
that
that
that
that
that
that
that
that
that
that
that
that
that
that
that
that
that
that
that
that
that
that
that
that
that
that
that
that
that
that
that
that
that
that
that
that
that
that
that
that
that
that
that
that
that
that
that
that
that
that
that
that
that
that
that
that
that
that
that
that
that
that
that
that
that
that
that
that
that
that
that
that
that
that
that
that
that
that
that
that
that
that
that
that
that
that
that
that
that
that
that
that
that
that
that
that
that
that
that
that
that
that
that
that
that
that
that
that
that
that
that
that
that
that
that
that
that
that
that
that
that
that
that
that
that
that
that
that
that
that
that
that
that
that
that
that
that
that
that
that
that
that
that
that
that
that
that
that
that
that
that
that
the
the
the
the
the
the
the
the
the
the
the
the
the
the
the
the
the
the
the
the
the
the
the
the
the
the
the
the
the
the
the
the
the
the
the
the
the
the
the
the
the
the
the
the
the
the
the
the
the
the
the
the
the
the
the
the
the
the
the
the
the
the
the
the
the
the
the
the
the
the
the
the
the
the
the
the
the
the
the
the
the
the
the
the
the
the
the
the
the
the
the
the
the
the
the
the
the
the
the
the
the
the
the
the
the
the
the
the
the
the
the
the
the
the
the
the
the
the
the
the
the
the
the
the
the
the
the
the
the
the
the
the
the
the
the
the
the
the
the
the
the
the
the
the
the
the
the
the
the
the
the
the
the
the
the
the
the
the
the
the
the
the
the
the
the
the
the
the
the
the
the
the
the
the
the
the
the
the
the
the
the
the
the
the
the
the
the
the
the
the
the
the
the
the
the
the
the
the
the
the
the
the
the
the
the
the
the
the
the
the
the
the
the
the
the
the
the
the
the
the
the
the
the
the
the
the
the
the
the
the
the
the
the
the
the
the
the
the
the
the
the
the
the
the
the
the
the
the
the
the
the
the
the
the
the
the
the
the
the
the
the
the
the
the
the
the
the
the
the
the
the
the
the
the
the
the
the
the
the
the
the
the
the
the
the
the
the
the
the
the
the
the
the
the
the
the
the
the
the
the
the
the
the
the
the
the
the
the
the
the
the
the
the
the
the
the
the
the
the
the
the
the
the
the
the
the
the
the
the
the
the
the
the
the
the
the
the
the
the
the
the
the
the
the
the
the
the
the
the
the
the
the
the
the
the
the
the
the
the
the
the
the
the
the
the
the
the
the
the
the
the
the
the
the
the
the
the
the
the
the
the
the
the
the
the
the
the
the
the
the
the
the
the
the
the
the
the
the
the
the
the
the
the
the
the
the
the
the
the
the
the
the
the
the
the
the
the
the
the
the
the
the
the
the
the
the
the
the
the
the
the
the
the
the
the
the
the
the
the
the
the
the
the
the
the
the
the
the
the
the
the
the
the
the
the
the
the
the
the
the
the
the
the
the
the
the
the
the
the
the
the
the
the
the
the
the
the
the
the
the
the
the
the
the
the
the
the
theatre
thee
thee
thee
thee
thee
thee
thee
thee
thee
thee
thee
thee
thee
thee
thee
thee
thee
thee
thee
thee
thee
thee
thee
thee
thee
thee
thee
thee
thee
thee
thee
thee
thee
thee
thee
thee
thee
thee
thee
thee
thee
thee
thee
thee
thee
thee
thee
thee
thee
thee
thee
thee
thee
thee
thee
thee
thee
their
their
their
their
their
their
their
their
their
their
their
their
their
their
their
their
their
their
their
their
their
their
their
their
their
their
their
their
their
their
their
their
their
their
their
their
their
their
their
their
their
their
their
their
their
theirs
them
them
them
them
them
them
them
them
them
them
them
them
them
them
them
them
them
them
them
them
them
them
them
them
them
them
them
them
themselves
themselves
themselves
then
then
then
then
then
then
then
then
then
then
then
then
then
then
then
then
then
then
then
then
then
then
then
then
then
then
then
then
then
then
then
then
thence
there
there
there
there
there
there
there
there
there
there
there
there
there
there
there
there
there
there
there
there
there
thereby
therefore
therefore
therefore
therefore
these
these
these
these
these
these
these
these
these
these
these
these
these
these
these
these
these
these
these
these
these
these
these
these
these
these
these
these
these
these
these
these
these
these
these
these
these
these
these
these
these
they
they
they
they
they
they
they
they
they
they
they
they
they
they
they
they
they
they
they
they
they
they
they
they
they
they
thick
thimbles
thin
thine
thine
thine
thine
thine
thine
thine
thine
thine
thine
thine
thine
thine
thine
thine
thine
thine
thing
thing
thing
thing
thing
things
things
things
think
think
think
think
think
think
think
think
think
think
think
think
think
think
think
think
think
think
think
thirteen
thirty
this
this
this
this
this
this
this
this
this
this
this
this
this
this
this
this
this
this
this
this
this
this
this
this
this
this
this
this
this
this
this
this
this
this
this
this
this
this
this
this
this
this
this
this
this
this
this
this
this
this
this
this
this
this
this
this
this
this
this
this
this
this
this
this
this
this
this
this
this
this
this
this
this
this
this
this
this
this
this
this
this
this
this
this
this
this
this
this
this
this
this
this
this
this
this
this
this
this
this
this
this
this
this
this
this
this
this
this
this
this
this
this
this
this
this
this
this
this
this
this
this
this
this
this
this
this
this
this
this
this
this
this
this
this
this
this
this
this
this
this
this
this
this
this
this
this
this
this
this
this
this
this
this
this
this
this
this
this
this
this
this
this
this
this
this
this
this
this
this
this
this
this
this
this
this
this
this
this
this
this
this
this
this
this
this
this
this
this
this
this
this
thorns
those
those
those
those
those
those
those
those
those
those
those
those
those
those
those
those
those
those
those
those
those
thou
thou
thou
thou
thou
thou
thou
thou
thou
thou
thou
thou
thou
thou
thou
thou
thou
thou
thou
thou
thou
thou
thou
thou
thou
thou
thou
thou
thou
thou
thou
thou
thou
thou
thou
thou
thou
thou
thou
thou
thou
thou
thou
thou
thou
thou
thou
thou
thou
thou
thou
thou
thou
thou
thou
thou
thou
thou
thou
thou
thou
thou
thou
thou
thou
thou
thou
thou
thou
thou
thou
thou
thou
thou
thou
thou
thou
thou
thou
thou
thou
thou
thou
thou
thou
thou
thou
thou
thou
thou
thou
thou
thou
thou
thou
thou
thou
thou
thou
thou
thou
thou
thou
thou
thou
thou
thou
thou
thou
thou
thou
thou
thou
though
though
though
thought
thought
thought
thought
thought
thought
thoughts
thoughts
thoughts
thoughts
thousand
thousand
thousand
thousand
thousand
thousand
thousand
thousand
thousands
thread
threaten
threatened
threatener
threatening
threatening
threats
three
thrill
thrive
thrive
throne
throne
through
throughout
throw
throw
thrust
thrust
thrust
thrust
thunder
thunder
thunder
thunder
thus
thus
thus
thus
thus
thus
thus
thus
thy
thy
thy
thy
thy
thy
thy
thy
thy
thy
thy
thy
thy
thy
thy
thy
thy
thy
thy
thy
thy
thy
thy
thy
thy
thy
thy
thy
thy
thy
thy
thy
thy
thy
thy
thy
thy
thy
thy
thy
thy
thy
thy
thy
thy
thy
thy
thy
thy
thy
thy
thy
thy
thy
thy
thy
thy
thy
thy
thy
thy
thy
thy
thy
thy
thy
thy
thyself
thyself
thyself
thyself
thyself
thyself
thyself
thyself
thyself
thyself
tickling
tickling
tide
tide
tides
tidings
tidings
tie
tiger
till
till
till
till
till
till
till
time
time
time
time
time
time
time
time
time
time
time
time
time
time
time
time
time
time
time
times
times
tis
tis
tis
tis
tis
tis
tis
tis
tis
tis
tis
tis
tithe
title
title
title
title
title
title
titles
to
to
to
to
to
to
to
to
to
to
to
to
to
to
to
to
to
to
to
to
to
to
to
to
to
to
to
to
to
to
to
to
to
to
to
to
to
to
to
to
to
to
to
to
to
to
to
to
to
to
to
to
to
to
to
to
to
to
to
to
to
to
to
to
to
to
to
to
to
to
to
to
to
to
to
to
to
to
to
to
to
to
to
to
to
to
to
to
to
to
to
to
to
to
to
to
to
to
to
to
to
to
to
to
to
to
to
to
to
to
to
to
to
to
to
to
to
to
to
to
to
to
to
to
to
to
to
to
to
to
to
to
to
to
to
to
to
to
to
to
to
to
to
to
to
to
to
to
to
to
to
to
to
to
to
to
to
to
to
to
to
to
to
to
to
to
to
to
to
to
to
to
to
to
to
to
to
to
to
to
to
to
to
to
to
to
to
to
to
to
to
to
to
to
to
to
to
to
to
to
to
to
to
to
to
to
to
to
to
to
to
to
to
to
to
to
to
to
to
to
to
to
to
to
to
to
to
to
to
to
to
to
to
to
to
to
to
to
to
to
to
to
to
to
to
to
to
to
to
to
to
to
to
to
to
to
to
to
to
to
to
to
to
to
to
to
to
to
to
to
to
to
to
to
to
to
to
to
to
to
to
to
to
to
to
to
to
to
to
to
to
to
to
to
to
to
to
to
to
to
to
to
to
to
to
to
to
to
to
toasting
together
together
together
toil
told
told
told
told
told
toll
tongue
tongue
tongue
tongue
tongue
tongue
tongue
tongue
tongue
tongue
tongue
tongue
tongue
tongue
tongue
tongue
tongue
tongue
tongue
tongue
tongue
tongue
tongue
tongues
tongues
tongues
too
too
too
too
too
too
too
too
too
too
too
too
too
too
too
too
too
took
tooth
top
top
topful
tore
torment
torture
torture
touch
touch
touch
touch
touraine
touraine
toward
toward
toward
toward
towers
towers
towers
town
town
town
town
town
town
town
town
town
town
towns
towns
townsmen
traded
train
train
traitor
translate
travell
treacherous
treachery
tread
tread
tread
tread
treading
treasure
treaty
tree
tremble
tremble
tremble
tresses
trial
trial
tried
tripping
triumphantly
trodden
trodden
troop
troop
troops
troth
troubled
troubled
troubled
troublesome
truce
truce
truce
true
true
true
true
true
true
true
true
true
true
true
true
true
true
true
true
true
true
truly
truly
truly
truly
trumpet
trumpet
trumpet
trumpet
trumpet
trumpet
trumpets
trumpets
trunks
trust
trust
trust
trust
trusting
truth
truth
truth
truth
truth
truth
truth
truth
truth
try
tug
tumbled
tumult
tuned
turn
turn
turn
turn
turn
twere
twice
twill
twisted
twixt
twixt
twixt
two
two
two
two
two
two
two
two
tyrant
ugly
ugly
unacquainted
unacquainted
unadvised
unadvised
unattempted
unbegotten
unbruised
uncle
uncle
uncle
uncle
uncle
uncle
uncle
uncle
uncleanly
unconstant
under
under
under
under
undergo
undergo
underprop
understand
understand
understand
undertake
undeserved
undetermined
undoubted
unfeignedly
unfenced
ungodly
unhack
unhair
unheard
union
united
unlook
unmannerly
unmatchable
unneighbourly
unowed
unpleasing
unprepared
unruly
unscratch
unseasonable
unsure
unsured
until
unto
unto
unto
unto
unto
unto
untread
untrimmed
untrue
unurged
unvex
unwash
unworthy
up
up
up
up
up
up
up
up
up
up
up
up
up
up
up
up
up
up
up
up
up
up
up
up
up
up
up
up
up
up
up
up
up
up
up
up
up
up
up
up
up
up
up
up
up
up
up
uphold
upholdeth
upholds
upholds
upon
upon
upon
upon
upon
upon
upon
upon
upon
upon
upon
upon
upon
upon
upon
upon
upon
upon
upon
upon
upon
upon
upon
upon
upon
upon
upon
upon
upon
upon
upon
upon
upon
urge
urge
urged
urgest
us
us
us
us
us
us
us
us
us
us
us
us
us
us
us
us
us
us
us
us
us
us
us
us
us
us
us
us
usage
use
use
use
use
use
use
used
used
useful
uses
using
usurp
usurping
utmost
utter
utterance
v
v
v
v
v
v
v
v	the
vacant
vain
vainly
valiant
valiant
valued
valueless
vantage
vast
vaults
vaulty
vaulty
vein
veins
veins
veins
veins
vengeance
venture
verify
very
very
very
very
very
very
very
very
very
very
vex
vex
vi	an
vice
victorious
victors
victory
victory
view
vigour
vii	the
vile
vile
vile
vile
vile
vile
vile
vile
vilest
villain
villain
villain
villain
villain
villain
villain
villany
villany
villany
violet
virtue
virtue
virtue
virtuous
visaged
vive
voice
voice
volley
volquessen
voluntary
voluntary
voluntary
vouchsafe
vouchsafe
vouchsafe
vouchsafe
vow
vow
vow
vow
vow
vows
vows
vows
vulgar
waist
waits
walk
walks
walks
walks
wall
wall
wall
walls
walls
walls
walls
walls
walls
walls
walls
walls
wandering
want
want
want
want
want
want
wanton
wanton
wantonness
wants
war
war
war
war
war
war
war
war
war
war
war
war
war
war
war
warlike
warlike
warlike
warlike
warm
warm
warn
warrant
warrant
warrant
warrant
warrant
warrant
warrant
wars
was
was
was
was
was
was
was
was
was
was
was
was
was
was
was
was
was
was
was
was
was
was
was
was
was
was
was
wash
washes
wasteful
watch
watch
watchful
watchful
water
water
waters
waters
wax
way
way
way
way
way
way
way
way
we
we
we
we
we
we
we
we
we
we
we
we
we
we
we
we
we
we
we
we
we
we
we
we
we
we
we
we
we
we
we
we
we
we
we
we
we
we
we
we
we
we
we
we
we
we
we
we
we
we
we
we
we
we
we
we
we
we
we
we
we
we
we
we
we
we
we
we
we
we
we
weak
weal
weal
wealth
wear
wearied
weary
weather
weather
wedding
week
weep
weep
weigh
weigh
weight
welcome
welcome
welkin
welkin
well
well
well
well
well
well
well
well
well
well
well
well
well
well
well
well
well
well
well
well
well
well
well
well
well
well
well
well
well
well
well
well
well
well
well
well
wells
were
were
were
were
were
were
were
were
were
were
were
were
were
were
were
were
were
were
were
wert
wert
west
west
western
what
what
what
what
what
what
what
what
what
what
what
what
what
what
what
what
what
what
what
what
what
what
what
what
what
what
what
what
what
what
what
what
what
what
what
what
what
what
what
what
what
what
what
what
what
what
what
what
what
when
when
when
when
when
when
when
when
when
when
when
when
when
when
when
when
when
when
when
when
whence
where
where
where
where
where
where
where
where
where
where
where
where
where
where
where
wherefore
wherefore
wherefore
wherefore
whereof
whereon
whereso
whereupon
whet
whether
which
which
which
which
which
which
which
which
which
which
which
which
which
which
which
which
which
which
which
which
which
which
which
which
which
which
which
while
while
while
while
whiles
whiles
whilst
whip
whirl
whisper
whisper
whispers
who
who
who
who
who
who
who
who
who
who
who
who
who
who
who
whole
whole
whole
whom
whom
whom
whom
whose
whose
whose
whose
whose
whose
whose
whose
whose
whose
whose
whose
whose
whose
whose
why
why
why
why
wicked
wicked
wicked
wide
wide
wide
widow
widow
widow
widow
widow
widow
wife
wife
wife
wife
wild
wild
wild
wildest
wildly
wilful
wilfully
will
will
will
will
will
will
will
will
will
will
will
will
will
will
will
will
will
will
will
will
will
will
will
will
will
will
will
will
will
will
will
will
will
will
will
will
will
will
will
will
will
will
will
will
will
will
will
will
will
will
will
will
will
will
will
will
will
will
will
will
will
will
will
will
will
will
will
will
will
will
will
will
will
will
will
will
will
will
will
will
will
will
will
will
will
will
will
will
will
will
willingly
willingly
wilt
wilt
win
win
win
win
win
win
wince
wind
wind
wind
wind
windy
winking
winking
wins
wins
wipe
wiry
wisdom
wish
wish
wish
wish
wit
witchcraft
with
with
with
with
with
with
with
with
with
with
with
with
with
with
with
with
with
with
with
with
with
with
with
with
with
with
with
with
with
with
with
with
with
with
with
with
with
with
with
with
with
with
with
with
with
with
with
with
with
with
with
with
with
with
with
with
with
with
with
with
with
with
with
with
with
with
with
with
with
with
with
with
with
with
with
with
with
with
with
with
with
with
with
with
with
with
with
with
with
with
with
with
with
with
with
with
with
with
with
with
with
with
with
with
with
with
with
with
with
with
with
with
with
with
with
with
with
with
with
with
with
with
with
with
with
with
with
with
with
with
with
with
with
with
with
with
with
with
with
with
with
with
withal
withal
withdraw
within
within
within
within
within
within
within
within
without
without
without
without
without
without
without
without
without
without
witnesses
wives
wives
woes
woes
woman
woman
woman
womanish
womb
womb
womb
won
won
won
won
wonder
wonderful
wondrous
wondrous
wondrous
woo
word
word
word
word
word
word
word
word
word
word
words
words
words
words
words
words
words
words
words
words
words
words
work
work
work
work
work
work
work
work
workmen
world
world
world
world
world
world
world
world
world
world
world
world
world
world
world
world
world
world
world
world
world
world
world
worms
worse
worship
worship
worshipped
worst
worst
worst
worth
worthiest
worthiest
worthy
would
would
would
would
would
would
would
would
would
would
would
would
would
would
would
would
would
would
would
would
would
would
would
would
would
would
wouldst
wouldst
wound
wound
wound
wound
wounded
wrapp
wrath
wrath
wrath
wrath
wreck
wreck
wrested
wrestling
wretch
wrinkle
wrinkled
wrist
writ
written
wrong
wrong
wrong
wrong
wrong
wrong
wronged
wrongs
wrongs
wrongs
wrought
wrought
wrought
y
ye
yearly
years
yesterday
yet
yet
yet
yet
yet
yet
yet
yet
yet
yet
yet
yet
yet
yet
yet
yet
yet
yet
yet
yield
yielded
yielded
yielded
yielding
yields
yon
yon
you
you
you
you
you
you
you
you
you
you
you
you
you
you
you
you
you
you
you
you
you
you
you
you
you
you
you
you
you
you
you
you
you
you
you
you
you
you
you
you
you
you
you
you
you
you
you
you
you
you
you
you
you
you
you
you
you
you
you
you
you
you
you
you
you
you
you
you
you
you
you
you
you
you
you
you
you
you
you
you
you
you
you
you
you
you
you
you
you
you
you
you
you
you
you
you
you
you
you
you
you
you
you
you
you
you
you
you
you
you
you
you
you
you
you
you
you
you
you
you
you
you
you
you
you
you
you
you
you
you
you
you
you
you
you
you
you
you
you
you
you
you
you
you
you
you
you
you
you
you
you
you
you
you
you
you
you
you
you
you
you
you
you
you
you
you
you
you
you
you
you
you
you
young
young
young
young
young
young
young
young
young
young
young
young
young
young
young
young
your
your
your
your
your
your
your
your
your
your
your
your
your
your
your
your
your
your
your
your
your
your
your
your
your
your
your
your
your
your
your
your
your
your
your
your
your
your
your
your
your
your
your
your
your
your
your
your
your
your
your
your
your
your
your
your
your
your
your
your
your
your
your
your
your
your
your
your
your
your
your
your
your
your
your
your
your
your
your
your
your
your
your
your
your
your
your
your
your
your
your
your
your
your
your
your
your
your
your
your
your
your
your
your
your
your
your
your
your
your
your
your
your
your
your
your
your
yours
yours
yours
yours
yours
yours
yours
yourself
yourself
yourself
yourself
youth
youth
youth
youthful
zeal
zeal
zeal
zeal
zeal
zealous
