000 (249130.000.000) 2024-04-06 01:04:31 Job submitted from host: <128.104.100.148:9618?addrs=128.104.100.148-9618+[2607-f388-107c-501-216-3eff-feb2-bc11]-9618&alias=learn.chtc.wisc.edu&noUDP&sock=schedd_1351356_64bc>
...
040 (249130.000.000) 2024-04-06 01:05:34 Started transferring input files
	Transferring to host: <128.105.69.183:9618?addrs=128.105.69.183-9618+[2607-f388-2200-100-1270-fdff-fe56-b9c4]-9618&alias=e2566.chtc.wisc.edu&noUDP&sock=slot1_17_649536_9f26_14892>
...
040 (249130.000.000) 2024-04-06 01:05:34 Finished transferring input files
...
001 (249130.000.000) 2024-04-06 01:05:35 Job executing on host: <128.105.69.183:9618?addrs=128.105.69.183-9618+[2607-f388-2200-100-1270-fdff-fe56-b9c4]-9618&alias=e2566.chtc.wisc.edu&noUDP&sock=startd_12700_b8dd>
	SlotName: slot1_17@e2566.chtc.wisc.edu
	CondorScratchDir = "/var/lib/condor/execute/slot1/dir_2249661"
	Cpus = 1
	Disk = 2416395
	IoHeavy = 0
	Memory = 1024
...
006 (249130.000.000) 2024-04-06 01:05:35 Image size of job updated: 1436
	2  -  MemoryUsage of job (MB)
	1156  -  ResidentSetSize of job (KB)
...
040 (249130.000.000) 2024-04-06 01:05:35 Started transferring output files
...
040 (249130.000.000) 2024-04-06 01:05:35 Finished transferring output files
...
005 (249130.000.000) 2024-04-06 01:05:35 Job terminated.
	(1) Normal termination (return value 0)
		Usr 0 00:00:00, Sys 0 00:00:00  -  Run Remote Usage
		Usr 0 00:00:00, Sys 0 00:00:00  -  Run Local Usage
		Usr 0 00:00:00, Sys 0 00:00:00  -  Total Remote Usage
		Usr 0 00:00:00, Sys 0 00:00:00  -  Total Local Usage
	1065251  -  Run Bytes Sent By Job
	1065310  -  Run Bytes Received By Job
	1065251  -  Total Bytes Sent By Job
	1065310  -  Total Bytes Received By Job
	Partitionable Resources :    Usage  Request Allocated 
	   Cpus                 :                 1         1 
	   Disk (KB)            :     2097  1048576   2416395 
	   IoHeavy              :                           0 
	   Memory (MB)          :        2     1024      1024 
	   TimeExecute (s)      :        0                    
	   TimeSlotBusy (s)     :        3                    

	Job terminated of its own accord at 2024-04-06T06:05:35Z with exit-code 0.
...
000 (249131.000.000) 2024-04-06 01:16:18 Job submitted from host: <128.104.100.148:9618?addrs=128.104.100.148-9618+[2607-f388-107c-501-216-3eff-feb2-bc11]-9618&alias=learn.chtc.wisc.edu&noUDP&sock=schedd_1351356_64bc>
...
040 (249131.000.000) 2024-04-06 01:17:12 Started transferring input files
	Transferring to host: <128.105.69.179:9618?addrs=128.105.69.179-9618+[2607-f388-2200-100-1270-fdff-fe56-778c]-9618&alias=e2562.chtc.wisc.edu&noUDP&sock=slot1_103_1158732_4489_6394>
...
040 (249131.000.000) 2024-04-06 01:17:12 Finished transferring input files
...
001 (249131.000.000) 2024-04-06 01:17:13 Job executing on host: <128.105.69.179:9618?addrs=128.105.69.179-9618+[2607-f388-2200-100-1270-fdff-fe56-778c]-9618&alias=e2562.chtc.wisc.edu&noUDP&sock=startd_12718_1192>
	SlotName: slot1_103@e2562.chtc.wisc.edu
	CondorScratchDir = "/var/lib/condor/execute/slot1/dir_2237303"
	Cpus = 1
	Disk = 2256768
	GPUs = 0
	IoHeavy = 0
	Memory = 1024
...
006 (249131.000.000) 2024-04-06 01:17:13 Image size of job updated: 3080
	1  -  MemoryUsage of job (MB)
	604  -  ResidentSetSize of job (KB)
...
040 (249131.000.000) 2024-04-06 01:17:13 Started transferring output files
...
040 (249131.000.000) 2024-04-06 01:17:13 Finished transferring output files
...
005 (249131.000.000) 2024-04-06 01:17:13 Job terminated.
	(1) Normal termination (return value 0)
		Usr 0 00:00:00, Sys 0 00:00:00  -  Run Remote Usage
		Usr 0 00:00:00, Sys 0 00:00:00  -  Run Local Usage
		Usr 0 00:00:00, Sys 0 00:00:00  -  Total Remote Usage
		Usr 0 00:00:00, Sys 0 00:00:00  -  Total Local Usage
	37  -  Run Bytes Sent By Job
	1065400  -  Run Bytes Received By Job
	37  -  Total Bytes Sent By Job
	1065400  -  Total Bytes Received By Job
	Partitionable Resources :    Usage  Request Allocated 
	   Cpus                 :                 1         1 
	   Disk (KB)            :     1057  1048576   2256768 
	   GPUs                 :                           0 
	   IoHeavy              :                           0 
	   Memory (MB)          :        1     1024      1024 
	   TimeExecute (s)      :        0                    
	   TimeSlotBusy (s)     :        2                    

	Job terminated of its own accord at 2024-04-06T06:17:13Z with exit-code 0.
...
000 (249132.000.000) 2024-04-06 01:20:24 Job submitted from host: <128.104.100.148:9618?addrs=128.104.100.148-9618+[2607-f388-107c-501-216-3eff-feb2-bc11]-9618&alias=learn.chtc.wisc.edu&noUDP&sock=schedd_1351356_64bc>
...
040 (249132.000.000) 2024-04-06 01:20:41 Started transferring input files
	Transferring to host: <128.105.69.179:9618?addrs=128.105.69.179-9618+[2607-f388-2200-100-1270-fdff-fe56-778c]-9618&alias=e2562.chtc.wisc.edu&noUDP&sock=slot1_103_1158732_4489_6424>
...
040 (249132.000.000) 2024-04-06 01:20:42 Finished transferring input files
...
001 (249132.000.000) 2024-04-06 01:20:42 Job executing on host: <128.105.69.179:9618?addrs=128.105.69.179-9618+[2607-f388-2200-100-1270-fdff-fe56-778c]-9618&alias=e2562.chtc.wisc.edu&noUDP&sock=startd_12718_1192>
	SlotName: slot1_103@e2562.chtc.wisc.edu
	CondorScratchDir = "/var/lib/condor/execute/slot1/dir_2256552"
	Cpus = 1
	Disk = 2256768
	GPUs = 0
	IoHeavy = 0
	Memory = 1024
...
006 (249132.000.000) 2024-04-06 01:20:42 Image size of job updated: 2412
	1  -  MemoryUsage of job (MB)
	108  -  ResidentSetSize of job (KB)
...
040 (249132.000.000) 2024-04-06 01:20:42 Started transferring output files
...
040 (249132.000.000) 2024-04-06 01:20:42 Finished transferring output files
...
005 (249132.000.000) 2024-04-06 01:20:42 Job terminated.
	(1) Normal termination (return value 0)
		Usr 0 00:00:00, Sys 0 00:00:00  -  Run Remote Usage
		Usr 0 00:00:00, Sys 0 00:00:00  -  Run Local Usage
		Usr 0 00:00:00, Sys 0 00:00:00  -  Total Remote Usage
		Usr 0 00:00:00, Sys 0 00:00:00  -  Total Local Usage
	37  -  Run Bytes Sent By Job
	1065379  -  Run Bytes Received By Job
	37  -  Total Bytes Sent By Job
	1065379  -  Total Bytes Received By Job
	Partitionable Resources :    Usage  Request Allocated 
	   Cpus                 :        0        1         1 
	   Disk (KB)            :     1066  1048576   2256768 
	   GPUs                 :                           0 
	   IoHeavy              :                           0 
	   Memory (MB)          :        1     1024      1024 
	   TimeExecute (s)      :        0                    
	   TimeSlotBusy (s)     :        2                    

	Job terminated of its own accord at 2024-04-06T06:20:42Z with exit-code 0.
...
000 (249133.000.000) 2024-04-06 01:23:01 Job submitted from host: <128.104.100.148:9618?addrs=128.104.100.148-9618+[2607-f388-107c-501-216-3eff-feb2-bc11]-9618&alias=learn.chtc.wisc.edu&noUDP&sock=schedd_1351356_64bc>
...
040 (249133.000.000) 2024-04-06 01:24:08 Started transferring input files
	Transferring to host: <128.105.69.175:9618?addrs=128.105.69.175-9618+[2607-f388-2200-100-1270-fdff-fe56-63d4]-9618&alias=e2558.chtc.wisc.edu&noUDP&sock=slot1_1_1465846_dd11_5781>
...
040 (249133.000.000) 2024-04-06 01:24:08 Finished transferring input files
...
001 (249133.000.000) 2024-04-06 01:24:09 Job executing on host: <128.105.69.175:9618?addrs=128.105.69.175-9618+[2607-f388-2200-100-1270-fdff-fe56-63d4]-9618&alias=e2558.chtc.wisc.edu&noUDP&sock=startd_12537_eaed>
	SlotName: slot1_1@e2558.chtc.wisc.edu
	CondorScratchDir = "/var/lib/condor/execute/slot1/dir_1364907"
	Cpus = 1
	Disk = 2256768
	GPUs = 0
	IoHeavy = 0
	Memory = 1024
...
006 (249133.000.000) 2024-04-06 01:24:09 Image size of job updated: 840
	1  -  MemoryUsage of job (MB)
	156  -  ResidentSetSize of job (KB)
...
040 (249133.000.000) 2024-04-06 01:24:09 Started transferring output files
...
040 (249133.000.000) 2024-04-06 01:24:09 Finished transferring output files
...
005 (249133.000.000) 2024-04-06 01:24:09 Job terminated.
	(1) Normal termination (return value 0)
		Usr 0 00:00:00, Sys 0 00:00:00  -  Run Remote Usage
		Usr 0 00:00:00, Sys 0 00:00:00  -  Run Local Usage
		Usr 0 00:00:00, Sys 0 00:00:00  -  Total Remote Usage
		Usr 0 00:00:00, Sys 0 00:00:00  -  Total Local Usage
	37  -  Run Bytes Sent By Job
	1065379  -  Run Bytes Received By Job
	37  -  Total Bytes Sent By Job
	1065379  -  Total Bytes Received By Job
	Partitionable Resources :    Usage  Request Allocated 
	   Cpus                 :        0        1         1 
	   Disk (KB)            :     1066  1048576   2256768 
	   GPUs                 :                           0 
	   IoHeavy              :                           0 
	   Memory (MB)          :        1     1024      1024 
	   TimeExecute (s)      :        0                    
	   TimeSlotBusy (s)     :        3                    

	Job terminated of its own accord at 2024-04-06T06:24:09Z with exit-code 0.
...
000 (249134.000.000) 2024-04-06 01:27:37 Job submitted from host: <128.104.100.148:9618?addrs=128.104.100.148-9618+[2607-f388-107c-501-216-3eff-feb2-bc11]-9618&alias=learn.chtc.wisc.edu&noUDP&sock=schedd_1351356_64bc>
...
040 (249134.000.000) 2024-04-06 01:27:39 Started transferring input files
	Transferring to host: <128.105.69.214:9618?addrs=128.105.69.214-9618+[2607-f388-2200-100-eaeb-d3ff-fe3f-fbf4]-9618&alias=e2597.chtc.wisc.edu&noUDP&sock=slot1_81_3946167_636f_10940>
...
040 (249134.000.000) 2024-04-06 01:27:39 Finished transferring input files
...
001 (249134.000.000) 2024-04-06 01:27:40 Job executing on host: <128.105.69.214:9618?addrs=128.105.69.214-9618+[2607-f388-2200-100-eaeb-d3ff-fe3f-fbf4]-9618&alias=e2597.chtc.wisc.edu&noUDP&sock=startd_22627_d185>
	SlotName: slot1_81@e2597.chtc.wisc.edu
	CondorScratchDir = "/var/lib/condor/execute/slot1/dir_806778"
	Cpus = 1
	Disk = 2507580
	GPUs = 0
	IoHeavy = 0
	Memory = 1024
...
006 (249134.000.000) 2024-04-06 01:27:40 Image size of job updated: 2716
	1  -  MemoryUsage of job (MB)
	648  -  ResidentSetSize of job (KB)
...
040 (249134.000.000) 2024-04-06 01:27:40 Started transferring output files
...
040 (249134.000.000) 2024-04-06 01:27:40 Finished transferring output files
...
005 (249134.000.000) 2024-04-06 01:27:40 Job terminated.
	(1) Normal termination (return value 0)
		Usr 0 00:00:00, Sys 0 00:00:00  -  Run Remote Usage
		Usr 0 00:00:00, Sys 0 00:00:00  -  Run Local Usage
		Usr 0 00:00:00, Sys 0 00:00:00  -  Total Remote Usage
		Usr 0 00:00:00, Sys 0 00:00:00  -  Total Local Usage
	37  -  Run Bytes Sent By Job
	1065378  -  Run Bytes Received By Job
	37  -  Total Bytes Sent By Job
	1065378  -  Total Bytes Received By Job
	Partitionable Resources :    Usage  Request Allocated 
	   Cpus                 :                 1         1 
	   Disk (KB)            :     1057  1048576   2507580 
	   GPUs                 :                           0 
	   IoHeavy              :                           0 
	   Memory (MB)          :        1     1024      1024 
	   TimeExecute (s)      :        0                    
	   TimeSlotBusy (s)     :        2                    

	Job terminated of its own accord at 2024-04-06T06:27:40Z with exit-code 0.
...
000 (249135.000.000) 2024-04-06 01:38:04 Job submitted from host: <128.104.100.148:9618?addrs=128.104.100.148-9618+[2607-f388-107c-501-216-3eff-feb2-bc11]-9618&alias=learn.chtc.wisc.edu&noUDP&sock=schedd_1351356_64bc>
...
040 (249135.000.000) 2024-04-06 01:39:34 Started transferring input files
	Transferring to host: <128.105.69.217:9618?addrs=128.105.69.217-9618&alias=e2600.chtc.wisc.edu&noUDP&sock=slot1_12_4155774_7b5a_10227>
...
040 (249135.000.000) 2024-04-06 01:39:34 Finished transferring input files
...
001 (249135.000.000) 2024-04-06 01:39:35 Job executing on host: <128.105.69.217:9618?addrs=128.105.69.217-9618&alias=e2600.chtc.wisc.edu&noUDP&sock=startd_24232_b706>
	SlotName: slot1_12@e2600.chtc.wisc.edu
	CondorScratchDir = "/var/lib/condor/execute/slot1/dir_383963"
	Cpus = 1
	Disk = 2507580
	GPUs = 0
	IoHeavy = 0
	Memory = 1024
...
006 (249135.000.000) 2024-04-06 01:39:35 Image size of job updated: 3164
	1  -  MemoryUsage of job (MB)
	620  -  ResidentSetSize of job (KB)
...
040 (249135.000.000) 2024-04-06 01:39:35 Started transferring output files
...
040 (249135.000.000) 2024-04-06 01:39:35 Finished transferring output files
...
005 (249135.000.000) 2024-04-06 01:39:35 Job terminated.
	(1) Normal termination (return value 0)
		Usr 0 00:00:00, Sys 0 00:00:00  -  Run Remote Usage
		Usr 0 00:00:00, Sys 0 00:00:00  -  Run Local Usage
		Usr 0 00:00:00, Sys 0 00:00:00  -  Total Remote Usage
		Usr 0 00:00:00, Sys 0 00:00:00  -  Total Local Usage
	37  -  Run Bytes Sent By Job
	1065378  -  Run Bytes Received By Job
	37  -  Total Bytes Sent By Job
	1065378  -  Total Bytes Received By Job
	Partitionable Resources :    Usage  Request Allocated 
	   Cpus                 :                 1         1 
	   Disk (KB)            :     1056  1048576   2507580 
	   GPUs                 :                           0 
	   IoHeavy              :                           0 
	   Memory (MB)          :        1     1024      1024 
	   TimeExecute (s)      :        0                    
	   TimeSlotBusy (s)     :        2                    

	Job terminated of its own accord at 2024-04-06T06:39:35Z with exit-code 0.
...
