000 (249130.001.000) 2024-04-06 01:04:31 Job submitted from host: <128.104.100.148:9618?addrs=128.104.100.148-9618+[2607-f388-107c-501-216-3eff-feb2-bc11]-9618&alias=learn.chtc.wisc.edu&noUDP&sock=schedd_1351356_64bc>
...
040 (249130.001.000) 2024-04-06 01:05:34 Started transferring input files
	Transferring to host: <128.105.69.206:9618?addrs=128.105.69.206-9618+[2607-f388-2200-100-eaeb-d3ff-fe40-2844]-9618&alias=e2589.chtc.wisc.edu&noUDP&sock=slot1_106_4166187_61e2_8972>
...
040 (249130.001.000) 2024-04-06 01:05:34 Finished transferring input files
...
001 (249130.001.000) 2024-04-06 01:05:35 Job executing on host: <128.105.69.206:9618?addrs=128.105.69.206-9618+[2607-f388-2200-100-eaeb-d3ff-fe40-2844]-9618&alias=e2589.chtc.wisc.edu&noUDP&sock=startd_12548_7678>
	SlotName: slot1_106@e2589.chtc.wisc.edu
	CondorScratchDir = "/var/lib/condor/execute/slot1/dir_401734"
	Cpus = 1
	Disk = 2507580
	GPUs = 0
	IoHeavy = 0
	Memory = 1024
...
006 (249130.001.000) 2024-04-06 01:05:35 Image size of job updated: 1536
	2  -  MemoryUsage of job (MB)
	1088  -  ResidentSetSize of job (KB)
...
040 (249130.001.000) 2024-04-06 01:05:35 Started transferring output files
...
040 (249130.001.000) 2024-04-06 01:05:35 Finished transferring output files
...
005 (249130.001.000) 2024-04-06 01:05:35 Job terminated.
	(1) Normal termination (return value 0)
		Usr 0 00:00:00, Sys 0 00:00:00  -  Run Remote Usage
		Usr 0 00:00:00, Sys 0 00:00:00  -  Run Local Usage
		Usr 0 00:00:00, Sys 0 00:00:00  -  Total Remote Usage
		Usr 0 00:00:00, Sys 0 00:00:00  -  Total Local Usage
	1065251  -  Run Bytes Sent By Job
	1065310  -  Run Bytes Received By Job
	1065251  -  Total Bytes Sent By Job
	1065310  -  Total Bytes Received By Job
	Partitionable Resources :    Usage  Request Allocated 
	   Cpus                 :        0        1         1 
	   Disk (KB)            :     2106  1048576   2507580 
	   GPUs                 :                           0 
	   IoHeavy              :                           0 
	   Memory (MB)          :        2     1024      1024 
	   TimeExecute (s)      :        0                    
	   TimeSlotBusy (s)     :        3                    

	Job terminated of its own accord at 2024-04-06T06:05:35Z with exit-code 0.
...
000 (249131.001.000) 2024-04-06 01:16:18 Job submitted from host: <128.104.100.148:9618?addrs=128.104.100.148-9618+[2607-f388-107c-501-216-3eff-feb2-bc11]-9618&alias=learn.chtc.wisc.edu&noUDP&sock=schedd_1351356_64bc>
...
040 (249131.001.000) 2024-04-06 01:17:12 Started transferring input files
	Transferring to host: <128.105.69.178:9618?addrs=128.105.69.178-9618+[2607-f388-2200-100-1270-fdff-fe56-c31c]-9618&alias=e2561.chtc.wisc.edu&noUDP&sock=slot1_139_4123012_b066_10086>
...
040 (249131.001.000) 2024-04-06 01:17:12 Finished transferring input files
...
001 (249131.001.000) 2024-04-06 01:17:13 Job executing on host: <128.105.69.178:9618?addrs=128.105.69.178-9618+[2607-f388-2200-100-1270-fdff-fe56-c31c]-9618&alias=e2561.chtc.wisc.edu&noUDP&sock=startd_17335_f255>
	SlotName: slot1_139@e2561.chtc.wisc.edu
	CondorScratchDir = "/var/lib/condor/execute/slot1/dir_2023946"
	Cpus = 1
	Disk = 2256768
	GPUs = 0
	IoHeavy = 0
	Memory = 1024
...
006 (249131.001.000) 2024-04-06 01:17:13 Image size of job updated: 3292
	2  -  MemoryUsage of job (MB)
	1652  -  ResidentSetSize of job (KB)
...
040 (249131.001.000) 2024-04-06 01:17:13 Started transferring output files
...
040 (249131.001.000) 2024-04-06 01:17:13 Finished transferring output files
...
005 (249131.001.000) 2024-04-06 01:17:13 Job terminated.
	(1) Normal termination (return value 0)
		Usr 0 00:00:00, Sys 0 00:00:00  -  Run Remote Usage
		Usr 0 00:00:00, Sys 0 00:00:00  -  Run Local Usage
		Usr 0 00:00:00, Sys 0 00:00:00  -  Total Remote Usage
		Usr 0 00:00:00, Sys 0 00:00:00  -  Total Local Usage
	65567  -  Run Bytes Sent By Job
	1065400  -  Run Bytes Received By Job
	65567  -  Total Bytes Sent By Job
	1065400  -  Total Bytes Received By Job
	Partitionable Resources :    Usage  Request Allocated 
	   Cpus                 :                 1         1 
	   Disk (KB)            :     1121  1048576   2256768 
	   GPUs                 :                           0 
	   IoHeavy              :                           0 
	   Memory (MB)          :        2     1024      1024 
	   TimeExecute (s)      :        0                    
	   TimeSlotBusy (s)     :        2                    

	Job terminated of its own accord at 2024-04-06T06:17:13Z with exit-code 0.
...
000 (249132.001.000) 2024-04-06 01:20:24 Job submitted from host: <128.104.100.148:9618?addrs=128.104.100.148-9618+[2607-f388-107c-501-216-3eff-feb2-bc11]-9618&alias=learn.chtc.wisc.edu&noUDP&sock=schedd_1351356_64bc>
...
040 (249132.001.000) 2024-04-06 01:20:42 Started transferring input files
	Transferring to host: <128.105.69.178:9618?addrs=128.105.69.178-9618+[2607-f388-2200-100-1270-fdff-fe56-c31c]-9618&alias=e2561.chtc.wisc.edu&noUDP&sock=slot1_139_4123012_b066_10106>
...
040 (249132.001.000) 2024-04-06 01:20:42 Finished transferring input files
...
001 (249132.001.000) 2024-04-06 01:20:43 Job executing on host: <128.105.69.178:9618?addrs=128.105.69.178-9618+[2607-f388-2200-100-1270-fdff-fe56-c31c]-9618&alias=e2561.chtc.wisc.edu&noUDP&sock=startd_17335_f255>
	SlotName: slot1_139@e2561.chtc.wisc.edu
	CondorScratchDir = "/var/lib/condor/execute/slot1/dir_2043684"
	Cpus = 1
	Disk = 2256768
	GPUs = 0
	IoHeavy = 0
	Memory = 1024
...
006 (249132.001.000) 2024-04-06 01:20:43 Image size of job updated: 3396
	2  -  MemoryUsage of job (MB)
	1860  -  ResidentSetSize of job (KB)
...
040 (249132.001.000) 2024-04-06 01:20:43 Started transferring output files
...
040 (249132.001.000) 2024-04-06 01:20:43 Finished transferring output files
...
005 (249132.001.000) 2024-04-06 01:20:43 Job terminated.
	(1) Normal termination (return value 0)
		Usr 0 00:00:00, Sys 0 00:00:00  -  Run Remote Usage
		Usr 0 00:00:00, Sys 0 00:00:00  -  Run Local Usage
		Usr 0 00:00:00, Sys 0 00:00:00  -  Total Remote Usage
		Usr 0 00:00:00, Sys 0 00:00:00  -  Total Local Usage
	65567  -  Run Bytes Sent By Job
	1065379  -  Run Bytes Received By Job
	65567  -  Total Bytes Sent By Job
	1065379  -  Total Bytes Received By Job
	Partitionable Resources :    Usage  Request Allocated 
	   Cpus                 :        0        1         1 
	   Disk (KB)            :     1130  1048576   2256768 
	   GPUs                 :                           0 
	   IoHeavy              :                           0 
	   Memory (MB)          :        2     1024      1024 
	   TimeExecute (s)      :        0                    
	   TimeSlotBusy (s)     :        3                    

	Job terminated of its own accord at 2024-04-06T06:20:43Z with exit-code 0.
...
000 (249133.001.000) 2024-04-06 01:23:01 Job submitted from host: <128.104.100.148:9618?addrs=128.104.100.148-9618+[2607-f388-107c-501-216-3eff-feb2-bc11]-9618&alias=learn.chtc.wisc.edu&noUDP&sock=schedd_1351356_64bc>
...
040 (249133.001.000) 2024-04-06 01:24:08 Started transferring input files
	Transferring to host: <128.105.69.122:9618?addrs=128.105.69.122-9618+[2607-f388-2200-100-1270-fdff-fe56-c8bc]-9618&alias=e4071.chtc.wisc.edu&noUDP&sock=slot1_89_1820249_d67d_10417>
...
040 (249133.001.000) 2024-04-06 01:24:08 Finished transferring input files
...
001 (249133.001.000) 2024-04-06 01:24:09 Job executing on host: <128.105.69.122:9618?addrs=128.105.69.122-9618+[2607-f388-2200-100-1270-fdff-fe56-c8bc]-9618&alias=e4071.chtc.wisc.edu&noUDP&sock=startd_747965_5afc>
	SlotName: slot1_89@e4071.chtc.wisc.edu
	CondorScratchDir = "/var/lib/condor/execute/slot1/dir_1304045"
	Cpus = 1
	Disk = 2256768
	GPUs = 0
	IoHeavy = 0
	Memory = 1024
...
006 (249133.001.000) 2024-04-06 01:24:09 Image size of job updated: 3388
	2  -  MemoryUsage of job (MB)
	1084  -  ResidentSetSize of job (KB)
...
040 (249133.001.000) 2024-04-06 01:24:09 Started transferring output files
...
040 (249133.001.000) 2024-04-06 01:24:09 Finished transferring output files
...
005 (249133.001.000) 2024-04-06 01:24:10 Job terminated.
	(1) Normal termination (return value 0)
		Usr 0 00:00:00, Sys 0 00:00:00  -  Run Remote Usage
		Usr 0 00:00:00, Sys 0 00:00:00  -  Run Local Usage
		Usr 0 00:00:00, Sys 0 00:00:00  -  Total Remote Usage
		Usr 0 00:00:00, Sys 0 00:00:00  -  Total Local Usage
	65567  -  Run Bytes Sent By Job
	1065379  -  Run Bytes Received By Job
	65567  -  Total Bytes Sent By Job
	1065379  -  Total Bytes Received By Job
	Partitionable Resources :    Usage  Request Allocated 
	   Cpus                 :        0        1         1 
	   Disk (KB)            :     1130  1048576   2256768 
	   GPUs                 :                           0 
	   IoHeavy              :                           0 
	   Memory (MB)          :        2     1024      1024 
	   TimeExecute (s)      :        0                    
	   TimeSlotBusy (s)     :        1                    

	Job terminated of its own accord at 2024-04-06T06:24:09Z with exit-code 0.
...
000 (249134.001.000) 2024-04-06 01:27:37 Job submitted from host: <128.104.100.148:9618?addrs=128.104.100.148-9618+[2607-f388-107c-501-216-3eff-feb2-bc11]-9618&alias=learn.chtc.wisc.edu&noUDP&sock=schedd_1351356_64bc>
...
040 (249134.001.000) 2024-04-06 01:27:39 Started transferring input files
	Transferring to host: <128.105.69.221:9618?addrs=128.105.69.221-9618+[2607-f388-2200-100-eaeb-d3ff-fe40-2304]-9618&alias=e2604.chtc.wisc.edu&noUDP&sock=slot1_95_2499367_e79d_9835>
...
040 (249134.001.000) 2024-04-06 01:27:39 Finished transferring input files
...
001 (249134.001.000) 2024-04-06 01:27:40 Job executing on host: <128.105.69.221:9618?addrs=128.105.69.221-9618+[2607-f388-2200-100-eaeb-d3ff-fe40-2304]-9618&alias=e2604.chtc.wisc.edu&noUDP&sock=startd_16122_edf4>
	SlotName: slot1_95@e2604.chtc.wisc.edu
	CondorScratchDir = "/var/lib/condor/execute/slot1/dir_3554301"
	Cpus = 1
	Disk = 2507580
	GPUs = 0
	IoHeavy = 0
	Memory = 1024
...
006 (249134.001.000) 2024-04-06 01:27:40 Image size of job updated: 2868
	1  -  MemoryUsage of job (MB)
	772  -  ResidentSetSize of job (KB)
...
040 (249134.001.000) 2024-04-06 01:27:40 Started transferring output files
...
040 (249134.001.000) 2024-04-06 01:27:40 Finished transferring output files
...
005 (249134.001.000) 2024-04-06 01:27:40 Job terminated.
	(1) Normal termination (return value 0)
		Usr 0 00:00:00, Sys 0 00:00:00  -  Run Remote Usage
		Usr 0 00:00:00, Sys 0 00:00:00  -  Run Local Usage
		Usr 0 00:00:00, Sys 0 00:00:00  -  Total Remote Usage
		Usr 0 00:00:00, Sys 0 00:00:00  -  Total Local Usage
	65567  -  Run Bytes Sent By Job
	1065378  -  Run Bytes Received By Job
	65567  -  Total Bytes Sent By Job
	1065378  -  Total Bytes Received By Job
	Partitionable Resources :    Usage  Request Allocated 
	   Cpus                 :                 1         1 
	   Disk (KB)            :     1121  1048576   2507580 
	   GPUs                 :                           0 
	   IoHeavy              :                           0 
	   Memory (MB)          :        1     1024      1024 
	   TimeExecute (s)      :        0                    
	   TimeSlotBusy (s)     :        2                    

	Job terminated of its own accord at 2024-04-06T06:27:40Z with exit-code 0.
...
000 (249135.001.000) 2024-04-06 01:38:04 Job submitted from host: <128.104.100.148:9618?addrs=128.104.100.148-9618+[2607-f388-107c-501-216-3eff-feb2-bc11]-9618&alias=learn.chtc.wisc.edu&noUDP&sock=schedd_1351356_64bc>
...
040 (249135.001.000) 2024-04-06 01:39:33 Started transferring input files
	Transferring to host: <128.105.69.214:9618?addrs=128.105.69.214-9618+[2607-f388-2200-100-eaeb-d3ff-fe3f-fbf4]-9618&alias=e2597.chtc.wisc.edu&noUDP&sock=slot1_81_3946167_636f_11093>
...
040 (249135.001.000) 2024-04-06 01:39:33 Finished transferring input files
...
001 (249135.001.000) 2024-04-06 01:39:34 Job executing on host: <128.105.69.214:9618?addrs=128.105.69.214-9618+[2607-f388-2200-100-eaeb-d3ff-fe3f-fbf4]-9618&alias=e2597.chtc.wisc.edu&noUDP&sock=startd_22627_d185>
	SlotName: slot1_81@e2597.chtc.wisc.edu
	CondorScratchDir = "/var/lib/condor/execute/slot1/dir_925171"
	Cpus = 1
	Disk = 2507580
	GPUs = 0
	IoHeavy = 0
	Memory = 1024
...
006 (249135.001.000) 2024-04-06 01:39:34 Image size of job updated: 2772
	1  -  MemoryUsage of job (MB)
	228  -  ResidentSetSize of job (KB)
...
040 (249135.001.000) 2024-04-06 01:39:34 Started transferring output files
...
040 (249135.001.000) 2024-04-06 01:39:34 Finished transferring output files
...
005 (249135.001.000) 2024-04-06 01:39:34 Job terminated.
	(1) Normal termination (return value 0)
		Usr 0 00:00:00, Sys 0 00:00:00  -  Run Remote Usage
		Usr 0 00:00:00, Sys 0 00:00:00  -  Run Local Usage
		Usr 0 00:00:00, Sys 0 00:00:00  -  Total Remote Usage
		Usr 0 00:00:00, Sys 0 00:00:00  -  Total Local Usage
	65567  -  Run Bytes Sent By Job
	1065378  -  Run Bytes Received By Job
	65567  -  Total Bytes Sent By Job
	1065378  -  Total Bytes Received By Job
	Partitionable Resources :    Usage  Request Allocated 
	   Cpus                 :                 1         1 
	   Disk (KB)            :     1121  1048576   2507580 
	   GPUs                 :                           0 
	   IoHeavy              :                           0 
	   Memory (MB)          :        1     1024      1024 
	   TimeExecute (s)      :        0                    
	   TimeSlotBusy (s)     :        1                    

	Job terminated of its own accord at 2024-04-06T06:39:34Z with exit-code 0.
...
