000 (249130.003.000) 2024-04-06 01:04:31 Job submitted from host: <128.104.100.148:9618?addrs=128.104.100.148-9618+[2607-f388-107c-501-216-3eff-feb2-bc11]-9618&alias=learn.chtc.wisc.edu&noUDP&sock=schedd_1351356_64bc>
...
040 (249130.003.000) 2024-04-06 01:05:34 Started transferring input files
	Transferring to host: <128.105.69.159:9618?addrs=128.105.69.159-9618+[2607-f388-2200-100-1270-fdff-fe56-c33c]-9618&alias=e4092.chtc.wisc.edu&noUDP&sock=slot1_98_3522905_04f3_7315>
...
040 (249130.003.000) 2024-04-06 01:05:34 Finished transferring input files
...
001 (249130.003.000) 2024-04-06 01:05:35 Job executing on host: <128.105.69.159:9618?addrs=128.105.69.159-9618+[2607-f388-2200-100-1270-fdff-fe56-c33c]-9618&alias=e4092.chtc.wisc.edu&noUDP&sock=startd_516136_f1b2>
	SlotName: slot1_98@e4092.chtc.wisc.edu
	CondorScratchDir = "/var/lib/condor/execute/slot1/dir_763641"
	Cpus = 1
	Disk = 2256768
	GPUs = 0
	Memory = 1024
...
006 (249130.003.000) 2024-04-06 01:05:35 Image size of job updated: 1
	0  -  MemoryUsage of job (MB)
	0  -  ResidentSetSize of job (KB)
...
040 (249130.003.000) 2024-04-06 01:05:35 Started transferring output files
...
040 (249130.003.000) 2024-04-06 01:05:35 Finished transferring output files
...
005 (249130.003.000) 2024-04-06 01:05:35 Job terminated.
	(1) Normal termination (return value 0)
		Usr 0 00:00:00, Sys 0 00:00:00  -  Run Remote Usage
		Usr 0 00:00:00, Sys 0 00:00:00  -  Run Local Usage
		Usr 0 00:00:00, Sys 0 00:00:00  -  Total Remote Usage
		Usr 0 00:00:00, Sys 0 00:00:00  -  Total Local Usage
	1065251  -  Run Bytes Sent By Job
	1065310  -  Run Bytes Received By Job
	1065251  -  Total Bytes Sent By Job
	1065310  -  Total Bytes Received By Job
	Partitionable Resources :    Usage  Request Allocated 
	   Cpus                 :                 1         1 
	   Disk (KB)            :     2097  1048576   2256768 
	   GPUs                 :                           0 
	   Memory (MB)          :        0     1024      1024 
	   TimeExecute (s)      :        0                    
	   TimeSlotBusy (s)     :        3                    

	Job terminated of its own accord at 2024-04-06T06:05:35Z with exit-code 0.
...
000 (249131.003.000) 2024-04-06 01:16:18 Job submitted from host: <128.104.100.148:9618?addrs=128.104.100.148-9618+[2607-f388-107c-501-216-3eff-feb2-bc11]-9618&alias=learn.chtc.wisc.edu&noUDP&sock=schedd_1351356_64bc>
...
040 (249131.003.000) 2024-04-06 01:17:12 Started transferring input files
	Transferring to host: <128.105.69.216:9618?addrs=128.105.69.216-9618&alias=e2599.chtc.wisc.edu&noUDP&sock=slot1_37_846603_2694_3065>
...
040 (249131.003.000) 2024-04-06 01:17:12 Finished transferring input files
...
001 (249131.003.000) 2024-04-06 01:17:13 Job executing on host: <128.105.69.216:9618?addrs=128.105.69.216-9618&alias=e2599.chtc.wisc.edu&noUDP&sock=startd_18009_412a>
	SlotName: slot1_37@e2599.chtc.wisc.edu
	CondorScratchDir = "/var/lib/condor/execute/slot1/dir_2515627"
	Cpus = 1
	Disk = 1298250
	GPUs = 0
	IoHeavy = 0
	Memory = 1024
...
006 (249131.003.000) 2024-04-06 01:17:13 Image size of job updated: 3404
	2  -  MemoryUsage of job (MB)
	1292  -  ResidentSetSize of job (KB)
...
040 (249131.003.000) 2024-04-06 01:17:13 Started transferring output files
...
040 (249131.003.000) 2024-04-06 01:17:13 Finished transferring output files
...
005 (249131.003.000) 2024-04-06 01:17:13 Job terminated.
	(1) Normal termination (return value 0)
		Usr 0 00:00:00, Sys 0 00:00:00  -  Run Remote Usage
		Usr 0 00:00:00, Sys 0 00:00:00  -  Run Local Usage
		Usr 0 00:00:00, Sys 0 00:00:00  -  Total Remote Usage
		Usr 0 00:00:00, Sys 0 00:00:00  -  Total Local Usage
	86053  -  Run Bytes Sent By Job
	1065400  -  Run Bytes Received By Job
	86053  -  Total Bytes Sent By Job
	1065400  -  Total Bytes Received By Job
	Partitionable Resources :    Usage  Request Allocated 
	   Cpus                 :        0        1         1 
	   Disk (KB)            :     1149  1048576   1298250 
	   GPUs                 :                           0 
	   IoHeavy              :                           0 
	   Memory (MB)          :        2     1024      1024 
	   TimeExecute (s)      :        0                    
	   TimeSlotBusy (s)     :        1                    

	Job terminated of its own accord at 2024-04-06T06:17:13Z with exit-code 0.
...
000 (249132.003.000) 2024-04-06 01:20:24 Job submitted from host: <128.104.100.148:9618?addrs=128.104.100.148-9618+[2607-f388-107c-501-216-3eff-feb2-bc11]-9618&alias=learn.chtc.wisc.edu&noUDP&sock=schedd_1351356_64bc>
...
040 (249132.003.000) 2024-04-06 01:20:42 Started transferring input files
	Transferring to host: <128.105.69.216:9618?addrs=128.105.69.216-9618&alias=e2599.chtc.wisc.edu&noUDP&sock=slot1_37_846603_2694_3083>
...
040 (249132.003.000) 2024-04-06 01:20:42 Finished transferring input files
...
001 (249132.003.000) 2024-04-06 01:20:43 Job executing on host: <128.105.69.216:9618?addrs=128.105.69.216-9618&alias=e2599.chtc.wisc.edu&noUDP&sock=startd_18009_412a>
	SlotName: slot1_37@e2599.chtc.wisc.edu
	CondorScratchDir = "/var/lib/condor/execute/slot1/dir_2517313"
	Cpus = 1
	Disk = 1298250
	GPUs = 0
	IoHeavy = 0
	Memory = 1024
...
006 (249132.003.000) 2024-04-06 01:20:43 Image size of job updated: 2912
	2  -  MemoryUsage of job (MB)
	1484  -  ResidentSetSize of job (KB)
...
040 (249132.003.000) 2024-04-06 01:20:43 Started transferring output files
...
040 (249132.003.000) 2024-04-06 01:20:43 Finished transferring output files
...
005 (249132.003.000) 2024-04-06 01:20:43 Job terminated.
	(1) Normal termination (return value 0)
		Usr 0 00:00:00, Sys 0 00:00:00  -  Run Remote Usage
		Usr 0 00:00:00, Sys 0 00:00:00  -  Run Local Usage
		Usr 0 00:00:00, Sys 0 00:00:00  -  Total Remote Usage
		Usr 0 00:00:00, Sys 0 00:00:00  -  Total Local Usage
	94239  -  Run Bytes Sent By Job
	1065379  -  Run Bytes Received By Job
	94239  -  Total Bytes Sent By Job
	1065379  -  Total Bytes Received By Job
	Partitionable Resources :    Usage  Request Allocated 
	   Cpus                 :                 1         1 
	   Disk (KB)            :     1148  1048576   1298250 
	   GPUs                 :                           0 
	   IoHeavy              :                           0 
	   Memory (MB)          :        2     1024      1024 
	   TimeExecute (s)      :        0                    
	   TimeSlotBusy (s)     :        2                    

	Job terminated of its own accord at 2024-04-06T06:20:43Z with exit-code 0.
...
000 (249133.003.000) 2024-04-06 01:23:01 Job submitted from host: <128.104.100.148:9618?addrs=128.104.100.148-9618+[2607-f388-107c-501-216-3eff-feb2-bc11]-9618&alias=learn.chtc.wisc.edu&noUDP&sock=schedd_1351356_64bc>
...
007 (249133.003.000) 2024-04-06 01:24:08 Shadow exception!
	Error from slot1_43@e4005.chtc.wisc.edu: Assertion ERROR on (lvm_setup_successful)
	0  -  Run Bytes Sent By Job
	0  -  Run Bytes Received By Job
...
007 (249133.003.000) 2024-04-06 01:24:15 Shadow exception!
	Error from slot1_43@e4005.chtc.wisc.edu: Assertion ERROR on (lvm_setup_successful)
	0  -  Run Bytes Sent By Job
	0  -  Run Bytes Received By Job
...
040 (249133.003.000) 2024-04-06 01:25:18 Started transferring input files
	Transferring to host: <128.105.69.175:9618?addrs=128.105.69.175-9618+[2607-f388-2200-100-1270-fdff-fe56-63d4]-9618&alias=e2558.chtc.wisc.edu&noUDP&sock=slot1_1_1465846_dd11_5796>
...
040 (249133.003.000) 2024-04-06 01:25:18 Finished transferring input files
...
007 (249133.003.000) 2024-04-06 01:25:18 Shadow exception!
	Error from slot1_1@e2558.chtc.wisc.edu: SHADOW at 128.104.100.148 failed to send file(s) to <128.105.69.175:41271>: |Error: reading from file /home/bjschnoor/group3/sort.sh: (errno 2) No such file or directory; STARTER failed to receive file(s) from <128.104.100.148:9618>
	0  -  Run Bytes Sent By Job
	1065251  -  Run Bytes Received By Job
...
012 (249133.003.000) 2024-04-06 01:25:18 Job was held.
	Transfer input files failure at access point learn while sending files to execution point slot1_1@e2558.chtc.wisc.edu. Details: reading from file /home/bjschnoor/group3/sort.sh: (errno 2) No such file or directory
	Code 13 Subcode 2
...
000 (249134.003.000) 2024-04-06 01:27:37 Job submitted from host: <128.104.100.148:9618?addrs=128.104.100.148-9618+[2607-f388-107c-501-216-3eff-feb2-bc11]-9618&alias=learn.chtc.wisc.edu&noUDP&sock=schedd_1351356_64bc>
...
040 (249134.003.000) 2024-04-06 01:27:39 Started transferring input files
	Transferring to host: <128.105.69.179:9618?addrs=128.105.69.179-9618+[2607-f388-2200-100-1270-fdff-fe56-778c]-9618&alias=e2562.chtc.wisc.edu&noUDP&sock=slot1_46_1158732_4489_6501>
...
040 (249134.003.000) 2024-04-06 01:27:39 Finished transferring input files
...
001 (249134.003.000) 2024-04-06 01:27:40 Job executing on host: <128.105.69.179:9618?addrs=128.105.69.179-9618+[2607-f388-2200-100-1270-fdff-fe56-778c]-9618&alias=e2562.chtc.wisc.edu&noUDP&sock=startd_12718_1192>
	SlotName: slot1_46@e2562.chtc.wisc.edu
	CondorScratchDir = "/var/lib/condor/execute/slot1/dir_2298821"
	Cpus = 1
	Disk = 2256768
	GPUs = 0
	IoHeavy = 0
	Memory = 1024
...
006 (249134.003.000) 2024-04-06 01:27:40 Image size of job updated: 3460
	2  -  MemoryUsage of job (MB)
	1328  -  ResidentSetSize of job (KB)
...
040 (249134.003.000) 2024-04-06 01:27:40 Started transferring output files
...
040 (249134.003.000) 2024-04-06 01:27:40 Finished transferring output files
...
005 (249134.003.000) 2024-04-06 01:27:40 Job terminated.
	(1) Normal termination (return value 0)
		Usr 0 00:00:00, Sys 0 00:00:00  -  Run Remote Usage
		Usr 0 00:00:00, Sys 0 00:00:00  -  Run Local Usage
		Usr 0 00:00:00, Sys 0 00:00:00  -  Total Remote Usage
		Usr 0 00:00:00, Sys 0 00:00:00  -  Total Local Usage
	90147  -  Run Bytes Sent By Job
	1065378  -  Run Bytes Received By Job
	90147  -  Total Bytes Sent By Job
	1065378  -  Total Bytes Received By Job
	Partitionable Resources :    Usage  Request Allocated 
	   Cpus                 :                 1         1 
	   Disk (KB)            :     1145  1048576   2256768 
	   GPUs                 :                           0 
	   IoHeavy              :                           0 
	   Memory (MB)          :        2     1024      1024 
	   TimeExecute (s)      :        0                    
	   TimeSlotBusy (s)     :        2                    

	Job terminated of its own accord at 2024-04-06T06:27:40Z with exit-code 0.
...
000 (249135.003.000) 2024-04-06 01:38:04 Job submitted from host: <128.104.100.148:9618?addrs=128.104.100.148-9618+[2607-f388-107c-501-216-3eff-feb2-bc11]-9618&alias=learn.chtc.wisc.edu&noUDP&sock=schedd_1351356_64bc>
...
040 (249135.003.000) 2024-04-06 01:39:33 Started transferring input files
	Transferring to host: <128.105.69.159:9618?addrs=128.105.69.159-9618+[2607-f388-2200-100-1270-fdff-fe56-c33c]-9618&alias=e4092.chtc.wisc.edu&noUDP&sock=slot1_46_3522905_04f3_7504>
...
040 (249135.003.000) 2024-04-06 01:39:34 Finished transferring input files
...
001 (249135.003.000) 2024-04-06 01:39:35 Job executing on host: <128.105.69.159:9618?addrs=128.105.69.159-9618+[2607-f388-2200-100-1270-fdff-fe56-c33c]-9618&alias=e4092.chtc.wisc.edu&noUDP&sock=startd_516136_f1b2>
	SlotName: slot1_46@e4092.chtc.wisc.edu
	CondorScratchDir = "/var/lib/condor/execute/slot1/dir_1049823"
	Cpus = 1
	Disk = 2256768
	GPUs = 0
	Memory = 1024
...
006 (249135.003.000) 2024-04-06 01:39:35 Image size of job updated: 2836
	2  -  MemoryUsage of job (MB)
	1056  -  ResidentSetSize of job (KB)
...
040 (249135.003.000) 2024-04-06 01:39:35 Started transferring output files
...
040 (249135.003.000) 2024-04-06 01:39:35 Finished transferring output files
...
005 (249135.003.000) 2024-04-06 01:39:35 Job terminated.
	(1) Normal termination (return value 0)
		Usr 0 00:00:00, Sys 0 00:00:00  -  Run Remote Usage
		Usr 0 00:00:00, Sys 0 00:00:00  -  Run Local Usage
		Usr 0 00:00:00, Sys 0 00:00:00  -  Total Remote Usage
		Usr 0 00:00:00, Sys 0 00:00:00  -  Total Local Usage
	90147  -  Run Bytes Sent By Job
	1065378  -  Run Bytes Received By Job
	90147  -  Total Bytes Sent By Job
	1065378  -  Total Bytes Received By Job
	Partitionable Resources :    Usage  Request Allocated 
	   Cpus                 :        0        1         1 
	   Disk (KB)            :     1153  1048576   2256768 
	   GPUs                 :                           0 
	   Memory (MB)          :        2     1024      1024 
	   TimeExecute (s)      :        0                    
	   TimeSlotBusy (s)     :        2                    

	Job terminated of its own accord at 2024-04-06T06:39:35Z with exit-code 0.
...
